#
# There is insufficient memory for the Java Runtime Environment to continue.
# Native memory allocation (malloc) failed to allocate 276256 bytes for Chunk::new
# Possible reasons:
#   The system is out of physical RAM or swap space
#   In 32 bit mode, the process size limit was hit
# Possible solutions:
#   Reduce memory load on the system
#   Increase physical memory or swap space
#   Check if swap backing store is full
#   Use 64 bit Java on a 64 bit OS
#   Decrease Java heap size (-Xmx/-Xms)
#   Decrease number of Java threads
#   Decrease Java thread stack sizes (-Xss)
#   Set larger code cache with -XX:ReservedCodeCacheSize=
# This output file may be truncated or incomplete.
#
#  Out of Memory Error (allocation.cpp:390), pid=7764, tid=0x0000000000001bfc
#
# JRE version: Java(TM) SE Runtime Environment (8.0_131-b11) (build 1.8.0_131-b11)
# Java VM: Java HotSpot(TM) 64-Bit Server VM (25.131-b11 mixed mode windows-amd64 compressed oops)
# Failed to write core dump. Minidumps are not enabled by default on client versions of Windows
#

---------------  T H R E A D  ---------------

Current thread (0x0000000016bc5000):  JavaThread "C2 CompilerThread1" daemon [_thread_in_native, id=7164, stack(0x00000000170a0000,0x00000000171a0000)]

Stack: [0x00000000170a0000,0x00000000171a0000]
[error occurred during error reporting (printing stack bounds), id 0xc0000005]

Native frames: (J=compiled Java code, j=interpreted, Vv=VM code, C=native code)


Current CompileTask:
C2:   1394  763   !   4       sun.misc.URLClassPath$JarLoader::getResource (85 bytes)


---------------  P R O C E S S  ---------------

Java Threads: ( => current thread )
  0x0000000017655800 JavaThread "Thread-3" daemon [_thread_in_native, id=7388, stack(0x0000000019c80000,0x0000000019d80000)]
  0x0000000017670800 JavaThread "JavaFX-Launcher" [_thread_blocked, id=5460, stack(0x0000000019d80000,0x0000000019e80000)]
  0x000000001762c000 JavaThread "JavaFX Application Thread" [_thread_in_Java, id=612, stack(0x0000000017f90000,0x0000000018090000)]
  0x0000000017622800 JavaThread "Thread-1" daemon [_thread_blocked, id=3952, stack(0x0000000017e80000,0x0000000017f80000)]
  0x00000000175b4000 JavaThread "QuantumRenderer-0" daemon [_thread_blocked, id=3328, stack(0x0000000017ca0000,0x0000000017da0000)]
  0x0000000016c59800 JavaThread "Service Thread" daemon [_thread_blocked, id=680, stack(0x00000000172a0000,0x00000000173a0000)]
  0x0000000016c1c000 JavaThread "C1 CompilerThread2" daemon [_thread_in_native, id=6504, stack(0x00000000171a0000,0x00000000172a0000)]
=>0x0000000016bc5000 JavaThread "C2 CompilerThread1" daemon [_thread_in_native, id=7164, stack(0x00000000170a0000,0x00000000171a0000)]
  0x0000000016bc2800 JavaThread "C2 CompilerThread0" daemon [_thread_in_native, id=4820, stack(0x0000000016fa0000,0x00000000170a0000)]
  0x0000000016bbd800 JavaThread "Monitor Ctrl-Break" daemon [_thread_in_native, id=6948, stack(0x0000000016ea0000,0x0000000016fa0000)]
  0x000000001543d000 JavaThread "Attach Listener" daemon [_thread_blocked, id=7332, stack(0x00000000169a0000,0x0000000016aa0000)]
  0x000000001543b800 JavaThread "Signal Dispatcher" daemon [_thread_blocked, id=4264, stack(0x00000000168a0000,0x00000000169a0000)]
  0x000000001542a800 JavaThread "Finalizer" daemon [_thread_blocked, id=3600, stack(0x0000000016690000,0x0000000016790000)]
  0x0000000015409000 JavaThread "Reference Handler" daemon [_thread_blocked, id=380, stack(0x0000000016590000,0x0000000016690000)]
  0x0000000002d73000 JavaThread "main" [_thread_blocked, id=3052, stack(0x0000000002aa0000,0x0000000002ba0000)]

Other Threads:
  0x0000000015407800 VMThread [stack: 0x0000000016490000,0x0000000016590000] [id=8184]
  0x0000000016c82800 WatcherThread [stack: 0x00000000173a0000,0x00000000174a0000] [id=4592]

VM state:not at safepoint (normal execution)

VM Mutex/Monitor currently owned by a thread: None

Heap:
 PSYoungGen      total 18944K, used 12372K [0x00000000eb400000, 0x00000000ec900000, 0x0000000100000000)
  eden space 16384K, 63% used [0x00000000eb400000,0x00000000ebe212f8,0x00000000ec400000)
  from space 2560K, 78% used [0x00000000ec400000,0x00000000ec5f3d08,0x00000000ec680000)
  to   space 2560K, 0% used [0x00000000ec680000,0x00000000ec680000,0x00000000ec900000)
 ParOldGen       total 44032K, used 16K [0x00000000c1c00000, 0x00000000c4700000, 0x00000000eb400000)
  object space 44032K, 0% used [0x00000000c1c00000,0x00000000c1c04000,0x00000000c4700000)
 Metaspace       used 11909K, capacity 12404K, committed 12544K, reserved 1062912K
  class space    used 1584K, capacity 1749K, committed 1792K, reserved 1048576K

Card table byte_map: [0x0000000012230000,0x0000000012430000] byte_map_base: 0x0000000011c22000

Marking Bits: (ParMarkBitMap*) 0x000000006871c720
 Begin Bits: [0x0000000012980000, 0x0000000013910000)
 End Bits:   [0x0000000013910000, 0x00000000148a0000)

Polling page: 0x00000000014d0000

CodeCache: size=245760Kb used=2997Kb max_used=3004Kb free=242762Kb
 bounds [0x0000000002e70000, 0x0000000003170000, 0x0000000011e70000]
 total_blobs=1238 nmethods=775 adapters=376
 compilation: enabled

Compilation events (10 events):
Event: 1.390 Thread 0x0000000016c1c000 nmethod 772 0x0000000003159690 code [0x00000000031597e0, 0x00000000031598d0]
Event: 1.390 Thread 0x0000000016c1c000  773       3       java.util.jar.JarEntry::<init> (6 bytes)
Event: 1.390 Thread 0x0000000016c1c000 nmethod 773 0x0000000003159310 code [0x0000000003159480, 0x0000000003159608]
Event: 1.391 Thread 0x0000000016c1c000  774       3       java.util.jar.JarFile$JarFileEntry::<init> (11 bytes)
Event: 1.391 Thread 0x0000000016c1c000 nmethod 774 0x0000000003158ed0 code [0x0000000003159040, 0x0000000003159248]
Event: 1.391 Thread 0x0000000016c1c000  775       3       java.nio.charset.CharsetDecoder::reset (11 bytes)
Event: 1.391 Thread 0x0000000016c1c000 nmethod 775 0x0000000003158a90 code [0x0000000003158be0, 0x0000000003158e10]
Event: 1.391 Thread 0x0000000016c1c000  776       1       java.lang.ThreadLocal::access$400 (5 bytes)
Event: 1.391 Thread 0x0000000016c1c000 nmethod 776 0x00000000031587d0 code [0x0000000003158920, 0x0000000003158a10]
Event: 1.391 Thread 0x0000000016c1c000  777   !   3       sun.net.www.ParseUtil::decode (316 bytes)

GC Heap History (2 events):
Event: 1.089 GC heap before
{Heap before GC invocations=1 (full 0):
 PSYoungGen      total 18944K, used 16384K [0x00000000eb400000, 0x00000000ec900000, 0x0000000100000000)
  eden space 16384K, 100% used [0x00000000eb400000,0x00000000ec400000,0x00000000ec400000)
  from space 2560K, 0% used [0x00000000ec680000,0x00000000ec680000,0x00000000ec900000)
  to   space 2560K, 0% used [0x00000000ec400000,0x00000000ec400000,0x00000000ec680000)
 ParOldGen       total 44032K, used 0K [0x00000000c1c00000, 0x00000000c4700000, 0x00000000eb400000)
  object space 44032K, 0% used [0x00000000c1c00000,0x00000000c1c00000,0x00000000c4700000)
 Metaspace       used 8728K, capacity 9112K, committed 9216K, reserved 1056768K
  class space    used 1070K, capacity 1198K, committed 1280K, reserved 1048576K
Event: 1.092 GC heap after
Heap after GC invocations=1 (full 0):
 PSYoungGen      total 18944K, used 1999K [0x00000000eb400000, 0x00000000ec900000, 0x0000000100000000)
  eden space 16384K, 0% used [0x00000000eb400000,0x00000000eb400000,0x00000000ec400000)
  from space 2560K, 78% used [0x00000000ec400000,0x00000000ec5f3d08,0x00000000ec680000)
  to   space 2560K, 0% used [0x00000000ec680000,0x00000000ec680000,0x00000000ec900000)
 ParOldGen       total 44032K, used 16K [0x00000000c1c00000, 0x00000000c4700000, 0x00000000eb400000)
  object space 44032K, 0% used [0x00000000c1c00000,0x00000000c1c04000,0x00000000c4700000)
 Metaspace       used 8728K, capacity 9112K, committed 9216K, reserved 1056768K
  class space    used 1070K, capacity 1198K, committed 1280K, reserved 1048576K
}

Deoptimization events (6 events):
Event: 0.642 Thread 0x0000000002d73000 Uncommon trap: reason=null_check action=make_not_entrant pc=0x0000000002f8d7f0 method=java.lang.String.equals(Ljava/lang/Object;)Z @ 8
Event: 0.950 Thread 0x000000001762c000 Uncommon trap: reason=unstable_if action=reinterpret pc=0x000000000301a2d0 method=java.lang.String.replace(CC)Ljava/lang/String; @ 26
Event: 1.113 Thread 0x000000001762c000 Uncommon trap: reason=unstable_if action=reinterpret pc=0x000000000304f3c4 method=java.lang.String.indexOf([CII[CIII)I @ 134
Event: 1.150 Thread 0x000000001762c000 Uncommon trap: reason=unstable_if action=reinterpret pc=0x00000000030de22c method=java.io.BufferedInputStream.read()I @ 8
Event: 1.174 Thread 0x000000001762c000 Uncommon trap: reason=unstable_if action=reinterpret pc=0x00000000030ef184 method=java.util.HashMap.getNode(ILjava/lang/Object;)Ljava/util/HashMap$Node; @ 84
Event: 1.337 Thread 0x000000001762c000 Uncommon trap: reason=unstable_if action=reinterpret pc=0x000000000310fadc method=java.util.HashMap.hash(Ljava/lang/Object;)I @ 1

Internal exceptions (10 events):
Event: 0.607 Thread 0x0000000002d73000 Exception <a 'java/security/PrivilegedActionException'> (0x00000000eb8aed10) thrown at [C:\re\workspace\8-2-build-windows-amd64-cygwin\jdk8u131\8869\hotspot\src\share\vm\prims\jvm.cpp, line 1390]
Event: 0.607 Thread 0x0000000002d73000 Exception <a 'java/security/PrivilegedActionException'> (0x00000000eb8aef20) thrown at [C:\re\workspace\8-2-build-windows-amd64-cygwin\jdk8u131\8869\hotspot\src\share\vm\prims\jvm.cpp, line 1390]
Event: 0.608 Thread 0x0000000002d73000 Exception <a 'java/lang/NullPointerException'> (0x00000000eb8af928) thrown at [C:\re\workspace\8-2-build-windows-amd64-cygwin\jdk8u131\8869\hotspot\src\share\vm\interpreter\linkResolver.cpp, line 1197]
Event: 0.642 Thread 0x0000000002d73000 Implicit null exception at 0x0000000002f8d615 to 0x0000000002f8d7e1
Event: 1.085 Thread 0x000000001762c000 Exception <a 'java/lang/NullPointerException'> (0x00000000ec3e2788) thrown at [C:\re\workspace\8-2-build-windows-amd64-cygwin\jdk8u131\8869\hotspot\src\share\vm\interpreter\linkResolver.cpp, line 1197]
Event: 1.085 Thread 0x000000001762c000 Exception <a 'java/lang/NullPointerException'> (0x00000000ec3e2788) thrown at [C:\re\workspace\8-2-build-windows-amd64-cygwin\jdk8u131\8869\hotspot\src\share\vm\prims\jvm.cpp, line 1394]
Event: 1.265 Thread 0x000000001762c000 Exception <a 'java/lang/ArrayIndexOutOfBoundsException'> (0x00000000eb9be120) thrown at [C:\re\workspace\8-2-build-windows-amd64-cygwin\jdk8u131\8869\hotspot\src\share\vm\runtime\sharedRuntime.cpp, line 605]
Event: 1.265 Thread 0x000000001762c000 Exception <a 'java/lang/ArrayIndexOutOfBoundsException'> (0x00000000eb9c06c0) thrown at [C:\re\workspace\8-2-build-windows-amd64-cygwin\jdk8u131\8869\hotspot\src\share\vm\runtime\sharedRuntime.cpp, line 605]
Event: 1.266 Thread 0x000000001762c000 Exception <a 'java/lang/ArrayIndexOutOfBoundsException'> (0x00000000eb9c2568) thrown at [C:\re\workspace\8-2-build-windows-amd64-cygwin\jdk8u131\8869\hotspot\src\share\vm\runtime\sharedRuntime.cpp, line 605]
Event: 1.337 Thread 0x000000001762c000 Implicit null exception at 0x000000000310f8f5 to 0x000000000310facd

Events (10 events):
Event: 1.389 loading class java/util/zip/ZipFile$ZipEntryIterator
Event: 1.389 loading class java/util/zip/ZipFile$ZipEntryIterator done
Event: 1.391 loading class java/util/ResourceBundle$Control$1
Event: 1.391 loading class java/util/ResourceBundle$Control$1 done
Event: 1.391 loading class java/util/PropertyResourceBundle
Event: 1.391 loading class java/util/PropertyResourceBundle done
Event: 1.391 loading class java/util/ResourceBundle$BundleReference
Event: 1.391 loading class java/util/ResourceBundle$BundleReference done
Event: 1.392 loading class com/sun/javafx/tk/quantum/QuantumMessagesBundle_es
Event: 1.392 loading class com/sun/javafx/tk/quantum/QuantumMessagesBundle_es done


Dynamic libraries:
0x00007ff7b6c50000 - 0x00007ff7b6c87000 	C:\Program Files\Java\jdk1.8.0_131\bin\java.exe
0x00007ffd9fa50000 - 0x00007ffd9fc21000 	C:\Windows\SYSTEM32\ntdll.dll
0x00007ffd9d140000 - 0x00007ffd9d1ec000 	C:\Windows\System32\KERNEL32.DLL
0x00007ffd9cdc0000 - 0x00007ffd9cfdd000 	C:\Windows\System32\KERNELBASE.dll
0x00007ffd9d830000 - 0x00007ffd9d8d2000 	C:\Windows\System32\ADVAPI32.dll
0x00007ffd9f470000 - 0x00007ffd9f50e000 	C:\Windows\System32\msvcrt.dll
0x00007ffd9f7b0000 - 0x00007ffd9f809000 	C:\Windows\System32\sechost.dll
0x00007ffd9f580000 - 0x00007ffd9f6a1000 	C:\Windows\System32\RPCRT4.dll
0x00007ffd9d6c0000 - 0x00007ffd9d825000 	C:\Windows\System32\USER32.dll
0x00007ffd9c6e0000 - 0x00007ffd9c6fe000 	C:\Windows\System32\win32u.dll
0x00007ffd9f430000 - 0x00007ffd9f464000 	C:\Windows\System32\GDI32.dll
0x00007ffd9c8a0000 - 0x00007ffd9ca20000 	C:\Windows\System32\gdi32full.dll
0x00007ffd927f0000 - 0x00007ffd92a6a000 	C:\Windows\WinSxS\amd64_microsoft.windows.common-controls_6595b64144ccf1df_6.0.14393.953_none_42151e83c686086b\COMCTL32.dll
0x00007ffd9d270000 - 0x00007ffd9d538000 	C:\Windows\System32\combase.dll
0x00007ffd9c700000 - 0x00007ffd9c7f5000 	C:\Windows\System32\ucrtbase.dll
0x00007ffd9cca0000 - 0x00007ffd9cd0a000 	C:\Windows\System32\bcryptPrimitives.dll
0x00007ffd9f720000 - 0x00007ffd9f74e000 	C:\Windows\System32\IMM32.DLL
0x00000000687a0000 - 0x0000000068872000 	C:\Program Files\Java\jdk1.8.0_131\jre\bin\msvcr100.dll
0x0000000067f00000 - 0x000000006879c000 	C:\Program Files\Java\jdk1.8.0_131\jre\bin\server\jvm.dll
0x00007ffd9d6b0000 - 0x00007ffd9d6b8000 	C:\Windows\System32\PSAPI.DLL
0x00007ffd8bdd0000 - 0x00007ffd8bdd9000 	C:\Windows\SYSTEM32\WSOCK32.dll
0x00007ffd99c00000 - 0x00007ffd99c23000 	C:\Windows\SYSTEM32\WINMM.dll
0x00007ffd8cae0000 - 0x00007ffd8caea000 	C:\Windows\SYSTEM32\VERSION.dll
0x00007ffd9f510000 - 0x00007ffd9f57a000 	C:\Windows\System32\WS2_32.dll
0x00007ffd99ba0000 - 0x00007ffd99bcb000 	C:\Windows\SYSTEM32\WINMMBASE.dll
0x00007ffd9cd70000 - 0x00007ffd9cdb2000 	C:\Windows\System32\cfgmgr32.dll
0x0000000067ef0000 - 0x0000000067eff000 	C:\Program Files\Java\jdk1.8.0_131\jre\bin\verify.dll
0x0000000067ec0000 - 0x0000000067ee9000 	C:\Program Files\Java\jdk1.8.0_131\jre\bin\java.dll
0x0000000067e70000 - 0x0000000067e93000 	C:\Program Files\Java\jdk1.8.0_131\jre\bin\instrument.dll
0x0000000067ea0000 - 0x0000000067eb6000 	C:\Program Files\Java\jdk1.8.0_131\jre\bin\zip.dll
0x00007ffd9da30000 - 0x00007ffd9ef38000 	C:\Windows\System32\SHELL32.dll
0x00007ffd9bf50000 - 0x00007ffd9c62a000 	C:\Windows\System32\windows.storage.dll
0x00007ffd9bee0000 - 0x00007ffd9bf2c000 	C:\Windows\System32\powrprof.dll
0x00007ffd9d550000 - 0x00007ffd9d5a2000 	C:\Windows\System32\shlwapi.dll
0x00007ffd9bed0000 - 0x00007ffd9bedf000 	C:\Windows\System32\kernel.appcore.dll
0x00007ffd9c630000 - 0x00007ffd9c6d9000 	C:\Windows\System32\shcore.dll
0x00007ffd9bf30000 - 0x00007ffd9bf44000 	C:\Windows\System32\profapi.dll
0x00007ffd92460000 - 0x00007ffd9247a000 	C:\Program Files\JetBrains\IntelliJ IDEA Community Edition 2017.1.4\bin\breakgen64.dll
0x0000000067e50000 - 0x0000000067e6a000 	C:\Program Files\Java\jdk1.8.0_131\jre\bin\net.dll
0x00007ffd9b7f0000 - 0x00007ffd9b84c000 	C:\Windows\system32\mswsock.dll
0x00007ffd7b4c0000 - 0x00007ffd7b5af000 	C:\Program Files\Java\jdk1.8.0_131\jre\bin\msvcr120.dll
0x00007ffd7ab70000 - 0x00007ffd7ac16000 	C:\Program Files\Java\jdk1.8.0_131\jre\bin\msvcp120.dll
0x0000000067e00000 - 0x0000000067e22000 	C:\Program Files\Java\jdk1.8.0_131\jre\bin\prism_d3d.dll
0x00007ffd7a6b0000 - 0x00007ffd7a83d000 	C:\Windows\system32\d3d9.dll
0x00007ffd99ea0000 - 0x00007ffd99ec6000 	C:\Windows\SYSTEM32\dwmapi.dll
0x00007ffd9a540000 - 0x00007ffd9a5d5000 	C:\Windows\system32\uxtheme.dll
0x00007ffd710a0000 - 0x00007ffd71b0e000 	C:\Windows\SYSTEM32\igdumdim64.dll
0x00007ffd97550000 - 0x00007ffd979b4000 	C:\Windows\SYSTEM32\igdusc64.dll
0x0000000067db0000 - 0x0000000067df3000 	C:\Program Files\Java\jdk1.8.0_131\jre\bin\glass.dll
0x00007ffd9d5b0000 - 0x00007ffd9d6aa000 	C:\Windows\System32\COMDLG32.dll
0x00007ffd9d8f0000 - 0x00007ffd9da28000 	C:\Windows\System32\ole32.dll
0x00007ffd9f370000 - 0x00007ffd9f42f000 	C:\Windows\System32\OLEAUT32.dll
0x00007ffd9c800000 - 0x00007ffd9c89c000 	C:\Windows\System32\msvcp_win.dll
0x00007ffd9cfe0000 - 0x00007ffd9d13a000 	C:\Windows\System32\MSCTF.dll
0x0000000067e30000 - 0x0000000067e44000 	C:\Program Files\Java\jdk1.8.0_131\jre\bin\javafx_font.dll
0x00007ffd934a0000 - 0x00007ffd93709000 	C:\Windows\SYSTEM32\dwrite.dll

VM Arguments:
jvm_args: -javaagent:C:\Program Files\JetBrains\IntelliJ IDEA Community Edition 2017.1.4\lib\idea_rt.jar=57872:C:\Program Files\JetBrains\IntelliJ IDEA Community Edition 2017.1.4\bin -Dfile.encoding=UTF-8 
java_command: gui.StartApp
java_class_path (initial): C:\Program Files\Java\jdk1.8.0_131\jre\lib\charsets.jar;C:\Program Files\Java\jdk1.8.0_131\jre\lib\deploy.jar;C:\Program Files\Java\jdk1.8.0_131\jre\lib\ext\access-bridge-64.jar;C:\Program Files\Java\jdk1.8.0_131\jre\lib\ext\cldrdata.jar;C:\Program Files\Java\jdk1.8.0_131\jre\lib\ext\dnsns.jar;C:\Program Files\Java\jdk1.8.0_131\jre\lib\ext\jaccess.jar;C:\Program Files\Java\jdk1.8.0_131\jre\lib\ext\jfxrt.jar;C:\Program Files\Java\jdk1.8.0_131\jre\lib\ext\localedata.jar;C:\Program Files\Java\jdk1.8.0_131\jre\lib\ext\nashorn.jar;C:\Program Files\Java\jdk1.8.0_131\jre\lib\ext\sunec.jar;C:\Program Files\Java\jdk1.8.0_131\jre\lib\ext\sunjce_provider.jar;C:\Program Files\Java\jdk1.8.0_131\jre\lib\ext\sunmscapi.jar;C:\Program Files\Java\jdk1.8.0_131\jre\lib\ext\sunpkcs11.jar;C:\Program Files\Java\jdk1.8.0_131\jre\lib\ext\zipfs.jar;C:\Program Files\Java\jdk1.8.0_131\jre\lib\javaws.jar;C:\Program Files\Java\jdk1.8.0_131\jre\lib\jce.jar;C:\Program Files\Java\jdk1.8.0_131\jre\lib\jfr.jar;C:\Program Files\Java\jdk1.8.0_131\jre\lib\jfxswt.jar;C:\Program Files\Java\jdk1.8.0_131\jre\lib\jsse.jar;C:\Program Files\Java\jdk1.8.0_131\jre\lib\management-agent.jar;C:\Program Files\Java\jdk1.8.0_131\jre\lib\plugin.jar;C:\Program Files\Java\jdk1.8.0_131\jre\lib\resources.jar;C:\Program Files\Java\jdk1.8.0_131\jre\lib\rt.jar;C:\Users\Joshuan\Documents\IntelliJProjects\Radar\out\production\Radar;C:\Users\Joshuan\Documents\IntelliJProjects\mysql-connector-java-5.1.42-bin.jar;C:\Users\Joshuan\Documents\IntelliJProjects\hibernate_Jars\antlr-2.7.7.jar;C:\Users\Joshuan\Documents\IntelliJProjects\hibernate_Jars\dom4j-1.6.1.jar;C:\Users\Joshuan\Documents\IntelliJProjects\hibernate_Jars\c3p0-0.9.2.1.jar;C:\Users\Joshuan\Documents\IntelliJProjects\hibernate_Jars\slf4j-api-1.6.1.jar;C:\Users\Joshuan\Documents\IntelliJProjects\hibernate_Jars\ehcache-core-2.4.3.jar;C:\Users\Joshuan\Documents\IntelliJProjects\hibernate_Jars\slf4j-simple-1.6.1.jar;C:\Users\Joshuan\Documents\In
Launcher Type: SUN_STANDARD

Environment Variables:
PATH=C:\ProgramData\Oracle\Java\javapath;C:\Windows\system32;C:\Windows;C:\Windows\System32\Wbem;C:\Windows\System32\WindowsPowerShell\v1.0\;C:\Program Files\Java\jdk1.8.0_131\bin;C:\Program Files (x86)\MySQL\MySQL Fabric 1.5 & MySQL Utilities 1.5\;C:\Program Files (x86)\MySQL\MySQL Fabric 1.5 & MySQL Utilities 1.5\Doctrine extensions for PHP\;C:\Users\Joshuan\AppData\Local\Microsoft\WindowsApps;
USERNAME=Joshuan
OS=Windows_NT
PROCESSOR_IDENTIFIER=Intel64 Family 6 Model 58 Stepping 9, GenuineIntel



---------------  S Y S T E M  ---------------

OS: Windows 10.0 , 64 bit Build 14393 (10.0.14393.1198)

CPU:total 4 (initial active 4) (2 cores per cpu, 2 threads per core) family 6 model 58 stepping 9, cmov, cx8, fxsr, mmx, sse, sse2, sse3, ssse3, sse4.1, sse4.2, popcnt, avx, clmul, erms, ht, tsc, tscinvbit, tscinv

Memory: 4k page, physical 4074492k(739100k free), swap 4074492k(4188k free)

vm_info: Java HotSpot(TM) 64-Bit Server VM (25.131-b11) for windows-amd64 JRE (1.8.0_131-b11), built on Mar 15 2017 01:23:53 by "java_re" with MS VC++ 10.0 (VS2010)

time: Thu Jul 20 02:38:23 2017
elapsed time: 1 seconds (0d 0h 0m 1s)

