#
# There is insufficient memory for the Java Runtime Environment to continue.
# Native memory allocation (malloc) failed to allocate 32744 bytes for ChunkPool::allocate
# Possible reasons:
#   The system is out of physical RAM or swap space
#   In 32 bit mode, the process size limit was hit
# Possible solutions:
#   Reduce memory load on the system
#   Increase physical memory or swap space
#   Check if swap backing store is full
#   Use 64 bit Java on a 64 bit OS
#   Decrease Java heap size (-Xmx/-Xms)
#   Decrease number of Java threads
#   Decrease Java thread stack sizes (-Xss)
#   Set larger code cache with -XX:ReservedCodeCacheSize=
# This output file may be truncated or incomplete.
#
#  Out of Memory Error (allocation.cpp:273), pid=7268, tid=0x000000000000053c
#
# JRE version: Java(TM) SE Runtime Environment (8.0_131-b11) (build 1.8.0_131-b11)
# Java VM: Java HotSpot(TM) 64-Bit Server VM (25.131-b11 mixed mode windows-amd64 compressed oops)
# Failed to write core dump. Minidumps are not enabled by default on client versions of Windows
#

---------------  T H R E A D  ---------------

Current thread (0x0000000016dbb800):  JavaThread "C2 CompilerThread0" daemon [_thread_in_native, id=1340, stack(0x00000000171a0000,0x00000000172a0000)]

Stack: [0x00000000171a0000,0x00000000172a0000]
[error occurred during error reporting (printing stack bounds), id 0xc0000005]

Native frames: (J=compiled Java code, j=interpreted, Vv=VM code, C=native code)


Current CompileTask:
C2:  75017 4755   !   4       javafx.scene.CssStyleHelper::transitionToState (1075 bytes)


---------------  P R O C E S S  ---------------

Java Threads: ( => current thread )
  0x0000000017d1a000 JavaThread "Prism Font Disposer" daemon [_thread_blocked, id=5736, stack(0x000000001dc40000,0x000000001dd40000)]
  0x0000000017d18800 JavaThread "pool-2-thread-1" [_thread_blocked, id=7364, stack(0x000000001bf10000,0x000000001c010000)]
  0x0000000017d17000 JavaThread "Abandoned connection cleanup thread" daemon [_thread_blocked, id=7352, stack(0x000000001b8d0000,0x000000001b9d0000)]
  0x000000001786a000 JavaThread "Thread-3" daemon [_thread_in_native, id=4968, stack(0x0000000019f00000,0x000000001a000000)]
  0x0000000017869800 JavaThread "JavaFX-Launcher" [_thread_blocked, id=4980, stack(0x000000001a000000,0x000000001a100000)]
  0x00000000177f3000 JavaThread "JavaFX Application Thread" [_thread_in_native, id=112, stack(0x0000000018260000,0x0000000018360000)]
  0x00000000177f1800 JavaThread "Thread-1" daemon [_thread_blocked, id=3416, stack(0x0000000018160000,0x0000000018260000)]
  0x0000000017771000 JavaThread "QuantumRenderer-0" daemon [_thread_blocked, id=7460, stack(0x0000000017ea0000,0x0000000017fa0000)]
  0x0000000016e59800 JavaThread "Service Thread" daemon [_thread_blocked, id=7580, stack(0x00000000174a0000,0x00000000175a0000)]
  0x0000000016de0000 JavaThread "C1 CompilerThread2" daemon [_thread_blocked, id=4256, stack(0x00000000173a0000,0x00000000174a0000)]
  0x0000000016dcc000 JavaThread "C2 CompilerThread1" daemon [_thread_blocked, id=6220, stack(0x00000000172a0000,0x00000000173a0000)]
=>0x0000000016dbb800 JavaThread "C2 CompilerThread0" daemon [_thread_in_native, id=1340, stack(0x00000000171a0000,0x00000000172a0000)]
  0x0000000016d68800 JavaThread "Monitor Ctrl-Break" daemon [_thread_in_native, id=2792, stack(0x00000000170a0000,0x00000000171a0000)]
  0x000000001563d800 JavaThread "Attach Listener" daemon [_thread_blocked, id=2484, stack(0x0000000016ba0000,0x0000000016ca0000)]
  0x000000001563c000 JavaThread "Signal Dispatcher" daemon [_thread_blocked, id=3960, stack(0x0000000016aa0000,0x0000000016ba0000)]
  0x0000000003066800 JavaThread "Finalizer" daemon [_thread_blocked, id=3704, stack(0x0000000016890000,0x0000000016990000)]
  0x0000000015609000 JavaThread "Reference Handler" daemon [_thread_blocked, id=1628, stack(0x0000000016790000,0x0000000016890000)]
  0x0000000002f73000 JavaThread "main" [_thread_blocked, id=6568, stack(0x0000000002d60000,0x0000000002e60000)]

Other Threads:
  0x0000000015607800 VMThread [stack: 0x0000000016690000,0x0000000016790000] [id=4508]
  0x0000000016eb1800 WatcherThread [stack: 0x00000000175a0000,0x00000000176a0000] [id=2156]

VM state:not at safepoint (normal execution)

VM Mutex/Monitor currently owned by a thread: None

Heap:
 PSYoungGen      total 69632K, used 12107K [0x00000000eb400000, 0x00000000f0e00000, 0x0000000100000000)
  eden space 62464K, 7% used [0x00000000eb400000,0x00000000eb8da7e0,0x00000000ef100000)
  from space 7168K, 99% used [0x00000000ef100000,0x00000000ef7f87f8,0x00000000ef800000)
  to   space 10240K, 0% used [0x00000000f0400000,0x00000000f0400000,0x00000000f0e00000)
 ParOldGen       total 38912K, used 13884K [0x00000000c1c00000, 0x00000000c4200000, 0x00000000eb400000)
  object space 38912K, 35% used [0x00000000c1c00000,0x00000000c298f198,0x00000000c4200000)
 Metaspace       used 33201K, capacity 34332K, committed 34432K, reserved 1079296K
  class space    used 4472K, capacity 4729K, committed 4736K, reserved 1048576K

Card table byte_map: [0x0000000012430000,0x0000000012630000] byte_map_base: 0x0000000011e22000

Marking Bits: (ParMarkBitMap*) 0x000000006871c720
 Begin Bits: [0x0000000012b80000, 0x0000000013b10000)
 End Bits:   [0x0000000013b10000, 0x0000000014aa0000)

Polling page: 0x0000000001450000

CodeCache: size=245760Kb used=14735Kb max_used=15195Kb free=231024Kb
 bounds [0x0000000003070000, 0x0000000003f70000, 0x0000000012070000]
 total_blobs=5279 nmethods=4457 adapters=733
 compilation: enabled

Compilation events (10 events):
Event: 74.608 Thread 0x0000000016de0000 nmethod 4830 0x000000000364e210 code [0x000000000364e360, 0x000000000364e4d0]
Event: 74.608 Thread 0x0000000016de0000 4831       3       sun.text.bidi.BidiBase::directionFromFlags (51 bytes)
Event: 74.608 Thread 0x0000000016de0000 nmethod 4831 0x0000000003722f50 code [0x00000000037230c0, 0x0000000003723390]
Event: 74.608 Thread 0x0000000016de0000 4832       3       javafx.scene.layout.Region::resize (67 bytes)
Event: 74.610 Thread 0x0000000016de0000 nmethod 4832 0x00000000032e8790 code [0x00000000032e8a60, 0x00000000032e9df8]
Event: 74.610 Thread 0x0000000016de0000 4833       3       javafx.css.StyleableBooleanProperty::set (13 bytes)
Event: 74.610 Thread 0x0000000016de0000 nmethod 4833 0x00000000033e1690 code [0x00000000033e1800, 0x00000000033e19a8]
Event: 74.627 Thread 0x0000000016dcc000 nmethod 4820 0x00000000034ee910 code [0x00000000034eeb80, 0x00000000034f0938]
Event: 74.693 Thread 0x0000000016dcc000 4834       4       com.sun.javafx.event.EventHandlerManager::dispatchBubblingEvent (34 bytes)
Event: 74.709 Thread 0x0000000016dcc000 nmethod 4834 0x00000000032505d0 code [0x00000000032507a0, 0x0000000003250e90]

GC Heap History (10 events):
Event: 2.229 GC heap before
{Heap before GC invocations=4 (full 0):
 PSYoungGen      total 18944K, used 18934K [0x00000000eb400000, 0x00000000ed900000, 0x0000000100000000)
  eden space 16384K, 100% used [0x00000000eb400000,0x00000000ec400000,0x00000000ec400000)
  from space 2560K, 99% used [0x00000000ec400000,0x00000000ec67d868,0x00000000ec680000)
  to   space 2560K, 0% used [0x00000000ed680000,0x00000000ed680000,0x00000000ed900000)
 ParOldGen       total 44032K, used 2478K [0x00000000c1c00000, 0x00000000c4700000, 0x00000000eb400000)
  object space 44032K, 5% used [0x00000000c1c00000,0x00000000c1e6baa8,0x00000000c4700000)
 Metaspace       used 16682K, capacity 17054K, committed 17152K, reserved 1064960K
  class space    used 2182K, capacity 2304K, committed 2304K, reserved 1048576K
Event: 2.237 GC heap after
Heap after GC invocations=4 (full 0):
 PSYoungGen      total 35328K, used 2550K [0x00000000eb400000, 0x00000000ed900000, 0x0000000100000000)
  eden space 32768K, 0% used [0x00000000eb400000,0x00000000eb400000,0x00000000ed400000)
  from space 2560K, 99% used [0x00000000ed680000,0x00000000ed8fd848,0x00000000ed900000)
  to   space 2560K, 0% used [0x00000000ed400000,0x00000000ed400000,0x00000000ed680000)
 ParOldGen       total 44032K, used 4651K [0x00000000c1c00000, 0x00000000c4700000, 0x00000000eb400000)
  object space 44032K, 10% used [0x00000000c1c00000,0x00000000c208ae88,0x00000000c4700000)
 Metaspace       used 16682K, capacity 17054K, committed 17152K, reserved 1064960K
  class space    used 2182K, capacity 2304K, committed 2304K, reserved 1048576K
}
Event: 2.849 GC heap before
{Heap before GC invocations=5 (full 0):
 PSYoungGen      total 35328K, used 24064K [0x00000000eb400000, 0x00000000ed900000, 0x0000000100000000)
  eden space 32768K, 65% used [0x00000000eb400000,0x00000000ec902820,0x00000000ed400000)
  from space 2560K, 99% used [0x00000000ed680000,0x00000000ed8fd848,0x00000000ed900000)
  to   space 2560K, 0% used [0x00000000ed400000,0x00000000ed400000,0x00000000ed680000)
 ParOldGen       total 44032K, used 4651K [0x00000000c1c00000, 0x00000000c4700000, 0x00000000eb400000)
  object space 44032K, 10% used [0x00000000c1c00000,0x00000000c208ae88,0x00000000c4700000)
 Metaspace       used 20830K, capacity 21150K, committed 21248K, reserved 1067008K
  class space    used 2634K, capacity 2752K, committed 2816K, reserved 1048576K
Event: 2.856 GC heap after
Heap after GC invocations=5 (full 0):
 PSYoungGen      total 35328K, used 2550K [0x00000000eb400000, 0x00000000f0300000, 0x0000000100000000)
  eden space 32768K, 0% used [0x00000000eb400000,0x00000000eb400000,0x00000000ed400000)
  from space 2560K, 99% used [0x00000000ed400000,0x00000000ed67d878,0x00000000ed680000)
  to   space 7680K, 0% used [0x00000000efb80000,0x00000000efb80000,0x00000000f0300000)
 ParOldGen       total 44032K, used 8955K [0x00000000c1c00000, 0x00000000c4700000, 0x00000000eb400000)
  object space 44032K, 20% used [0x00000000c1c00000,0x00000000c24bef28,0x00000000c4700000)
 Metaspace       used 20830K, capacity 21150K, committed 21248K, reserved 1067008K
  class space    used 2634K, capacity 2752K, committed 2816K, reserved 1048576K
}
Event: 2.856 GC heap before
{Heap before GC invocations=6 (full 1):
 PSYoungGen      total 35328K, used 2550K [0x00000000eb400000, 0x00000000f0300000, 0x0000000100000000)
  eden space 32768K, 0% used [0x00000000eb400000,0x00000000eb400000,0x00000000ed400000)
  from space 2560K, 99% used [0x00000000ed400000,0x00000000ed67d878,0x00000000ed680000)
  to   space 7680K, 0% used [0x00000000efb80000,0x00000000efb80000,0x00000000f0300000)
 ParOldGen       total 44032K, used 8955K [0x00000000c1c00000, 0x00000000c4700000, 0x00000000eb400000)
  object space 44032K, 20% used [0x00000000c1c00000,0x00000000c24bef28,0x00000000c4700000)
 Metaspace       used 20830K, capacity 21150K, committed 21248K, reserved 1067008K
  class space    used 2634K, capacity 2752K, committed 2816K, reserved 1048576K
Event: 2.910 GC heap after
Heap after GC invocations=6 (full 1):
 PSYoungGen      total 35328K, used 0K [0x00000000eb400000, 0x00000000f0300000, 0x0000000100000000)
  eden space 32768K, 0% used [0x00000000eb400000,0x00000000eb400000,0x00000000ed400000)
  from space 2560K, 0% used [0x00000000ed400000,0x00000000ed400000,0x00000000ed680000)
  to   space 7680K, 0% used [0x00000000efb80000,0x00000000efb80000,0x00000000f0300000)
 ParOldGen       total 38912K, used 10448K [0x00000000c1c00000, 0x00000000c4200000, 0x00000000eb400000)
  object space 38912K, 26% used [0x00000000c1c00000,0x00000000c2634278,0x00000000c4200000)
 Metaspace       used 20830K, capacity 21150K, committed 21248K, reserved 1067008K
  class space    used 2634K, capacity 2752K, committed 2816K, reserved 1048576K
}
Event: 3.926 GC heap before
{Heap before GC invocations=7 (full 1):
 PSYoungGen      total 35328K, used 32746K [0x00000000eb400000, 0x00000000f0300000, 0x0000000100000000)
  eden space 32768K, 99% used [0x00000000eb400000,0x00000000ed3fa848,0x00000000ed400000)
  from space 2560K, 0% used [0x00000000ed400000,0x00000000ed400000,0x00000000ed680000)
  to   space 7680K, 0% used [0x00000000efb80000,0x00000000efb80000,0x00000000f0300000)
 ParOldGen       total 38912K, used 10448K [0x00000000c1c00000, 0x00000000c4200000, 0x00000000eb400000)
  object space 38912K, 26% used [0x00000000c1c00000,0x00000000c2634278,0x00000000c4200000)
 Metaspace       used 26848K, capacity 27518K, committed 27776K, reserved 1073152K
  class space    used 3686K, capacity 3886K, committed 3968K, reserved 1048576K
Event: 3.931 GC heap after
Heap after GC invocations=7 (full 1):
 PSYoungGen      total 53248K, used 3581K [0x00000000eb400000, 0x00000000eff00000, 0x0000000100000000)
  eden space 49664K, 0% used [0x00000000eb400000,0x00000000eb400000,0x00000000ee480000)
  from space 3584K, 99% used [0x00000000efb80000,0x00000000efeff768,0x00000000eff00000)
  to   space 7168K, 0% used [0x00000000ef100000,0x00000000ef100000,0x00000000ef800000)
 ParOldGen       total 38912K, used 10456K [0x00000000c1c00000, 0x00000000c4200000, 0x00000000eb400000)
  object space 38912K, 26% used [0x00000000c1c00000,0x00000000c2636278,0x00000000c4200000)
 Metaspace       used 26848K, capacity 27518K, committed 27776K, reserved 1073152K
  class space    used 3686K, capacity 3886K, committed 3968K, reserved 1048576K
}
Event: 73.809 GC heap before
{Heap before GC invocations=8 (full 1):
 PSYoungGen      total 53248K, used 53245K [0x00000000eb400000, 0x00000000eff00000, 0x0000000100000000)
  eden space 49664K, 100% used [0x00000000eb400000,0x00000000ee480000,0x00000000ee480000)
  from space 3584K, 99% used [0x00000000efb80000,0x00000000efeff768,0x00000000eff00000)
  to   space 7168K, 0% used [0x00000000ef100000,0x00000000ef100000,0x00000000ef800000)
 ParOldGen       total 38912K, used 10456K [0x00000000c1c00000, 0x00000000c4200000, 0x00000000eb400000)
  object space 38912K, 26% used [0x00000000c1c00000,0x00000000c2636278,0x00000000c4200000)
 Metaspace       used 33061K, capacity 34088K, committed 34176K, reserved 1079296K
  class space    used 4466K, capacity 4691K, committed 4736K, reserved 1048576K
Event: 73.820 GC heap after
Heap after GC invocations=8 (full 1):
 PSYoungGen      total 69632K, used 7137K [0x00000000eb400000, 0x00000000f0e00000, 0x0000000100000000)
  eden space 62464K, 0% used [0x00000000eb400000,0x00000000eb400000,0x00000000ef100000)
  from space 7168K, 99% used [0x00000000ef100000,0x00000000ef7f87f8,0x00000000ef800000)
  to   space 10240K, 0% used [0x00000000f0400000,0x00000000f0400000,0x00000000f0e00000)
 ParOldGen       total 38912K, used 13884K [0x00000000c1c00000, 0x00000000c4200000, 0x00000000eb400000)
  object space 38912K, 35% used [0x00000000c1c00000,0x00000000c298f198,0x00000000c4200000)
 Metaspace       used 33061K, capacity 34088K, committed 34176K, reserved 1079296K
  class space    used 4466K, capacity 4691K, committed 4736K, reserved 1048576K
}

Deoptimization events (10 events):
Event: 73.351 Thread 0x0000000017771000 Uncommon trap: reason=unstable_if action=reinterpret pc=0x0000000003cfe0a0 method=com.sun.scenario.effect.impl.ImagePool.checkOut(Lcom/sun/scenario/effect/impl/Renderer;II)Lcom/sun/scenario/effect/impl/PoolFilterable; @ 5
Event: 73.355 Thread 0x0000000017771000 Uncommon trap: reason=unstable_if action=reinterpret pc=0x0000000003946720 method=com.sun.prism.impl.BaseContext.flushMask()V @ 11
Event: 74.569 Thread 0x00000000177f3000 Uncommon trap: reason=bimorphic action=maybe_recompile pc=0x0000000003c4d1f8 method=com.sun.javafx.event.EventHandlerManager.fixEventSource(Ljavafx/event/Event;Ljava/lang/Object;)Ljavafx/event/Event; @ 1
Event: 74.570 Thread 0x00000000177f3000 Uncommon trap: reason=bimorphic action=maybe_recompile pc=0x0000000003e3ecf0 method=com.sun.javafx.scene.EnteredExitedHandler.dispatchCapturingEvent(Ljavafx/event/Event;)Ljavafx/event/Event; @ 12
Event: 74.570 Thread 0x00000000177f3000 Uncommon trap: reason=bimorphic action=maybe_recompile pc=0x0000000003d958a4 method=com.sun.javafx.event.EventHandlerManager.fixEventSource(Ljavafx/event/Event;Ljava/lang/Object;)Ljavafx/event/Event; @ 1
Event: 74.606 Thread 0x00000000177f3000 Uncommon trap: reason=bimorphic action=maybe_recompile pc=0x0000000003c4d1f8 method=com.sun.javafx.event.EventHandlerManager.fixEventSource(Ljavafx/event/Event;Ljava/lang/Object;)Ljavafx/event/Event; @ 1
Event: 74.606 Thread 0x00000000177f3000 Uncommon trap: reason=bimorphic action=maybe_recompile pc=0x0000000003e3ecf0 method=com.sun.javafx.scene.EnteredExitedHandler.dispatchCapturingEvent(Ljavafx/event/Event;)Ljavafx/event/Event; @ 12
Event: 74.606 Thread 0x00000000177f3000 Uncommon trap: reason=bimorphic action=maybe_recompile pc=0x0000000003d958a4 method=com.sun.javafx.event.EventHandlerManager.fixEventSource(Ljavafx/event/Event;Ljava/lang/Object;)Ljavafx/event/Event; @ 1
Event: 74.653 Thread 0x00000000177f3000 Uncommon trap: reason=bimorphic action=maybe_recompile pc=0x0000000003c4d1f8 method=com.sun.javafx.event.EventHandlerManager.fixEventSource(Ljavafx/event/Event;Ljava/lang/Object;)Ljavafx/event/Event; @ 1
Event: 74.733 Thread 0x00000000177f3000 Uncommon trap: reason=bimorphic action=maybe_recompile pc=0x0000000003e3ecf0 method=com.sun.javafx.scene.EnteredExitedHandler.dispatchCapturingEvent(Ljavafx/event/Event;)Ljavafx/event/Event; @ 12

Internal exceptions (10 events):
Event: 3.658 Thread 0x00000000177f3000 Exception <a 'java/io/FileNotFoundException'> (0x00000000ecd14eb8) thrown at [C:\re\workspace\8-2-build-windows-amd64-cygwin\jdk8u131\8869\hotspot\src\share\vm\prims\jni.cpp, line 709]
Event: 5.216 Thread 0x00000000177f3000 Implicit null exception at 0x0000000003592596 to 0x0000000003592786
Event: 43.863 Thread 0x00000000177f3000 Exception <a 'java/lang/ArrayIndexOutOfBoundsException'> (0x00000000ec1d8620) thrown at [C:\re\workspace\8-2-build-windows-amd64-cygwin\jdk8u131\8869\hotspot\src\share\vm\runtime\sharedRuntime.cpp, line 605]
Event: 43.865 Thread 0x00000000177f3000 Exception <a 'java/lang/ArrayIndexOutOfBoundsException'> (0x00000000ec1ef830) thrown at [C:\re\workspace\8-2-build-windows-amd64-cygwin\jdk8u131\8869\hotspot\src\share\vm\runtime\sharedRuntime.cpp, line 605]
Event: 43.866 Thread 0x00000000177f3000 Exception <a 'java/lang/ArrayIndexOutOfBoundsException'> (0x00000000ec1f1d90) thrown at [C:\re\workspace\8-2-build-windows-amd64-cygwin\jdk8u131\8869\hotspot\src\share\vm\runtime\sharedRuntime.cpp, line 605]
Event: 49.006 Thread 0x00000000177f3000 Exception <a 'java/lang/reflect/InvocationTargetException'> (0x00000000ece39b98) thrown at [C:\re\workspace\8-2-build-windows-amd64-cygwin\jdk8u131\8869\hotspot\src\share\vm\runtime\reflection.cpp, line 1092]
Event: 49.006 Thread 0x00000000177f3000 Exception <a 'java/lang/RuntimeException'> (0x00000000ece3a388) thrown at [C:\re\workspace\8-2-build-windows-amd64-cygwin\jdk8u131\8869\hotspot\src\share\vm\prims\jvm.cpp, line 1394]
Event: 54.959 Thread 0x00000000177f3000 Exception <a 'java/lang/reflect/InvocationTargetException'> (0x00000000ecf03510) thrown at [C:\re\workspace\8-2-build-windows-amd64-cygwin\jdk8u131\8869\hotspot\src\share\vm\runtime\reflection.cpp, line 1092]
Event: 54.959 Thread 0x00000000177f3000 Exception <a 'java/lang/RuntimeException'> (0x00000000ecf03d00) thrown at [C:\re\workspace\8-2-build-windows-amd64-cygwin\jdk8u131\8869\hotspot\src\share\vm\prims\jvm.cpp, line 1394]
Event: 56.343 Thread 0x00000000177f3000 Exception <a 'java/io/FileNotFoundException'> (0x00000000ed35a2b8) thrown at [C:\re\workspace\8-2-build-windows-amd64-cygwin\jdk8u131\8869\hotspot\src\share\vm\prims\jni.cpp, line 709]

Events (10 events):
Event: 74.606 Thread 0x00000000177f3000 DEOPT UNPACKING pc=0x00000000030b582a sp=0x000000001835d0e8 mode 2
Event: 74.606 Thread 0x00000000177f3000 Uncommon trap: trap_request=0xffffffc6 fr.pc=0x0000000003d958a4
Event: 74.606 Thread 0x00000000177f3000 DEOPT PACKING pc=0x0000000003d958a4 sp=0x000000001835d1f0
Event: 74.606 Thread 0x00000000177f3000 DEOPT UNPACKING pc=0x00000000030b582a sp=0x000000001835d100 mode 2
Event: 74.653 Thread 0x00000000177f3000 Uncommon trap: trap_request=0xffffffc6 fr.pc=0x0000000003c4d1f8
Event: 74.653 Thread 0x00000000177f3000 DEOPT PACKING pc=0x0000000003c4d1f8 sp=0x000000001835d170
Event: 74.653 Thread 0x00000000177f3000 DEOPT UNPACKING pc=0x00000000030b582a sp=0x000000001835d0d0 mode 2
Event: 74.733 Thread 0x00000000177f3000 Uncommon trap: trap_request=0xffffffc6 fr.pc=0x0000000003e3ecf0
Event: 74.733 Thread 0x00000000177f3000 DEOPT PACKING pc=0x0000000003e3ecf0 sp=0x000000001835d120
Event: 74.733 Thread 0x00000000177f3000 DEOPT UNPACKING pc=0x00000000030b582a sp=0x000000001835d0e8 mode 2


Dynamic libraries:
0x00007ff6cde40000 - 0x00007ff6cde77000 	C:\Program Files\Java\jdk1.8.0_131\bin\java.exe
0x00007ffd9fa50000 - 0x00007ffd9fc21000 	C:\Windows\SYSTEM32\ntdll.dll
0x00007ffd9d140000 - 0x00007ffd9d1ec000 	C:\Windows\System32\KERNEL32.DLL
0x00007ffd9cdc0000 - 0x00007ffd9cfdd000 	C:\Windows\System32\KERNELBASE.dll
0x00007ffd9d830000 - 0x00007ffd9d8d2000 	C:\Windows\System32\ADVAPI32.dll
0x00007ffd9f470000 - 0x00007ffd9f50e000 	C:\Windows\System32\msvcrt.dll
0x00007ffd9f7b0000 - 0x00007ffd9f809000 	C:\Windows\System32\sechost.dll
0x00007ffd9f580000 - 0x00007ffd9f6a1000 	C:\Windows\System32\RPCRT4.dll
0x00007ffd9d6c0000 - 0x00007ffd9d825000 	C:\Windows\System32\USER32.dll
0x00007ffd9c6e0000 - 0x00007ffd9c6fe000 	C:\Windows\System32\win32u.dll
0x00007ffd9f430000 - 0x00007ffd9f464000 	C:\Windows\System32\GDI32.dll
0x00007ffd9c8a0000 - 0x00007ffd9ca20000 	C:\Windows\System32\gdi32full.dll
0x00007ffd927f0000 - 0x00007ffd92a6a000 	C:\Windows\WinSxS\amd64_microsoft.windows.common-controls_6595b64144ccf1df_6.0.14393.953_none_42151e83c686086b\COMCTL32.dll
0x00007ffd9d270000 - 0x00007ffd9d538000 	C:\Windows\System32\combase.dll
0x00007ffd9c700000 - 0x00007ffd9c7f5000 	C:\Windows\System32\ucrtbase.dll
0x00007ffd9cca0000 - 0x00007ffd9cd0a000 	C:\Windows\System32\bcryptPrimitives.dll
0x00007ffd9f720000 - 0x00007ffd9f74e000 	C:\Windows\System32\IMM32.DLL
0x00000000687a0000 - 0x0000000068872000 	C:\Program Files\Java\jdk1.8.0_131\jre\bin\msvcr100.dll
0x0000000067f00000 - 0x000000006879c000 	C:\Program Files\Java\jdk1.8.0_131\jre\bin\server\jvm.dll
0x00007ffd9d6b0000 - 0x00007ffd9d6b8000 	C:\Windows\System32\PSAPI.DLL
0x00007ffd8bdd0000 - 0x00007ffd8bdd9000 	C:\Windows\SYSTEM32\WSOCK32.dll
0x00007ffd99c00000 - 0x00007ffd99c23000 	C:\Windows\SYSTEM32\WINMM.dll
0x00007ffd9f510000 - 0x00007ffd9f57a000 	C:\Windows\System32\WS2_32.dll
0x00007ffd8cae0000 - 0x00007ffd8caea000 	C:\Windows\SYSTEM32\VERSION.dll
0x00007ffd99ba0000 - 0x00007ffd99bcb000 	C:\Windows\SYSTEM32\WINMMBASE.dll
0x00007ffd9cd70000 - 0x00007ffd9cdb2000 	C:\Windows\System32\cfgmgr32.dll
0x0000000067ef0000 - 0x0000000067eff000 	C:\Program Files\Java\jdk1.8.0_131\jre\bin\verify.dll
0x0000000067ec0000 - 0x0000000067ee9000 	C:\Program Files\Java\jdk1.8.0_131\jre\bin\java.dll
0x0000000067e90000 - 0x0000000067eb3000 	C:\Program Files\Java\jdk1.8.0_131\jre\bin\instrument.dll
0x0000000067e70000 - 0x0000000067e86000 	C:\Program Files\Java\jdk1.8.0_131\jre\bin\zip.dll
0x00007ffd9da30000 - 0x00007ffd9ef38000 	C:\Windows\System32\SHELL32.dll
0x00007ffd9bf50000 - 0x00007ffd9c62a000 	C:\Windows\System32\windows.storage.dll
0x00007ffd9bee0000 - 0x00007ffd9bf2c000 	C:\Windows\System32\powrprof.dll
0x00007ffd9d550000 - 0x00007ffd9d5a2000 	C:\Windows\System32\shlwapi.dll
0x00007ffd9bed0000 - 0x00007ffd9bedf000 	C:\Windows\System32\kernel.appcore.dll
0x00007ffd9c630000 - 0x00007ffd9c6d9000 	C:\Windows\System32\shcore.dll
0x00007ffd9bf30000 - 0x00007ffd9bf44000 	C:\Windows\System32\profapi.dll
0x00007ffd892d0000 - 0x00007ffd892ea000 	C:\Program Files\JetBrains\IntelliJ IDEA Community Edition 2017.1.4\bin\breakgen64.dll
0x0000000067e50000 - 0x0000000067e6a000 	C:\Program Files\Java\jdk1.8.0_131\jre\bin\net.dll
0x00007ffd9b7f0000 - 0x00007ffd9b84c000 	C:\Windows\system32\mswsock.dll
0x00007ffd6bdf0000 - 0x00007ffd6bedf000 	C:\Program Files\Java\jdk1.8.0_131\jre\bin\msvcr120.dll
0x00007ffd6ca70000 - 0x00007ffd6cb16000 	C:\Program Files\Java\jdk1.8.0_131\jre\bin\msvcp120.dll
0x0000000067e20000 - 0x0000000067e42000 	C:\Program Files\Java\jdk1.8.0_131\jre\bin\prism_d3d.dll
0x00007ffd6bc60000 - 0x00007ffd6bded000 	C:\Windows\system32\d3d9.dll
0x00007ffd99ea0000 - 0x00007ffd99ec6000 	C:\Windows\SYSTEM32\dwmapi.dll
0x00007ffd9a540000 - 0x00007ffd9a5d5000 	C:\Windows\system32\uxtheme.dll
0x00007ffd6ad10000 - 0x00007ffd6b77e000 	C:\Windows\SYSTEM32\igdumdim64.dll
0x00007ffd97550000 - 0x00007ffd979b4000 	C:\Windows\SYSTEM32\igdusc64.dll
0x0000000067dd0000 - 0x0000000067e13000 	C:\Program Files\Java\jdk1.8.0_131\jre\bin\glass.dll
0x00007ffd9d5b0000 - 0x00007ffd9d6aa000 	C:\Windows\System32\COMDLG32.dll
0x00007ffd9d8f0000 - 0x00007ffd9da28000 	C:\Windows\System32\ole32.dll
0x00007ffd9f370000 - 0x00007ffd9f42f000 	C:\Windows\System32\OLEAUT32.dll
0x00007ffd9c800000 - 0x00007ffd9c89c000 	C:\Windows\System32\msvcp_win.dll
0x00007ffd9cfe0000 - 0x00007ffd9d13a000 	C:\Windows\System32\MSCTF.dll
0x00007ffd9b5b0000 - 0x00007ffd9b651000 	C:\Windows\SYSTEM32\DNSAPI.dll
0x00007ffd9d8e0000 - 0x00007ffd9d8e8000 	C:\Windows\System32\NSI.dll
0x00007ffd9b570000 - 0x00007ffd9b5a8000 	C:\Windows\SYSTEM32\IPHLPAPI.DLL
0x00007ffd8f360000 - 0x00007ffd8f36a000 	C:\Windows\System32\rasadhlp.dll
0x00007ffd959e0000 - 0x00007ffd95a4a000 	C:\Windows\System32\fwpuclnt.dll
0x00007ffd9be00000 - 0x00007ffd9be2b000 	C:\Windows\SYSTEM32\bcrypt.dll
0x00007ffd9b990000 - 0x00007ffd9b9a7000 	C:\Windows\SYSTEM32\CRYPTSP.dll
0x00007ffd9b3f0000 - 0x00007ffd9b423000 	C:\Windows\system32\rsaenh.dll
0x00007ffd9b670000 - 0x00007ffd9b68f000 	C:\Windows\SYSTEM32\USERENV.dll
0x00007ffd9b9b0000 - 0x00007ffd9b9bb000 	C:\Windows\SYSTEM32\CRYPTBASE.dll
0x00007ffd95fd0000 - 0x00007ffd95fe6000 	C:\Windows\SYSTEM32\dhcpcsvc6.DLL
0x00007ffd96200000 - 0x00007ffd9621a000 	C:\Windows\SYSTEM32\dhcpcsvc.DLL
0x0000000067db0000 - 0x0000000067dc1000 	C:\Program Files\Java\jdk1.8.0_131\jre\bin\nio.dll
0x0000000067d90000 - 0x0000000067da4000 	C:\Program Files\Java\jdk1.8.0_131\jre\bin\javafx_font.dll
0x00007ffd94880000 - 0x00007ffd94ae9000 	C:\Windows\SYSTEM32\dwrite.dll
0x00007ffd9f9b0000 - 0x00007ffd9fa4f000 	C:\Windows\System32\clbcatq.dll
0x00007ffd99cf0000 - 0x00007ffd99e98000 	C:\Windows\SYSTEM32\WindowsCodecs.dll
0x00007ffd92190000 - 0x00007ffd921d9000 	C:\Windows\system32\dataexchange.dll
0x00007ffd98c80000 - 0x00007ffd98f36000 	C:\Windows\system32\d3d11.dll
0x00007ffd99fb0000 - 0x00007ffd9a101000 	C:\Windows\system32\dcomp.dll
0x00007ffd9ae40000 - 0x00007ffd9aedf000 	C:\Windows\system32\dxgi.dll
0x00007ffd9aa00000 - 0x00007ffd9ab1c000 	C:\Windows\system32\twinapi.appcore.dll
0x00007ffd94cc0000 - 0x00007ffd94cf2000 	C:\Program Files\Common Files\Microsoft Shared\Ink\rtscom.dll
0x0000000067d70000 - 0x0000000067d81000 	C:\Program Files\Java\jdk1.8.0_131\jre\bin\prism_common.dll
0x00007ffd99980000 - 0x00007ffd99b05000 	C:\Windows\SYSTEM32\PROPSYS.dll
0x00007ffd6e140000 - 0x00007ffd6e1d8000 	C:\Program Files\Common Files\microsoft shared\ink\tiptsf.dll
0x00007ffd94370000 - 0x00007ffd943b2000 	C:\Windows\SYSTEM32\edputil.dll
0x00007ffd84810000 - 0x00007ffd84c94000 	C:\Windows\system32\explorerframe.dll
0x00007ffd799c0000 - 0x00007ffd79b68000 	C:\Windows\system32\DUI70.dll
0x00007ffd964d0000 - 0x00007ffd96564000 	C:\Windows\system32\DUser.dll
0x00007ffd90bb0000 - 0x00007ffd90c03000 	C:\Windows\System32\thumbcache.dll
0x00007ffd93290000 - 0x00007ffd932d3000 	C:\Windows\SYSTEM32\policymanager.dll
0x00007ffd9a900000 - 0x00007ffd9a991000 	C:\Windows\SYSTEM32\msvcp110_win.dll
0x00007ffd94e50000 - 0x00007ffd94fda000 	C:\Windows\System32\Windows.Globalization.dll
0x00007ffd998c0000 - 0x00007ffd99927000 	C:\Windows\System32\Bcp47Langs.dll
0x00007ffd99800000 - 0x00007ffd9982e000 	C:\Windows\SYSTEM32\globinputhost.dll
0x00007ffd8fde0000 - 0x00007ffd8fe80000 	C:\Windows\System32\StructuredQuery.dll
0x00007ffd99770000 - 0x00007ffd9978b000 	C:\Windows\SYSTEM32\MPR.dll
0x00007ffd92130000 - 0x00007ffd92139000 	C:\Windows\SYSTEM32\atlthunk.dll
0x00007ffd96950000 - 0x00007ffd96966000 	C:\Windows\System32\ntlanman.dll
0x00007ffd99760000 - 0x00007ffd9976b000 	C:\Windows\System32\drprov.dll
0x00007ffd9b020000 - 0x00007ffd9b076000 	C:\Windows\System32\WINSTA.dll
0x00007ffd96280000 - 0x00007ffd962a0000 	C:\Windows\System32\davclnt.dll
0x00007ffd990a0000 - 0x00007ffd990ac000 	C:\Windows\System32\DAVHLPR.dll
0x00007ffd96d60000 - 0x00007ffd96d76000 	C:\Windows\System32\wkscli.dll
0x00007ffd8bde0000 - 0x00007ffd8bdf2000 	C:\Windows\SYSTEM32\cscapi.dll
0x00007ffd9b660000 - 0x00007ffd9b66d000 	C:\Windows\System32\netutils.dll
0x00007ffd9a460000 - 0x00007ffd9a4da000 	C:\Windows\SYSTEM32\apphelp.dll
0x00007ffd7a1f0000 - 0x00007ffd7a23d000 	C:\Windows\System32\dlnashext.dll
0x00007ffd94d00000 - 0x00007ffd94d70000 	C:\Windows\System32\PlayToDevice.dll
0x00007ffd91730000 - 0x00007ffd9174e000 	C:\Windows\System32\DevDispItemProvider.dll
0x00007ffd95c10000 - 0x00007ffd95c81000 	C:\Windows\System32\MMDevApi.dll
0x00007ffd9ab80000 - 0x00007ffd9aba8000 	C:\Windows\System32\DEVOBJ.dll
0x00007ffd91ff0000 - 0x00007ffd920ba000 	C:\Windows\system32\Windows.Storage.Search.dll
0x00007ffd91320000 - 0x00007ffd91685000 	C:\Windows\System32\ActXPrxy.dll
0x00007ffd92570000 - 0x00007ffd925ed000 	C:\Windows\System32\twinapi.dll
0x00007ffd84030000 - 0x00007ffd84157000 	C:\Windows\system32\NetworkExplorer.dll
0x00007ffd96160000 - 0x00007ffd961fe000 	C:\Windows\System32\PortableDeviceApi.dll
0x00007ffd9ef40000 - 0x00007ffd9f369000 	C:\Windows\System32\SETUPAPI.dll
0x00007ffd9cd10000 - 0x00007ffd9cd65000 	C:\Windows\System32\WINTRUST.dll
0x00007ffd9bec0000 - 0x00007ffd9bed0000 	C:\Windows\System32\MSASN1.dll
0x00007ffd9ca20000 - 0x00007ffd9cbe9000 	C:\Windows\System32\CRYPT32.dll
0x00007ffd8fd10000 - 0x00007ffd8fd46000 	C:\Windows\System32\EhStorShell.dll
0x00007ffd89050000 - 0x00007ffd89075000 	C:\Windows\System32\EhStorAPI.dll
0x00007ffd998a0000 - 0x00007ffd998b3000 	C:\Windows\System32\WTSAPI32.dll
0x00007ffd89580000 - 0x00007ffd89716000 	C:\Users\Joshuan\AppData\Local\Microsoft\OneDrive\17.3.6381.0405\amd64\FileSyncShell64.dll
0x00007ffd90560000 - 0x00007ffd90594000 	C:\Users\Joshuan\AppData\Local\Microsoft\OneDrive\17.3.6381.0405\amd64\LoggingPlatform64.DLL
0x00007ffd88570000 - 0x00007ffd8883a000 	C:\Windows\SYSTEM32\WININET.dll
0x00007ffd88b20000 - 0x00007ffd88c10000 	C:\Users\Joshuan\AppData\Local\Microsoft\OneDrive\17.3.6381.0405\amd64\ClientTelemetry.dll
0x00007ffd79950000 - 0x00007ffd799b3000 	C:\Windows\system32\zipfldr.dll
0x00007ffd86b30000 - 0x00007ffd86e2e000 	C:\Program Files\Microsoft Office\root\Office16\GROOVEEX.DLL
0x00007ffd92bb0000 - 0x00007ffd92bc6000 	C:\Windows\SYSTEM32\VCRUNTIME140.dll
0x00007ffd88140000 - 0x00007ffd881dc000 	C:\Windows\SYSTEM32\MSVCP140.dll
0x00007ffd89cc0000 - 0x00007ffd89fb2000 	C:\Windows\SYSTEM32\msi.dll

VM Arguments:
jvm_args: -javaagent:C:\Program Files\JetBrains\IntelliJ IDEA Community Edition 2017.1.4\lib\idea_rt.jar=59728:C:\Program Files\JetBrains\IntelliJ IDEA Community Edition 2017.1.4\bin -Dfile.encoding=UTF-8 
java_command: gui.StartApp
java_class_path (initial): C:\Program Files\Java\jdk1.8.0_131\jre\lib\charsets.jar;C:\Program Files\Java\jdk1.8.0_131\jre\lib\deploy.jar;C:\Program Files\Java\jdk1.8.0_131\jre\lib\ext\access-bridge-64.jar;C:\Program Files\Java\jdk1.8.0_131\jre\lib\ext\cldrdata.jar;C:\Program Files\Java\jdk1.8.0_131\jre\lib\ext\dnsns.jar;C:\Program Files\Java\jdk1.8.0_131\jre\lib\ext\jaccess.jar;C:\Program Files\Java\jdk1.8.0_131\jre\lib\ext\jfxrt.jar;C:\Program Files\Java\jdk1.8.0_131\jre\lib\ext\localedata.jar;C:\Program Files\Java\jdk1.8.0_131\jre\lib\ext\nashorn.jar;C:\Program Files\Java\jdk1.8.0_131\jre\lib\ext\sunec.jar;C:\Program Files\Java\jdk1.8.0_131\jre\lib\ext\sunjce_provider.jar;C:\Program Files\Java\jdk1.8.0_131\jre\lib\ext\sunmscapi.jar;C:\Program Files\Java\jdk1.8.0_131\jre\lib\ext\sunpkcs11.jar;C:\Program Files\Java\jdk1.8.0_131\jre\lib\ext\zipfs.jar;C:\Program Files\Java\jdk1.8.0_131\jre\lib\javaws.jar;C:\Program Files\Java\jdk1.8.0_131\jre\lib\jce.jar;C:\Program Files\Java\jdk1.8.0_131\jre\lib\jfr.jar;C:\Program Files\Java\jdk1.8.0_131\jre\lib\jfxswt.jar;C:\Program Files\Java\jdk1.8.0_131\jre\lib\jsse.jar;C:\Program Files\Java\jdk1.8.0_131\jre\lib\management-agent.jar;C:\Program Files\Java\jdk1.8.0_131\jre\lib\plugin.jar;C:\Program Files\Java\jdk1.8.0_131\jre\lib\resources.jar;C:\Program Files\Java\jdk1.8.0_131\jre\lib\rt.jar;C:\Users\Joshuan\Documents\IntelliJProjects\Radar\out\production\Radar;C:\Users\Joshuan\Documents\IntelliJProjects\mysql-connector-java-5.1.42-bin.jar;C:\Users\Joshuan\Documents\IntelliJProjects\hibernate_Jars\antlr-2.7.7.jar;C:\Users\Joshuan\Documents\IntelliJProjects\hibernate_Jars\dom4j-1.6.1.jar;C:\Users\Joshuan\Documents\IntelliJProjects\hibernate_Jars\c3p0-0.9.2.1.jar;C:\Users\Joshuan\Documents\IntelliJProjects\hibernate_Jars\slf4j-api-1.6.1.jar;C:\Users\Joshuan\Documents\IntelliJProjects\hibernate_Jars\ehcache-core-2.4.3.jar;C:\Users\Joshuan\Documents\IntelliJProjects\hibernate_Jars\slf4j-simple-1.6.1.jar;C:\Users\Joshuan\Documents\In
Launcher Type: SUN_STANDARD

Environment Variables:
PATH=C:\ProgramData\Oracle\Java\javapath;C:\Windows\system32;C:\Windows;C:\Windows\System32\Wbem;C:\Windows\System32\WindowsPowerShell\v1.0\;C:\Program Files\Java\jdk1.8.0_131\bin;C:\Program Files (x86)\MySQL\MySQL Fabric 1.5 & MySQL Utilities 1.5\;C:\Program Files (x86)\MySQL\MySQL Fabric 1.5 & MySQL Utilities 1.5\Doctrine extensions for PHP\;C:\Users\Joshuan\AppData\Local\Microsoft\WindowsApps;
USERNAME=Joshuan
OS=Windows_NT
PROCESSOR_IDENTIFIER=Intel64 Family 6 Model 58 Stepping 9, GenuineIntel



---------------  S Y S T E M  ---------------

OS: Windows 10.0 , 64 bit Build 14393 (10.0.14393.1198)

CPU:total 4 (initial active 4) (2 cores per cpu, 2 threads per core) family 6 model 58 stepping 9, cmov, cx8, fxsr, mmx, sse, sse2, sse3, ssse3, sse4.1, sse4.2, popcnt, avx, clmul, erms, ht, tsc, tscinvbit, tscinv

Memory: 4k page, physical 4074492k(847804k free), swap 4074492k(4164k free)

vm_info: Java HotSpot(TM) 64-Bit Server VM (25.131-b11) for windows-amd64 JRE (1.8.0_131-b11), built on Mar 15 2017 01:23:53 by "java_re" with MS VC++ 10.0 (VS2010)

time: Thu Jul 20 17:19:59 2017
elapsed time: 75 seconds (0d 0h 1m 15s)

