#
# There is insufficient memory for the Java Runtime Environment to continue.
# Native memory allocation (malloc) failed to allocate 1732096 bytes for Chunk::new
# Possible reasons:
#   The system is out of physical RAM or swap space
#   In 32 bit mode, the process size limit was hit
# Possible solutions:
#   Reduce memory load on the system
#   Increase physical memory or swap space
#   Check if swap backing store is full
#   Use 64 bit Java on a 64 bit OS
#   Decrease Java heap size (-Xmx/-Xms)
#   Decrease number of Java threads
#   Decrease Java thread stack sizes (-Xss)
#   Set larger code cache with -XX:ReservedCodeCacheSize=
# This output file may be truncated or incomplete.
#
#  Out of Memory Error (allocation.cpp:390), pid=6244, tid=0x0000000000001dcc
#
# JRE version: Java(TM) SE Runtime Environment (8.0_131-b11) (build 1.8.0_131-b11)
# Java VM: Java HotSpot(TM) 64-Bit Server VM (25.131-b11 mixed mode windows-amd64 compressed oops)
# Failed to write core dump. Minidumps are not enabled by default on client versions of Windows
#

---------------  T H R E A D  ---------------

Current thread (0x0000000016479000):  JavaThread "C2 CompilerThread0" daemon [_thread_in_native, id=7628, stack(0x0000000016850000,0x0000000016950000)]

Stack: [0x0000000016850000,0x0000000016950000]
[error occurred during error reporting (printing stack bounds), id 0xc0000005]

Native frames: (J=compiled Java code, j=interpreted, Vv=VM code, C=native code)


Current CompileTask:
C2:  12298 2339       4       java.net.URLClassLoader$1::run (5 bytes)


---------------  P R O C E S S  ---------------

Java Threads: ( => current thread )
  0x0000000019bc3800 JavaThread "Prism Font Disposer" daemon [_thread_blocked, id=3508, stack(0x000000001d2c0000,0x000000001d3c0000)]
  0x0000000019bc2000 JavaThread "pool-2-thread-1" [_thread_blocked, id=4948, stack(0x000000001b5a0000,0x000000001b6a0000)]
  0x0000000019b9d800 JavaThread "Abandoned connection cleanup thread" daemon [_thread_blocked, id=4004, stack(0x000000001af60000,0x000000001b060000)]
  0x0000000016ee5000 JavaThread "Thread-3" daemon [_thread_in_native, id=992, stack(0x0000000019590000,0x0000000019690000)]
  0x0000000016ed3800 JavaThread "JavaFX-Launcher" [_thread_blocked, id=3892, stack(0x0000000019690000,0x0000000019790000)]
  0x0000000016ea4800 JavaThread "JavaFX Application Thread" [_thread_in_vm, id=4884, stack(0x00000000178f0000,0x00000000179f0000)]
  0x0000000016ea2000 JavaThread "Thread-1" daemon [_thread_blocked, id=1340, stack(0x00000000177f0000,0x00000000178f0000)]
  0x0000000016e3f000 JavaThread "QuantumRenderer-0" daemon [_thread_blocked, id=6556, stack(0x0000000017550000,0x0000000017650000)]
  0x00000000164ea000 JavaThread "Service Thread" daemon [_thread_blocked, id=6232, stack(0x0000000016b50000,0x0000000016c50000)]
  0x00000000164dd800 JavaThread "C1 CompilerThread2" daemon [_thread_in_native, id=4388, stack(0x0000000016a50000,0x0000000016b50000)]
  0x000000001647c800 JavaThread "C2 CompilerThread1" daemon [_thread_in_native, id=7796, stack(0x0000000016950000,0x0000000016a50000)]
=>0x0000000016479000 JavaThread "C2 CompilerThread0" daemon [_thread_in_native, id=7628, stack(0x0000000016850000,0x0000000016950000)]
  0x0000000016458000 JavaThread "Monitor Ctrl-Break" daemon [_thread_in_native, id=4512, stack(0x0000000016750000,0x0000000016850000)]
  0x0000000014ccd800 JavaThread "Attach Listener" daemon [_thread_blocked, id=3856, stack(0x0000000016250000,0x0000000016350000)]
  0x0000000014ccc000 JavaThread "Signal Dispatcher" daemon [_thread_blocked, id=2240, stack(0x0000000016150000,0x0000000016250000)]
  0x0000000014cba800 JavaThread "Finalizer" daemon [_thread_blocked, id=1864, stack(0x0000000015f40000,0x0000000016040000)]
  0x00000000026f1000 JavaThread "Reference Handler" daemon [_thread_blocked, id=3960, stack(0x0000000015e40000,0x0000000015f40000)]
  0x0000000002603000 JavaThread "main" [_thread_blocked, id=652, stack(0x0000000002400000,0x0000000002500000)]

Other Threads:
  0x0000000014c97800 VMThread [stack: 0x0000000015d40000,0x0000000015e40000] [id=2264]
  0x0000000016584800 WatcherThread [stack: 0x0000000016c50000,0x0000000016d50000] [id=7156]

VM state:not at safepoint (normal execution)

VM Mutex/Monitor currently owned by a thread: None

Heap:
 PSYoungGen      total 33280K, used 10434K [0x00000000eb400000, 0x00000000ee600000, 0x0000000100000000)
  eden space 26624K, 14% used [0x00000000eb400000,0x00000000eb7b7158,0x00000000ece00000)
  from space 6656K, 99% used [0x00000000ece00000,0x00000000ed4796c0,0x00000000ed480000)
  to   space 8192K, 0% used [0x00000000ede00000,0x00000000ede00000,0x00000000ee600000)
 ParOldGen       total 35328K, used 10009K [0x00000000c1c00000, 0x00000000c3e80000, 0x00000000eb400000)
  object space 35328K, 28% used [0x00000000c1c00000,0x00000000c25c64a0,0x00000000c3e80000)
 Metaspace       used 32176K, capacity 33154K, committed 33408K, reserved 1077248K
  class space    used 4479K, capacity 4700K, committed 4736K, reserved 1048576K

Card table byte_map: [0x0000000011ac0000,0x0000000011cc0000] byte_map_base: 0x00000000114b2000

Marking Bits: (ParMarkBitMap*) 0x000000006871c720
 Begin Bits: [0x0000000012210000, 0x00000000131a0000)
 End Bits:   [0x00000000131a0000, 0x0000000014130000)

Polling page: 0x00000000006a0000

CodeCache: size=245760Kb used=7728Kb max_used=7735Kb free=238031Kb
 bounds [0x0000000002700000, 0x0000000002ea0000, 0x0000000011700000]
 total_blobs=3235 nmethods=2429 adapters=718
 compilation: enabled

Compilation events (10 events):
Event: 12.221 Thread 0x00000000164dd800 2415       3       java.security.MessageDigest::update (11 bytes)
Event: 12.221 Thread 0x00000000164dd800 nmethod 2415 0x0000000002e81350 code [0x0000000002e814c0, 0x0000000002e816e8]
Event: 12.221 Thread 0x00000000164dd800 2416       3       java.security.MessageDigest$Delegate::engineUpdate (9 bytes)
Event: 12.222 Thread 0x00000000164dd800 nmethod 2416 0x0000000002e81790 code [0x0000000002e81900, 0x0000000002e81b28]
Event: 12.222 Thread 0x00000000164dd800 2417       3       sun.security.provider.DigestBase::engineUpdate (32 bytes)
Event: 12.222 Thread 0x00000000164dd800 nmethod 2417 0x0000000002e81bd0 code [0x0000000002e81d40, 0x0000000002e82068]
Event: 12.222 Thread 0x00000000164dd800 2411       3       com.sun.javafx.css.parser.Token::<init> (26 bytes)
Event: 12.222 Thread 0x00000000164dd800 nmethod 2411 0x0000000002e82190 code [0x0000000002e822e0, 0x0000000002e824b0]
Event: 12.222 Thread 0x00000000164dd800 2412       3       com.sun.javafx.css.Size::<init> (25 bytes)
Event: 12.222 Thread 0x00000000164dd800 nmethod 2412 0x0000000002e82590 code [0x0000000002e82700, 0x0000000002e82930]

GC Heap History (10 events):
Event: 6.948 GC heap before
{Heap before GC invocations=6 (full 0):
 PSYoungGen      total 18944K, used 8550K [0x00000000eb400000, 0x00000000ed200000, 0x0000000100000000)
  eden space 16384K, 36% used [0x00000000eb400000,0x00000000eb9dc000,0x00000000ec400000)
  from space 2560K, 99% used [0x00000000ec400000,0x00000000ec67d888,0x00000000ec680000)
  to   space 7168K, 0% used [0x00000000ecb00000,0x00000000ecb00000,0x00000000ed200000)
 ParOldGen       total 44032K, used 8107K [0x00000000c1c00000, 0x00000000c4700000, 0x00000000eb400000)
  object space 44032K, 18% used [0x00000000c1c00000,0x00000000c23eac78,0x00000000c4700000)
 Metaspace       used 20793K, capacity 21150K, committed 21248K, reserved 1067008K
  class space    used 2633K, capacity 2752K, committed 2816K, reserved 1048576K
Event: 6.953 GC heap after
Heap after GC invocations=6 (full 0):
 PSYoungGen      total 24064K, used 3549K [0x00000000eb400000, 0x00000000ee100000, 0x0000000100000000)
  eden space 16896K, 0% used [0x00000000eb400000,0x00000000eb400000,0x00000000ec480000)
  from space 7168K, 49% used [0x00000000ecb00000,0x00000000ece77668,0x00000000ed200000)
  to   space 6656K, 0% used [0x00000000ec480000,0x00000000ec480000,0x00000000ecb00000)
 ParOldGen       total 44032K, used 8107K [0x00000000c1c00000, 0x00000000c4700000, 0x00000000eb400000)
  object space 44032K, 18% used [0x00000000c1c00000,0x00000000c23eac78,0x00000000c4700000)
 Metaspace       used 20793K, capacity 21150K, committed 21248K, reserved 1067008K
  class space    used 2633K, capacity 2752K, committed 2816K, reserved 1048576K
}
Event: 6.953 GC heap before
{Heap before GC invocations=7 (full 1):
 PSYoungGen      total 24064K, used 3549K [0x00000000eb400000, 0x00000000ee100000, 0x0000000100000000)
  eden space 16896K, 0% used [0x00000000eb400000,0x00000000eb400000,0x00000000ec480000)
  from space 7168K, 49% used [0x00000000ecb00000,0x00000000ece77668,0x00000000ed200000)
  to   space 6656K, 0% used [0x00000000ec480000,0x00000000ec480000,0x00000000ecb00000)
 ParOldGen       total 44032K, used 8107K [0x00000000c1c00000, 0x00000000c4700000, 0x00000000eb400000)
  object space 44032K, 18% used [0x00000000c1c00000,0x00000000c23eac78,0x00000000c4700000)
 Metaspace       used 20793K, capacity 21150K, committed 21248K, reserved 1067008K
  class space    used 2633K, capacity 2752K, committed 2816K, reserved 1048576K
Event: 7.010 GC heap after
Heap after GC invocations=7 (full 1):
 PSYoungGen      total 24064K, used 0K [0x00000000eb400000, 0x00000000ee100000, 0x0000000100000000)
  eden space 16896K, 0% used [0x00000000eb400000,0x00000000eb400000,0x00000000ec480000)
  from space 7168K, 0% used [0x00000000ecb00000,0x00000000ecb00000,0x00000000ed200000)
  to   space 6656K, 0% used [0x00000000ec480000,0x00000000ec480000,0x00000000ecb00000)
 ParOldGen       total 35328K, used 8759K [0x00000000c1c00000, 0x00000000c3e80000, 0x00000000eb400000)
  object space 35328K, 24% used [0x00000000c1c00000,0x00000000c248dc30,0x00000000c3e80000)
 Metaspace       used 20793K, capacity 21150K, committed 21248K, reserved 1067008K
  class space    used 2633K, capacity 2752K, committed 2816K, reserved 1048576K
}
Event: 7.472 GC heap before
{Heap before GC invocations=8 (full 1):
 PSYoungGen      total 24064K, used 16896K [0x00000000eb400000, 0x00000000ee100000, 0x0000000100000000)
  eden space 16896K, 100% used [0x00000000eb400000,0x00000000ec480000,0x00000000ec480000)
  from space 7168K, 0% used [0x00000000ecb00000,0x00000000ecb00000,0x00000000ed200000)
  to   space 6656K, 0% used [0x00000000ec480000,0x00000000ec480000,0x00000000ecb00000)
 ParOldGen       total 35328K, used 8759K [0x00000000c1c00000, 0x00000000c3e80000, 0x00000000eb400000)
  object space 35328K, 24% used [0x00000000c1c00000,0x00000000c248dc30,0x00000000c3e80000)
 Metaspace       used 22630K, capacity 23038K, committed 23296K, reserved 1069056K
  class space    used 2909K, capacity 3040K, committed 3072K, reserved 1048576K
Event: 7.474 GC heap after
Heap after GC invocations=8 (full 1):
 PSYoungGen      total 23552K, used 2207K [0x00000000eb400000, 0x00000000edb80000, 0x0000000100000000)
  eden space 16896K, 0% used [0x00000000eb400000,0x00000000eb400000,0x00000000ec480000)
  from space 6656K, 33% used [0x00000000ec480000,0x00000000ec6a7f40,0x00000000ecb00000)
  to   space 6656K, 0% used [0x00000000ed500000,0x00000000ed500000,0x00000000edb80000)
 ParOldGen       total 35328K, used 8767K [0x00000000c1c00000, 0x00000000c3e80000, 0x00000000eb400000)
  object space 35328K, 24% used [0x00000000c1c00000,0x00000000c248fc30,0x00000000c3e80000)
 Metaspace       used 22630K, capacity 23038K, committed 23296K, reserved 1069056K
  class space    used 2909K, capacity 3040K, committed 3072K, reserved 1048576K
}
Event: 8.884 GC heap before
{Heap before GC invocations=9 (full 1):
 PSYoungGen      total 23552K, used 19103K [0x00000000eb400000, 0x00000000edb80000, 0x0000000100000000)
  eden space 16896K, 100% used [0x00000000eb400000,0x00000000ec480000,0x00000000ec480000)
  from space 6656K, 33% used [0x00000000ec480000,0x00000000ec6a7f40,0x00000000ecb00000)
  to   space 6656K, 0% used [0x00000000ed500000,0x00000000ed500000,0x00000000edb80000)
 ParOldGen       total 35328K, used 8767K [0x00000000c1c00000, 0x00000000c3e80000, 0x00000000eb400000)
  object space 35328K, 24% used [0x00000000c1c00000,0x00000000c248fc30,0x00000000c3e80000)
 Metaspace       used 27199K, capacity 27990K, committed 28160K, reserved 1073152K
  class space    used 3781K, capacity 3974K, committed 4096K, reserved 1048576K
Event: 8.888 GC heap after
Heap after GC invocations=9 (full 1):
 PSYoungGen      total 32768K, used 2210K [0x00000000eb400000, 0x00000000edb00000, 0x0000000100000000)
  eden space 26624K, 0% used [0x00000000eb400000,0x00000000eb400000,0x00000000ece00000)
  from space 6144K, 35% used [0x00000000ed500000,0x00000000ed728a08,0x00000000edb00000)
  to   space 6656K, 0% used [0x00000000ece00000,0x00000000ece00000,0x00000000ed480000)
 ParOldGen       total 35328K, used 8775K [0x00000000c1c00000, 0x00000000c3e80000, 0x00000000eb400000)
  object space 35328K, 24% used [0x00000000c1c00000,0x00000000c2491c30,0x00000000c3e80000)
 Metaspace       used 27199K, capacity 27990K, committed 28160K, reserved 1073152K
  class space    used 3781K, capacity 3974K, committed 4096K, reserved 1048576K
}
Event: 11.958 GC heap before
{Heap before GC invocations=10 (full 1):
 PSYoungGen      total 32768K, used 28834K [0x00000000eb400000, 0x00000000edb00000, 0x0000000100000000)
  eden space 26624K, 100% used [0x00000000eb400000,0x00000000ece00000,0x00000000ece00000)
  from space 6144K, 35% used [0x00000000ed500000,0x00000000ed728a08,0x00000000edb00000)
  to   space 6656K, 0% used [0x00000000ece00000,0x00000000ece00000,0x00000000ed480000)
 ParOldGen       total 35328K, used 8775K [0x00000000c1c00000, 0x00000000c3e80000, 0x00000000eb400000)
  object space 35328K, 24% used [0x00000000c1c00000,0x00000000c2491c30,0x00000000c3e80000)
 Metaspace       used 31465K, capacity 32386K, committed 32512K, reserved 1077248K
  class space    used 4352K, capacity 4574K, committed 4608K, reserved 1048576K
Event: 11.967 GC heap after
Heap after GC invocations=10 (full 1):
 PSYoungGen      total 33280K, used 6629K [0x00000000eb400000, 0x00000000ee600000, 0x0000000100000000)
  eden space 26624K, 0% used [0x00000000eb400000,0x00000000eb400000,0x00000000ece00000)
  from space 6656K, 99% used [0x00000000ece00000,0x00000000ed4796c0,0x00000000ed480000)
  to   space 8192K, 0% used [0x00000000ede00000,0x00000000ede00000,0x00000000ee600000)
 ParOldGen       total 35328K, used 10009K [0x00000000c1c00000, 0x00000000c3e80000, 0x00000000eb400000)
  object space 35328K, 28% used [0x00000000c1c00000,0x00000000c25c64a0,0x00000000c3e80000)
 Metaspace       used 31465K, capacity 32386K, committed 32512K, reserved 1077248K
  class space    used 4352K, capacity 4574K, committed 4608K, reserved 1048576K
}

Deoptimization events (10 events):
Event: 8.449 Thread 0x0000000016ea4800 Uncommon trap: reason=unstable_if action=reinterpret pc=0x0000000002a355a8 method=java.lang.String.regionMatches(ZILjava/lang/String;II)Z @ 123
Event: 8.680 Thread 0x0000000016ea4800 Uncommon trap: reason=unstable_if action=reinterpret pc=0x0000000002bd789c method=java.net.URL.<init>(Ljava/net/URL;Ljava/lang/String;Ljava/net/URLStreamHandler;)V @ 347
Event: 8.747 Thread 0x0000000016ea4800 Uncommon trap: reason=unstable_if action=reinterpret pc=0x0000000002ce77a0 method=java.lang.ClassLoader.checkName(Ljava/lang/String;)Z @ 20
Event: 8.747 Thread 0x0000000016ea4800 Uncommon trap: reason=unstable_if action=reinterpret pc=0x0000000002b1d8ac method=java.lang.ClassLoader.checkName(Ljava/lang/String;)Z @ 20
Event: 9.011 Thread 0x0000000016ea4800 Uncommon trap: reason=unstable_if action=reinterpret pc=0x0000000002cbc3a8 method=jdk.internal.org.objectweb.asm.Type.getArgumentsAndReturnSizes(Ljava/lang/String;)I @ 47
Event: 11.651 Thread 0x0000000016ea4800 Uncommon trap: reason=unstable_if action=reinterpret pc=0x0000000002d67f50 method=java.util.HashMap.isEmpty()Z @ 4
Event: 11.744 Thread 0x0000000016ea4800 Uncommon trap: reason=unstable_if action=reinterpret pc=0x000000000280db40 method=java.lang.CharacterData.of(I)Ljava/lang/CharacterData; @ 4
Event: 11.818 Thread 0x0000000016ea4800 Uncommon trap: reason=unstable_if action=reinterpret pc=0x0000000002b5ee08 method=java.lang.String.indexOf([CII[CIII)I @ 27
Event: 11.818 Thread 0x0000000016ea4800 Uncommon trap: reason=unstable_if action=reinterpret pc=0x0000000002b1f060 method=java.lang.String.indexOf([CII[CIII)I @ 27
Event: 12.175 Thread 0x0000000016ea4800 Uncommon trap: reason=unstable_if action=reinterpret pc=0x0000000002d4d654 method=java.io.ByteArrayInputStream.read()I @ 8

Internal exceptions (10 events):
Event: 4.417 Thread 0x0000000016ea4800 Exception <a 'java/lang/ArrayIndexOutOfBoundsException'> (0x00000000eb9db5c8) thrown at [C:\re\workspace\8-2-build-windows-amd64-cygwin\jdk8u131\8869\hotspot\src\share\vm\runtime\sharedRuntime.cpp, line 605]
Event: 4.417 Thread 0x0000000016ea4800 Exception <a 'java/lang/ArrayIndexOutOfBoundsException'> (0x00000000eb9ddb68) thrown at [C:\re\workspace\8-2-build-windows-amd64-cygwin\jdk8u131\8869\hotspot\src\share\vm\runtime\sharedRuntime.cpp, line 605]
Event: 4.417 Thread 0x0000000016ea4800 Exception <a 'java/lang/ArrayIndexOutOfBoundsException'> (0x00000000eb9dfa10) thrown at [C:\re\workspace\8-2-build-windows-amd64-cygwin\jdk8u131\8869\hotspot\src\share\vm\runtime\sharedRuntime.cpp, line 605]
Event: 6.004 Thread 0x0000000016ea4800 Implicit null exception at 0x00000000029e9596 to 0x00000000029e9939
Event: 6.531 Thread 0x0000000016ea4800 Exception <a 'java/lang/NullPointerException'> (0x00000000ebe688b0) thrown at [C:\re\workspace\8-2-build-windows-amd64-cygwin\jdk8u131\8869\hotspot\src\share\vm\runtime\reflection.cpp, line 922]
Event: 6.531 Thread 0x0000000016ea4800 Implicit null exception at 0x0000000002923456 to 0x0000000002923801
Event: 6.850 Thread 0x0000000016ea4800 Implicit null exception at 0x000000000299a535 to 0x000000000299a709
Event: 7.818 Thread 0x0000000016ea4800 Implicit null exception at 0x0000000002add298 to 0x0000000002add326
Event: 8.242 Thread 0x0000000016ea4800 Exception <a 'java/io/FileNotFoundException'> (0x00000000ebcaa848) thrown at [C:\re\workspace\8-2-build-windows-amd64-cygwin\jdk8u131\8869\hotspot\src\share\vm\prims\jni.cpp, line 709]
Event: 12.206 Thread 0x0000000016ea4800 Exception <a 'java/io/FileNotFoundException'> (0x00000000eb69b0d0) thrown at [C:\re\workspace\8-2-build-windows-amd64-cygwin\jdk8u131\8869\hotspot\src\share\vm\prims\jni.cpp, line 709]

Events (10 events):
Event: 12.230 loading class com/sun/javafx/scene/control/skin/ListViewSkin
Event: 12.230 loading class com/sun/javafx/scene/control/skin/ListViewSkin done
Event: 12.230 loading class com/sun/javafx/scene/control/skin/VirtualContainerBase
Event: 12.230 loading class com/sun/javafx/scene/control/skin/VirtualContainerBase done
Event: 12.231 loading class com/sun/javafx/scene/control/behavior/ListViewBehavior
Event: 12.231 loading class com/sun/javafx/scene/control/behavior/ListViewBehavior done
Event: 12.231 loading class com/sun/javafx/scene/control/skin/ListViewSkin$2
Event: 12.231 loading class com/sun/javafx/scene/control/skin/ListViewSkin$2 done
Event: 12.232 loading class com/sun/javafx/scene/control/skin/VirtualFlow
Event: 12.232 loading class com/sun/javafx/scene/control/skin/VirtualFlow done


Dynamic libraries:
0x00007ff66c8f0000 - 0x00007ff66c927000 	C:\Program Files\Java\jdk1.8.0_131\bin\java.exe
0x00007ffd9fa50000 - 0x00007ffd9fc21000 	C:\Windows\SYSTEM32\ntdll.dll
0x00007ffd9d140000 - 0x00007ffd9d1ec000 	C:\Windows\System32\KERNEL32.DLL
0x00007ffd9cdc0000 - 0x00007ffd9cfdd000 	C:\Windows\System32\KERNELBASE.dll
0x00007ffd9d830000 - 0x00007ffd9d8d2000 	C:\Windows\System32\ADVAPI32.dll
0x00007ffd9f470000 - 0x00007ffd9f50e000 	C:\Windows\System32\msvcrt.dll
0x00007ffd9f7b0000 - 0x00007ffd9f809000 	C:\Windows\System32\sechost.dll
0x00007ffd9f580000 - 0x00007ffd9f6a1000 	C:\Windows\System32\RPCRT4.dll
0x00007ffd9d6c0000 - 0x00007ffd9d825000 	C:\Windows\System32\USER32.dll
0x00007ffd9c6e0000 - 0x00007ffd9c6fe000 	C:\Windows\System32\win32u.dll
0x00007ffd9f430000 - 0x00007ffd9f464000 	C:\Windows\System32\GDI32.dll
0x00007ffd9c8a0000 - 0x00007ffd9ca20000 	C:\Windows\System32\gdi32full.dll
0x00007ffd927f0000 - 0x00007ffd92a6a000 	C:\Windows\WinSxS\amd64_microsoft.windows.common-controls_6595b64144ccf1df_6.0.14393.953_none_42151e83c686086b\COMCTL32.dll
0x00007ffd9d270000 - 0x00007ffd9d538000 	C:\Windows\System32\combase.dll
0x00007ffd9c700000 - 0x00007ffd9c7f5000 	C:\Windows\System32\ucrtbase.dll
0x00007ffd9cca0000 - 0x00007ffd9cd0a000 	C:\Windows\System32\bcryptPrimitives.dll
0x00007ffd9f720000 - 0x00007ffd9f74e000 	C:\Windows\System32\IMM32.DLL
0x00000000687a0000 - 0x0000000068872000 	C:\Program Files\Java\jdk1.8.0_131\jre\bin\msvcr100.dll
0x0000000067f00000 - 0x000000006879c000 	C:\Program Files\Java\jdk1.8.0_131\jre\bin\server\jvm.dll
0x00007ffd9d6b0000 - 0x00007ffd9d6b8000 	C:\Windows\System32\PSAPI.DLL
0x00007ffd8bdd0000 - 0x00007ffd8bdd9000 	C:\Windows\SYSTEM32\WSOCK32.dll
0x00007ffd99c00000 - 0x00007ffd99c23000 	C:\Windows\SYSTEM32\WINMM.dll
0x00007ffd9f510000 - 0x00007ffd9f57a000 	C:\Windows\System32\WS2_32.dll
0x00007ffd8cae0000 - 0x00007ffd8caea000 	C:\Windows\SYSTEM32\VERSION.dll
0x00007ffd99ba0000 - 0x00007ffd99bcb000 	C:\Windows\SYSTEM32\WINMMBASE.dll
0x00007ffd9cd70000 - 0x00007ffd9cdb2000 	C:\Windows\System32\cfgmgr32.dll
0x0000000067ef0000 - 0x0000000067eff000 	C:\Program Files\Java\jdk1.8.0_131\jre\bin\verify.dll
0x0000000067ec0000 - 0x0000000067ee9000 	C:\Program Files\Java\jdk1.8.0_131\jre\bin\java.dll
0x0000000067e90000 - 0x0000000067eb3000 	C:\Program Files\Java\jdk1.8.0_131\jre\bin\instrument.dll
0x0000000067e70000 - 0x0000000067e86000 	C:\Program Files\Java\jdk1.8.0_131\jre\bin\zip.dll
0x00007ffd9da30000 - 0x00007ffd9ef38000 	C:\Windows\System32\SHELL32.dll
0x00007ffd9bf50000 - 0x00007ffd9c62a000 	C:\Windows\System32\windows.storage.dll
0x00007ffd9bee0000 - 0x00007ffd9bf2c000 	C:\Windows\System32\powrprof.dll
0x00007ffd9d550000 - 0x00007ffd9d5a2000 	C:\Windows\System32\shlwapi.dll
0x00007ffd9bed0000 - 0x00007ffd9bedf000 	C:\Windows\System32\kernel.appcore.dll
0x00007ffd9c630000 - 0x00007ffd9c6d9000 	C:\Windows\System32\shcore.dll
0x00007ffd9bf30000 - 0x00007ffd9bf44000 	C:\Windows\System32\profapi.dll
0x00007ffd964e0000 - 0x00007ffd964fa000 	C:\Program Files\JetBrains\IntelliJ IDEA Community Edition 2017.1.4\bin\breakgen64.dll
0x0000000067e50000 - 0x0000000067e6a000 	C:\Program Files\Java\jdk1.8.0_131\jre\bin\net.dll
0x00007ffd9b7f0000 - 0x00007ffd9b84c000 	C:\Windows\system32\mswsock.dll
0x00007ffd81ca0000 - 0x00007ffd81d8f000 	C:\Program Files\Java\jdk1.8.0_131\jre\bin\msvcr120.dll
0x00007ffd81b30000 - 0x00007ffd81bd6000 	C:\Program Files\Java\jdk1.8.0_131\jre\bin\msvcp120.dll
0x0000000067e00000 - 0x0000000067e22000 	C:\Program Files\Java\jdk1.8.0_131\jre\bin\prism_d3d.dll
0x00007ffd841f0000 - 0x00007ffd8437d000 	C:\Windows\system32\d3d9.dll
0x00007ffd99ea0000 - 0x00007ffd99ec6000 	C:\Windows\SYSTEM32\dwmapi.dll
0x00007ffd9a540000 - 0x00007ffd9a5d5000 	C:\Windows\system32\uxtheme.dll
0x00007ffd734b0000 - 0x00007ffd73f1e000 	C:\Windows\SYSTEM32\igdumdim64.dll
0x00007ffd97550000 - 0x00007ffd979b4000 	C:\Windows\SYSTEM32\igdusc64.dll
0x0000000067db0000 - 0x0000000067df3000 	C:\Program Files\Java\jdk1.8.0_131\jre\bin\glass.dll
0x00007ffd9d5b0000 - 0x00007ffd9d6aa000 	C:\Windows\System32\COMDLG32.dll
0x00007ffd9d8f0000 - 0x00007ffd9da28000 	C:\Windows\System32\ole32.dll
0x00007ffd9f370000 - 0x00007ffd9f42f000 	C:\Windows\System32\OLEAUT32.dll
0x00007ffd9c800000 - 0x00007ffd9c89c000 	C:\Windows\System32\msvcp_win.dll
0x00007ffd9cfe0000 - 0x00007ffd9d13a000 	C:\Windows\System32\MSCTF.dll
0x00007ffd9b5b0000 - 0x00007ffd9b651000 	C:\Windows\SYSTEM32\DNSAPI.dll
0x00007ffd9d8e0000 - 0x00007ffd9d8e8000 	C:\Windows\System32\NSI.dll
0x00007ffd9b570000 - 0x00007ffd9b5a8000 	C:\Windows\SYSTEM32\IPHLPAPI.DLL
0x00007ffd8f360000 - 0x00007ffd8f36a000 	C:\Windows\System32\rasadhlp.dll
0x00007ffd959e0000 - 0x00007ffd95a4a000 	C:\Windows\System32\fwpuclnt.dll
0x00007ffd9be00000 - 0x00007ffd9be2b000 	C:\Windows\SYSTEM32\bcrypt.dll
0x00007ffd9b990000 - 0x00007ffd9b9a7000 	C:\Windows\SYSTEM32\CRYPTSP.dll
0x00007ffd9b3f0000 - 0x00007ffd9b423000 	C:\Windows\system32\rsaenh.dll
0x00007ffd9b670000 - 0x00007ffd9b68f000 	C:\Windows\SYSTEM32\USERENV.dll
0x00007ffd9b9b0000 - 0x00007ffd9b9bb000 	C:\Windows\SYSTEM32\CRYPTBASE.dll
0x00007ffd95fd0000 - 0x00007ffd95fe6000 	C:\Windows\SYSTEM32\dhcpcsvc6.DLL
0x00007ffd96200000 - 0x00007ffd9621a000 	C:\Windows\SYSTEM32\dhcpcsvc.DLL
0x0000000067e30000 - 0x0000000067e41000 	C:\Program Files\Java\jdk1.8.0_131\jre\bin\nio.dll
0x0000000067d90000 - 0x0000000067da4000 	C:\Program Files\Java\jdk1.8.0_131\jre\bin\javafx_font.dll
0x00007ffd947d0000 - 0x00007ffd94a39000 	C:\Windows\SYSTEM32\dwrite.dll
0x00007ffd9f9b0000 - 0x00007ffd9fa4f000 	C:\Windows\System32\clbcatq.dll
0x00007ffd99cf0000 - 0x00007ffd99e98000 	C:\Windows\SYSTEM32\WindowsCodecs.dll
0x00007ffd92000000 - 0x00007ffd92049000 	C:\Windows\system32\dataexchange.dll
0x00007ffd98c80000 - 0x00007ffd98f36000 	C:\Windows\system32\d3d11.dll
0x00007ffd99fb0000 - 0x00007ffd9a101000 	C:\Windows\system32\dcomp.dll
0x00007ffd9ae40000 - 0x00007ffd9aedf000 	C:\Windows\system32\dxgi.dll
0x00007ffd9aa00000 - 0x00007ffd9ab1c000 	C:\Windows\system32\twinapi.appcore.dll
0x00007ffd860a0000 - 0x00007ffd860d2000 	C:\Program Files\Common Files\Microsoft Shared\Ink\rtscom.dll
0x0000000067d70000 - 0x0000000067d81000 	C:\Program Files\Java\jdk1.8.0_131\jre\bin\prism_common.dll

VM Arguments:
jvm_args: -javaagent:C:\Program Files\JetBrains\IntelliJ IDEA Community Edition 2017.1.4\lib\idea_rt.jar=65034:C:\Program Files\JetBrains\IntelliJ IDEA Community Edition 2017.1.4\bin -Dfile.encoding=UTF-8 
java_command: gui.StartApp
java_class_path (initial): C:\Program Files\Java\jdk1.8.0_131\jre\lib\charsets.jar;C:\Program Files\Java\jdk1.8.0_131\jre\lib\deploy.jar;C:\Program Files\Java\jdk1.8.0_131\jre\lib\ext\access-bridge-64.jar;C:\Program Files\Java\jdk1.8.0_131\jre\lib\ext\cldrdata.jar;C:\Program Files\Java\jdk1.8.0_131\jre\lib\ext\dnsns.jar;C:\Program Files\Java\jdk1.8.0_131\jre\lib\ext\jaccess.jar;C:\Program Files\Java\jdk1.8.0_131\jre\lib\ext\jfxrt.jar;C:\Program Files\Java\jdk1.8.0_131\jre\lib\ext\localedata.jar;C:\Program Files\Java\jdk1.8.0_131\jre\lib\ext\nashorn.jar;C:\Program Files\Java\jdk1.8.0_131\jre\lib\ext\sunec.jar;C:\Program Files\Java\jdk1.8.0_131\jre\lib\ext\sunjce_provider.jar;C:\Program Files\Java\jdk1.8.0_131\jre\lib\ext\sunmscapi.jar;C:\Program Files\Java\jdk1.8.0_131\jre\lib\ext\sunpkcs11.jar;C:\Program Files\Java\jdk1.8.0_131\jre\lib\ext\zipfs.jar;C:\Program Files\Java\jdk1.8.0_131\jre\lib\javaws.jar;C:\Program Files\Java\jdk1.8.0_131\jre\lib\jce.jar;C:\Program Files\Java\jdk1.8.0_131\jre\lib\jfr.jar;C:\Program Files\Java\jdk1.8.0_131\jre\lib\jfxswt.jar;C:\Program Files\Java\jdk1.8.0_131\jre\lib\jsse.jar;C:\Program Files\Java\jdk1.8.0_131\jre\lib\management-agent.jar;C:\Program Files\Java\jdk1.8.0_131\jre\lib\plugin.jar;C:\Program Files\Java\jdk1.8.0_131\jre\lib\resources.jar;C:\Program Files\Java\jdk1.8.0_131\jre\lib\rt.jar;C:\Users\Joshuan\Documents\IntelliJProjects\Radar\out\production\Radar;C:\Users\Joshuan\Documents\IntelliJProjects\Radar\lib\gson-2.2.2.jar;C:\Users\Joshuan\Documents\IntelliJProjects\Radar\lib\hibernate_Jars\jfoenix.jar;C:\Users\Joshuan\Documents\IntelliJProjects\Radar\lib\hibernate_Jars\antlr-2.7.7.jar;C:\Users\Joshuan\Documents\IntelliJProjects\Radar\lib\hibernate_Jars\dom4j-1.6.1.jar;C:\Users\Joshuan\Documents\IntelliJProjects\Radar\lib\hibernate_Jars\c3p0-0.9.2.1.jar;C:\Users\Joshuan\Documents\IntelliJProjects\Radar\lib\hibernate_Jars\slf4j-api-1.6.1.jar;C:\Users\Joshuan\Documents\IntelliJProjects\Radar\lib\hibernate_Jars\ehcache-core-2
Launcher Type: SUN_STANDARD

Environment Variables:
PATH=C:\ProgramData\Oracle\Java\javapath;C:\Windows\system32;C:\Windows;C:\Windows\System32\Wbem;C:\Windows\System32\WindowsPowerShell\v1.0\;C:\Program Files\Java\jdk1.8.0_131\bin;C:\Program Files (x86)\MySQL\MySQL Fabric 1.5 & MySQL Utilities 1.5\;C:\Program Files (x86)\MySQL\MySQL Fabric 1.5 & MySQL Utilities 1.5\Doctrine extensions for PHP\;C:\Users\Joshuan\AppData\Local\Microsoft\WindowsApps;
USERNAME=Joshuan
OS=Windows_NT
PROCESSOR_IDENTIFIER=Intel64 Family 6 Model 58 Stepping 9, GenuineIntel



---------------  S Y S T E M  ---------------

OS: Windows 10.0 , 64 bit Build 14393 (10.0.14393.1198)

CPU:total 4 (initial active 4) (2 cores per cpu, 2 threads per core) family 6 model 58 stepping 9, cmov, cx8, fxsr, mmx, sse, sse2, sse3, ssse3, sse4.1, sse4.2, popcnt, avx, clmul, erms, ht, tsc, tscinvbit, tscinv

Memory: 4k page, physical 4074492k(577856k free), swap 4074492k(6464k free)

vm_info: Java HotSpot(TM) 64-Bit Server VM (25.131-b11) for windows-amd64 JRE (1.8.0_131-b11), built on Mar 15 2017 01:23:53 by "java_re" with MS VC++ 10.0 (VS2010)

time: Fri Jul 21 20:20:48 2017
elapsed time: 12 seconds (0d 0h 0m 12s)

