#
# There is insufficient memory for the Java Runtime Environment to continue.
# Native memory allocation (malloc) failed to allocate 32744 bytes for ChunkPool::allocate
# Possible reasons:
#   The system is out of physical RAM or swap space
#   In 32 bit mode, the process size limit was hit
# Possible solutions:
#   Reduce memory load on the system
#   Increase physical memory or swap space
#   Check if swap backing store is full
#   Use 64 bit Java on a 64 bit OS
#   Decrease Java heap size (-Xmx/-Xms)
#   Decrease number of Java threads
#   Decrease Java thread stack sizes (-Xss)
#   Set larger code cache with -XX:ReservedCodeCacheSize=
# This output file may be truncated or incomplete.
#
#  Out of Memory Error (allocation.cpp:273), pid=8128, tid=0x0000000000001b68
#
# JRE version: Java(TM) SE Runtime Environment (8.0_131-b11) (build 1.8.0_131-b11)
# Java VM: Java HotSpot(TM) 64-Bit Server VM (25.131-b11 mixed mode windows-amd64 compressed oops)
# Failed to write core dump. Minidumps are not enabled by default on client versions of Windows
#

---------------  T H R E A D  ---------------

Current thread (0x0000000017151000):  JavaThread "C2 CompilerThread0" daemon [_thread_in_native, id=7016, stack(0x0000000017530000,0x0000000017630000)]

Stack: [0x0000000017530000,0x0000000017630000]
[error occurred during error reporting (printing stack bounds), id 0xc0000005]

Native frames: (J=compiled Java code, j=interpreted, Vv=VM code, C=native code)


Current CompileTask:
C2:   2911    5       4       java.lang.String::hashCode (55 bytes)


---------------  P R O C E S S  ---------------

Java Threads: ( => current thread )
  0x00000000171f2000 JavaThread "Service Thread" daemon [_thread_new, id=5980, stack(0x0000000000000000,0x0000000000000000)]
  0x0000000017155000 JavaThread "C1 CompilerThread2" daemon [_thread_blocked, id=1920, stack(0x0000000017730000,0x0000000017830000)]
  0x0000000017154000 JavaThread "C2 CompilerThread1" daemon [_thread_in_vm, id=2640, stack(0x0000000017630000,0x0000000017730000)]
=>0x0000000017151000 JavaThread "C2 CompilerThread0" daemon [_thread_in_native, id=7016, stack(0x0000000017530000,0x0000000017630000)]
  0x00000000170f9000 JavaThread "Monitor Ctrl-Break" daemon [_thread_in_native, id=460, stack(0x0000000017430000,0x0000000017530000)]
  0x00000000159b0000 JavaThread "Attach Listener" daemon [_thread_blocked, id=432, stack(0x0000000016f30000,0x0000000017030000)]
  0x00000000159ad000 JavaThread "Signal Dispatcher" daemon [_thread_blocked, id=3028, stack(0x0000000016e30000,0x0000000016f30000)]
  0x000000001599a800 JavaThread "Finalizer" daemon [_thread_blocked, id=8136, stack(0x0000000016c20000,0x0000000016d20000)]
  0x0000000015979000 JavaThread "Reference Handler" daemon [_thread_blocked, id=5720, stack(0x0000000016b20000,0x0000000016c20000)]
  0x00000000032e3000 JavaThread "main" [_thread_in_Java, id=5804, stack(0x0000000002ff0000,0x00000000030f0000)]

Other Threads:
  0x0000000015977800 VMThread [stack: 0x0000000016a20000,0x0000000016b20000] [id=3520]

VM state:not at safepoint (normal execution)

VM Mutex/Monitor currently owned by a thread: None

Heap:
 PSYoungGen      total 18944K, used 2667K [0x00000000eb400000, 0x00000000ec900000, 0x0000000100000000)
  eden space 16384K, 16% used [0x00000000eb400000,0x00000000eb69af50,0x00000000ec400000)
  from space 2560K, 0% used [0x00000000ec680000,0x00000000ec680000,0x00000000ec900000)
  to   space 2560K, 0% used [0x00000000ec400000,0x00000000ec400000,0x00000000ec680000)
 ParOldGen       total 44032K, used 0K [0x00000000c1c00000, 0x00000000c4700000, 0x00000000eb400000)
  object space 44032K, 0% used [0x00000000c1c00000,0x00000000c1c00000,0x00000000c4700000)
 Metaspace       used 3106K, capacity 4494K, committed 4864K, reserved 1056768K
  class space    used 344K, capacity 386K, committed 512K, reserved 1048576K

Card table byte_map: [0x00000000127a0000,0x00000000129a0000] byte_map_base: 0x0000000012192000

Marking Bits: (ParMarkBitMap*) 0x0000000067c3c720
 Begin Bits: [0x0000000012ef0000, 0x0000000013e80000)
 End Bits:   [0x0000000013e80000, 0x0000000014e10000)

Polling page: 0x0000000002ef0000

CodeCache: size=245760Kb used=1086Kb max_used=1095Kb free=244673Kb
 bounds [0x00000000033e0000, 0x0000000003650000, 0x00000000123e0000]
 total_blobs=248 nmethods=12 adapters=150
 compilation: enabled

Compilation events (10 events):
Event: 2.905 Thread 0x0000000017155000 nmethod 7 0x00000000034e3150 code [0x00000000034e32a0, 0x00000000034e33d0]
Event: 2.905 Thread 0x0000000017151000    5       4       java.lang.String::hashCode (55 bytes)
Event: 2.905 Thread 0x0000000017154000    4       4       java.lang.AbstractStringBuilder::ensureCapacityInternal (27 bytes)
Event: 2.905 Thread 0x0000000017155000    8       3       java.lang.String::indexOf (70 bytes)
Event: 2.906 Thread 0x0000000017155000 nmethod 8 0x00000000034e2950 code [0x00000000034e2ae0, 0x00000000034e2e68]
Event: 2.906 Thread 0x0000000017155000   10       3       java.lang.Object::<init> (1 bytes)
Event: 2.906 Thread 0x0000000017155000 nmethod 10 0x00000000034e5cd0 code [0x00000000034e5e20, 0x00000000034e5f70]
Event: 2.906 Thread 0x0000000017155000    9       3       java.lang.String::substring (79 bytes)
Event: 2.907 Thread 0x0000000017155000 nmethod 9 0x00000000034e5450 code [0x00000000034e5600, 0x00000000034e5a98]
Event: 2.907 Thread 0x0000000017155000   11       3       java.util.Arrays::copyOfRange (63 bytes)

GC Heap History (0 events):
No events

Deoptimization events (0 events):
No events

Internal exceptions (2 events):
Event: 0.496 Thread 0x00000000032e3000 Exception <a 'java/lang/NoSuchMethodError': Method sun.misc.Unsafe.defineClass(Ljava/lang/String;[BII)Ljava/lang/Class; name or signature does not match> (0x00000000eb407ca8) thrown at [C:\re\workspace\8-2-build-windows-amd64-cygwin\jdk8u131\8869\hotspot\
Event: 0.497 Thread 0x00000000032e3000 Exception <a 'java/lang/NoSuchMethodError': Method sun.misc.Unsafe.prefetchRead(Ljava/lang/Object;J)V name or signature does not match> (0x00000000eb407f90) thrown at [C:\re\workspace\8-2-build-windows-amd64-cygwin\jdk8u131\8869\hotspot\src\share\vm\prims

Events (10 events):
Event: 2.905 loading class sun/usagetracker/UsageTrackerClient$2 done
Event: 2.905 loading class java/lang/ProcessEnvironment
Event: 2.905 loading class java/lang/ProcessEnvironment done
Event: 2.905 loading class java/lang/ProcessEnvironment$NameComparator
Event: 2.905 loading class java/lang/ProcessEnvironment$NameComparator done
Event: 2.905 loading class java/lang/ProcessEnvironment$EntryComparator
Event: 2.905 loading class java/lang/ProcessEnvironment$EntryComparator done
Event: 2.905 loading class java/util/Collections$UnmodifiableMap
Event: 2.905 loading class java/util/Collections$UnmodifiableMap done
Event: 2.908 loading class java/util/TreeMap


Dynamic libraries:
0x00007ff70a340000 - 0x00007ff70a377000 	C:\Program Files\Java\jdk1.8.0_131\bin\java.exe
0x00007ffd9fa50000 - 0x00007ffd9fc21000 	C:\Windows\SYSTEM32\ntdll.dll
0x00007ffd9d140000 - 0x00007ffd9d1ec000 	C:\Windows\System32\KERNEL32.DLL
0x00007ffd9cdc0000 - 0x00007ffd9cfdd000 	C:\Windows\System32\KERNELBASE.dll
0x00007ffd9d830000 - 0x00007ffd9d8d2000 	C:\Windows\System32\ADVAPI32.dll
0x00007ffd9f470000 - 0x00007ffd9f50e000 	C:\Windows\System32\msvcrt.dll
0x00007ffd9f7b0000 - 0x00007ffd9f809000 	C:\Windows\System32\sechost.dll
0x00007ffd9f580000 - 0x00007ffd9f6a1000 	C:\Windows\System32\RPCRT4.dll
0x00007ffd9d6c0000 - 0x00007ffd9d825000 	C:\Windows\System32\USER32.dll
0x00007ffd9c6e0000 - 0x00007ffd9c6fe000 	C:\Windows\System32\win32u.dll
0x00007ffd9f430000 - 0x00007ffd9f464000 	C:\Windows\System32\GDI32.dll
0x00007ffd9c8a0000 - 0x00007ffd9ca20000 	C:\Windows\System32\gdi32full.dll
0x00007ffd927f0000 - 0x00007ffd92a6a000 	C:\Windows\WinSxS\amd64_microsoft.windows.common-controls_6595b64144ccf1df_6.0.14393.953_none_42151e83c686086b\COMCTL32.dll
0x00007ffd9d270000 - 0x00007ffd9d538000 	C:\Windows\System32\combase.dll
0x00007ffd9c700000 - 0x00007ffd9c7f5000 	C:\Windows\System32\ucrtbase.dll
0x00007ffd9cca0000 - 0x00007ffd9cd0a000 	C:\Windows\System32\bcryptPrimitives.dll
0x00007ffd9f720000 - 0x00007ffd9f74e000 	C:\Windows\System32\IMM32.DLL
0x0000000067cc0000 - 0x0000000067d92000 	C:\Program Files\Java\jdk1.8.0_131\jre\bin\msvcr100.dll
0x0000000067420000 - 0x0000000067cbc000 	C:\Program Files\Java\jdk1.8.0_131\jre\bin\server\jvm.dll
0x00007ffd8bdd0000 - 0x00007ffd8bdd9000 	C:\Windows\SYSTEM32\WSOCK32.dll
0x00007ffd9d6b0000 - 0x00007ffd9d6b8000 	C:\Windows\System32\PSAPI.DLL
0x00007ffd9f510000 - 0x00007ffd9f57a000 	C:\Windows\System32\WS2_32.dll
0x00007ffd99c00000 - 0x00007ffd99c23000 	C:\Windows\SYSTEM32\WINMM.dll
0x00007ffd8cae0000 - 0x00007ffd8caea000 	C:\Windows\SYSTEM32\VERSION.dll
0x0000000002e90000 - 0x0000000002ebb000 	C:\Windows\SYSTEM32\WINMMBASE.dll
0x00007ffd9cd70000 - 0x00007ffd9cdb2000 	C:\Windows\System32\cfgmgr32.dll
0x0000000067410000 - 0x000000006741f000 	C:\Program Files\Java\jdk1.8.0_131\jre\bin\verify.dll
0x00000000673e0000 - 0x0000000067409000 	C:\Program Files\Java\jdk1.8.0_131\jre\bin\java.dll
0x00000000673b0000 - 0x00000000673d3000 	C:\Program Files\Java\jdk1.8.0_131\jre\bin\instrument.dll
0x0000000067390000 - 0x00000000673a6000 	C:\Program Files\Java\jdk1.8.0_131\jre\bin\zip.dll
0x00007ffd9da30000 - 0x00007ffd9ef38000 	C:\Windows\System32\SHELL32.dll
0x00007ffd9bf50000 - 0x00007ffd9c62a000 	C:\Windows\System32\windows.storage.dll
0x00007ffd9bee0000 - 0x00007ffd9bf2c000 	C:\Windows\System32\powrprof.dll
0x00007ffd9d550000 - 0x00007ffd9d5a2000 	C:\Windows\System32\shlwapi.dll
0x00007ffd9bed0000 - 0x00007ffd9bedf000 	C:\Windows\System32\kernel.appcore.dll
0x00007ffd9c630000 - 0x00007ffd9c6d9000 	C:\Windows\System32\shcore.dll
0x00007ffd9bf30000 - 0x00007ffd9bf44000 	C:\Windows\System32\profapi.dll
0x00007ffd90820000 - 0x00007ffd9083a000 	C:\Program Files\JetBrains\IntelliJ IDEA Community Edition 2017.1.4\bin\breakgen64.dll

VM Arguments:
jvm_args: -javaagent:C:\Program Files\JetBrains\IntelliJ IDEA Community Edition 2017.1.4\lib\idea_rt.jar=54304:C:\Program Files\JetBrains\IntelliJ IDEA Community Edition 2017.1.4\bin -Dfile.encoding=UTF-8 
java_command: gui.StartApp
java_class_path (initial): C:\Program Files\Java\jdk1.8.0_131\jre\lib\charsets.jar;C:\Program Files\Java\jdk1.8.0_131\jre\lib\deploy.jar;C:\Program Files\Java\jdk1.8.0_131\jre\lib\ext\access-bridge-64.jar;C:\Program Files\Java\jdk1.8.0_131\jre\lib\ext\cldrdata.jar;C:\Program Files\Java\jdk1.8.0_131\jre\lib\ext\dnsns.jar;C:\Program Files\Java\jdk1.8.0_131\jre\lib\ext\jaccess.jar;C:\Program Files\Java\jdk1.8.0_131\jre\lib\ext\jfxrt.jar;C:\Program Files\Java\jdk1.8.0_131\jre\lib\ext\localedata.jar;C:\Program Files\Java\jdk1.8.0_131\jre\lib\ext\nashorn.jar;C:\Program Files\Java\jdk1.8.0_131\jre\lib\ext\sunec.jar;C:\Program Files\Java\jdk1.8.0_131\jre\lib\ext\sunjce_provider.jar;C:\Program Files\Java\jdk1.8.0_131\jre\lib\ext\sunmscapi.jar;C:\Program Files\Java\jdk1.8.0_131\jre\lib\ext\sunpkcs11.jar;C:\Program Files\Java\jdk1.8.0_131\jre\lib\ext\zipfs.jar;C:\Program Files\Java\jdk1.8.0_131\jre\lib\javaws.jar;C:\Program Files\Java\jdk1.8.0_131\jre\lib\jce.jar;C:\Program Files\Java\jdk1.8.0_131\jre\lib\jfr.jar;C:\Program Files\Java\jdk1.8.0_131\jre\lib\jfxswt.jar;C:\Program Files\Java\jdk1.8.0_131\jre\lib\jsse.jar;C:\Program Files\Java\jdk1.8.0_131\jre\lib\management-agent.jar;C:\Program Files\Java\jdk1.8.0_131\jre\lib\plugin.jar;C:\Program Files\Java\jdk1.8.0_131\jre\lib\resources.jar;C:\Program Files\Java\jdk1.8.0_131\jre\lib\rt.jar;C:\Users\Joshuan\Documents\IntelliJProjects\Radar\out\production\Radar;C:\Users\Joshuan\Documents\IntelliJProjects\mysql-connector-java-5.1.42-bin.jar;C:\Users\Joshuan\Documents\IntelliJProjects\hibernate_Jars\antlr-2.7.7.jar;C:\Users\Joshuan\Documents\IntelliJProjects\hibernate_Jars\dom4j-1.6.1.jar;C:\Users\Joshuan\Documents\IntelliJProjects\hibernate_Jars\c3p0-0.9.2.1.jar;C:\Users\Joshuan\Documents\IntelliJProjects\hibernate_Jars\slf4j-api-1.6.1.jar;C:\Users\Joshuan\Documents\IntelliJProjects\hibernate_Jars\ehcache-core-2.4.3.jar;C:\Users\Joshuan\Documents\IntelliJProjects\hibernate_Jars\slf4j-simple-1.6.1.jar;C:\Users\Joshuan\Documents\In
Launcher Type: SUN_STANDARD

Environment Variables:
PATH=C:\ProgramData\Oracle\Java\javapath;C:\Windows\system32;C:\Windows;C:\Windows\System32\Wbem;C:\Windows\System32\WindowsPowerShell\v1.0\;C:\Program Files\Java\jdk1.8.0_131\bin;C:\Program Files (x86)\MySQL\MySQL Fabric 1.5 & MySQL Utilities 1.5\;C:\Program Files (x86)\MySQL\MySQL Fabric 1.5 & MySQL Utilities 1.5\Doctrine extensions for PHP\;C:\Users\Joshuan\AppData\Local\Microsoft\WindowsApps;
USERNAME=Joshuan
OS=Windows_NT
PROCESSOR_IDENTIFIER=Intel64 Family 6 Model 58 Stepping 9, GenuineIntel



---------------  S Y S T E M  ---------------

OS: Windows 10.0 , 64 bit Build 14393 (10.0.14393.1198)

CPU:total 4 (initial active 4) (2 cores per cpu, 2 threads per core) family 6 model 58 stepping 9, cmov, cx8, fxsr, mmx, sse, sse2, sse3, ssse3, sse4.1, sse4.2, popcnt, avx, clmul, erms, ht, tsc, tscinvbit, tscinv

Memory: 4k page, physical 4074492k(724284k free), swap 4074492k(472k free)

vm_info: Java HotSpot(TM) 64-Bit Server VM (25.131-b11) for windows-amd64 JRE (1.8.0_131-b11), built on Mar 15 2017 01:23:53 by "java_re" with MS VC++ 10.0 (VS2010)

time: Wed Jul 19 15:23:43 2017
elapsed time: 2 seconds (0d 0h 0m 2s)

