#
# There is insufficient memory for the Java Runtime Environment to continue.
# Native memory allocation (malloc) failed to allocate 32744 bytes for ChunkPool::allocate
# Possible reasons:
#   The system is out of physical RAM or swap space
#   In 32 bit mode, the process size limit was hit
# Possible solutions:
#   Reduce memory load on the system
#   Increase physical memory or swap space
#   Check if swap backing store is full
#   Use 64 bit Java on a 64 bit OS
#   Decrease Java heap size (-Xmx/-Xms)
#   Decrease number of Java threads
#   Decrease Java thread stack sizes (-Xss)
#   Set larger code cache with -XX:ReservedCodeCacheSize=
# This output file may be truncated or incomplete.
#
#  Out of Memory Error (allocation.cpp:273), pid=7848, tid=0x0000000000001244
#
# JRE version: Java(TM) SE Runtime Environment (8.0_131-b11) (build 1.8.0_131-b11)
# Java VM: Java HotSpot(TM) 64-Bit Server VM (25.131-b11 mixed mode windows-amd64 compressed oops)
# Failed to write core dump. Minidumps are not enabled by default on client versions of Windows
#

---------------  T H R E A D  ---------------

Current thread (0x0000000016ee0000):  JavaThread "C2 CompilerThread0" daemon [_thread_in_native, id=4676, stack(0x00000000172c0000,0x00000000173c0000)]

Stack: [0x00000000172c0000,0x00000000173c0000]
[error occurred during error reporting (printing stack bounds), id 0xc0000005]

Native frames: (J=compiled Java code, j=interpreted, Vv=VM code, C=native code)


Current CompileTask:
C2:   3491   29       4       java.lang.AbstractStringBuilder::append (29 bytes)


---------------  P R O C E S S  ---------------

Java Threads: ( => current thread )
  0x0000000016f75000 JavaThread "Service Thread" daemon [_thread_blocked, id=3376, stack(0x00000000175c0000,0x00000000176c0000)]
  0x0000000016ee5000 JavaThread "C1 CompilerThread2" daemon [_thread_in_native, id=472, stack(0x00000000174c0000,0x00000000175c0000)]
  0x0000000016ee3800 JavaThread "C2 CompilerThread1" daemon [_thread_in_native, id=7060, stack(0x00000000173c0000,0x00000000174c0000)]
=>0x0000000016ee0000 JavaThread "C2 CompilerThread0" daemon [_thread_in_native, id=4676, stack(0x00000000172c0000,0x00000000173c0000)]
  0x0000000016ebc000 JavaThread "Monitor Ctrl-Break" daemon [_thread_in_native, id=5076, stack(0x00000000171c0000,0x00000000172c0000)]
  0x000000001575e800 JavaThread "Attach Listener" daemon [_thread_blocked, id=972, stack(0x0000000016cc0000,0x0000000016dc0000)]
  0x000000001575d000 JavaThread "Signal Dispatcher" daemon [_thread_blocked, id=5872, stack(0x0000000016bc0000,0x0000000016cc0000)]
  0x000000001574a800 JavaThread "Finalizer" daemon [_thread_blocked, id=4176, stack(0x00000000169b0000,0x0000000016ab0000)]
  0x0000000015729000 JavaThread "Reference Handler" daemon [_thread_blocked, id=3332, stack(0x00000000168b0000,0x00000000169b0000)]
  0x0000000003093000 JavaThread "main" [_thread_in_native, id=4400, stack(0x0000000002e90000,0x0000000002f90000)]

Other Threads:
  0x0000000015727800 VMThread [stack: 0x00000000167b0000,0x00000000168b0000] [id=2356]
  0x0000000016ffc000 WatcherThread [stack: 0x00000000176c0000,0x00000000177c0000] [id=5312]

VM state:not at safepoint (normal execution)

VM Mutex/Monitor currently owned by a thread: None

Heap:
 PSYoungGen      total 18944K, used 2667K [0x00000000eb400000, 0x00000000ec900000, 0x0000000100000000)
  eden space 16384K, 16% used [0x00000000eb400000,0x00000000eb69af50,0x00000000ec400000)
  from space 2560K, 0% used [0x00000000ec680000,0x00000000ec680000,0x00000000ec900000)
  to   space 2560K, 0% used [0x00000000ec400000,0x00000000ec400000,0x00000000ec680000)
 ParOldGen       total 44032K, used 0K [0x00000000c1c00000, 0x00000000c4700000, 0x00000000eb400000)
  object space 44032K, 0% used [0x00000000c1c00000,0x00000000c1c00000,0x00000000c4700000)
 Metaspace       used 3270K, capacity 4494K, committed 4864K, reserved 1056768K
  class space    used 362K, capacity 386K, committed 512K, reserved 1048576K

Card table byte_map: [0x0000000012550000,0x0000000012750000] byte_map_base: 0x0000000011f42000

Marking Bits: (ParMarkBitMap*) 0x0000000067c3c720
 Begin Bits: [0x0000000012ca0000, 0x0000000013c30000)
 End Bits:   [0x0000000013c30000, 0x0000000014bc0000)

Polling page: 0x0000000001170000

CodeCache: size=245760Kb used=1117Kb max_used=1117Kb free=244643Kb
 bounds [0x0000000003190000, 0x0000000003400000, 0x0000000012190000]
 total_blobs=271 nmethods=27 adapters=157
 compilation: enabled

Compilation events (10 events):
Event: 3.356 Thread 0x0000000016ee5000 nmethod 26 0x00000000032a3610 code [0x00000000032a37c0, 0x00000000032a3e10]
Event: 3.356 Thread 0x0000000016ee5000   25       3       java.lang.String::startsWith (7 bytes)
Event: 3.356 Thread 0x0000000016ee5000 nmethod 25 0x00000000032a41d0 code [0x00000000032a4340, 0x00000000032a4548]
Event: 3.356 Thread 0x0000000016ee5000   24       3       java.util.Arrays::copyOf (19 bytes)
Event: 3.356 Thread 0x0000000016ee5000 nmethod 24 0x00000000032a45d0 code [0x00000000032a4740, 0x00000000032a4a68]
Event: 3.413 Thread 0x0000000016ee5000   27       3       java.util.HashMap::putVal (300 bytes)
Event: 3.415 Thread 0x0000000016ee5000 nmethod 27 0x00000000032a4b90 code [0x00000000032a4e00, 0x00000000032a60b8]
Event: 3.480 Thread 0x0000000016ee3800   28  s    4       java.lang.StringBuffer::append (13 bytes)
Event: 3.480 Thread 0x0000000016ee0000   29       4       java.lang.AbstractStringBuilder::append (29 bytes)
Event: 3.481 Thread 0x0000000016ee5000   31       3       java.io.WinNTFileSystem::normalize (231 bytes)

GC Heap History (0 events):
No events

Deoptimization events (0 events):
No events

Internal exceptions (2 events):
Event: 0.791 Thread 0x0000000003093000 Exception <a 'java/lang/NoSuchMethodError': Method sun.misc.Unsafe.defineClass(Ljava/lang/String;[BII)Ljava/lang/Class; name or signature does not match> (0x00000000eb407ca8) thrown at [C:\re\workspace\8-2-build-windows-amd64-cygwin\jdk8u131\8869\hotspot\
Event: 0.792 Thread 0x0000000003093000 Exception <a 'java/lang/NoSuchMethodError': Method sun.misc.Unsafe.prefetchRead(Ljava/lang/Object;J)V name or signature does not match> (0x00000000eb407f90) thrown at [C:\re\workspace\8-2-build-windows-amd64-cygwin\jdk8u131\8869\hotspot\src\share\vm\prims

Events (10 events):
Event: 3.422 loading class java/net/AbstractPlainSocketImpl done
Event: 3.422 loading class java/net/PlainSocketImpl done
Event: 3.422 loading class java/net/SocksSocketImpl done
Event: 3.422 loading class java/net/AbstractPlainSocketImpl$1
Event: 3.422 loading class java/net/AbstractPlainSocketImpl$1 done
Event: 3.423 loading class java/net/PlainSocketImpl$1
Event: 3.423 loading class java/net/PlainSocketImpl$1 done
Event: 3.423 loading class sun/misc/FloatingDecimal
Event: 3.457 loading class sun/misc/FloatingDecimal done
Event: 3.457 loading class sun/misc/FloatingDecimal$ExceptionalBinaryToASCIIBuffer


Dynamic libraries:
0x00007ff70a340000 - 0x00007ff70a377000 	C:\Program Files\Java\jdk1.8.0_131\bin\java.exe
0x00007ffd9fa50000 - 0x00007ffd9fc21000 	C:\Windows\SYSTEM32\ntdll.dll
0x00007ffd9d140000 - 0x00007ffd9d1ec000 	C:\Windows\System32\KERNEL32.DLL
0x00007ffd9cdc0000 - 0x00007ffd9cfdd000 	C:\Windows\System32\KERNELBASE.dll
0x00007ffd9d830000 - 0x00007ffd9d8d2000 	C:\Windows\System32\ADVAPI32.dll
0x00007ffd9f470000 - 0x00007ffd9f50e000 	C:\Windows\System32\msvcrt.dll
0x00007ffd9f7b0000 - 0x00007ffd9f809000 	C:\Windows\System32\sechost.dll
0x00007ffd9f580000 - 0x00007ffd9f6a1000 	C:\Windows\System32\RPCRT4.dll
0x00007ffd9d6c0000 - 0x00007ffd9d825000 	C:\Windows\System32\USER32.dll
0x00007ffd9c6e0000 - 0x00007ffd9c6fe000 	C:\Windows\System32\win32u.dll
0x00007ffd9f430000 - 0x00007ffd9f464000 	C:\Windows\System32\GDI32.dll
0x00007ffd9c8a0000 - 0x00007ffd9ca20000 	C:\Windows\System32\gdi32full.dll
0x00007ffd927f0000 - 0x00007ffd92a6a000 	C:\Windows\WinSxS\amd64_microsoft.windows.common-controls_6595b64144ccf1df_6.0.14393.953_none_42151e83c686086b\COMCTL32.dll
0x00007ffd9d270000 - 0x00007ffd9d538000 	C:\Windows\System32\combase.dll
0x00007ffd9c700000 - 0x00007ffd9c7f5000 	C:\Windows\System32\ucrtbase.dll
0x00007ffd9cca0000 - 0x00007ffd9cd0a000 	C:\Windows\System32\bcryptPrimitives.dll
0x00007ffd9f720000 - 0x00007ffd9f74e000 	C:\Windows\System32\IMM32.DLL
0x0000000067cc0000 - 0x0000000067d92000 	C:\Program Files\Java\jdk1.8.0_131\jre\bin\msvcr100.dll
0x0000000067420000 - 0x0000000067cbc000 	C:\Program Files\Java\jdk1.8.0_131\jre\bin\server\jvm.dll
0x00007ffd9d6b0000 - 0x00007ffd9d6b8000 	C:\Windows\System32\PSAPI.DLL
0x00007ffd99c00000 - 0x00007ffd99c23000 	C:\Windows\SYSTEM32\WINMM.dll
0x00007ffd99ba0000 - 0x00007ffd99bcb000 	C:\Windows\SYSTEM32\WINMMBASE.dll
0x00007ffd9cd70000 - 0x00007ffd9cdb2000 	C:\Windows\System32\cfgmgr32.dll
0x00007ffd8cae0000 - 0x00007ffd8caea000 	C:\Windows\SYSTEM32\VERSION.dll
0x00007ffd8bdd0000 - 0x00007ffd8bdd9000 	C:\Windows\SYSTEM32\WSOCK32.dll
0x00007ffd9f510000 - 0x00007ffd9f57a000 	C:\Windows\System32\WS2_32.dll
0x0000000067410000 - 0x000000006741f000 	C:\Program Files\Java\jdk1.8.0_131\jre\bin\verify.dll
0x00000000673e0000 - 0x0000000067409000 	C:\Program Files\Java\jdk1.8.0_131\jre\bin\java.dll
0x00000000673b0000 - 0x00000000673d3000 	C:\Program Files\Java\jdk1.8.0_131\jre\bin\instrument.dll
0x0000000067390000 - 0x00000000673a6000 	C:\Program Files\Java\jdk1.8.0_131\jre\bin\zip.dll
0x00007ffd9da30000 - 0x00007ffd9ef38000 	C:\Windows\System32\SHELL32.dll
0x00007ffd9bf50000 - 0x00007ffd9c62a000 	C:\Windows\System32\windows.storage.dll
0x00007ffd9bee0000 - 0x00007ffd9bf2c000 	C:\Windows\System32\powrprof.dll
0x00007ffd9d550000 - 0x00007ffd9d5a2000 	C:\Windows\System32\shlwapi.dll
0x00007ffd9bed0000 - 0x00007ffd9bedf000 	C:\Windows\System32\kernel.appcore.dll
0x00007ffd9c630000 - 0x00007ffd9c6d9000 	C:\Windows\System32\shcore.dll
0x00007ffd9bf30000 - 0x00007ffd9bf44000 	C:\Windows\System32\profapi.dll
0x00007ffd90820000 - 0x00007ffd9083a000 	C:\Program Files\JetBrains\IntelliJ IDEA Community Edition 2017.1.4\bin\breakgen64.dll
0x0000000067370000 - 0x000000006738a000 	C:\Program Files\Java\jdk1.8.0_131\jre\bin\net.dll
0x00007ffd9b7f0000 - 0x00007ffd9b84c000 	C:\Windows\system32\mswsock.dll

VM Arguments:
jvm_args: -javaagent:C:\Program Files\JetBrains\IntelliJ IDEA Community Edition 2017.1.4\lib\idea_rt.jar=54295:C:\Program Files\JetBrains\IntelliJ IDEA Community Edition 2017.1.4\bin -Dfile.encoding=UTF-8 
java_command: gui.StartApp
java_class_path (initial): C:\Program Files\Java\jdk1.8.0_131\jre\lib\charsets.jar;C:\Program Files\Java\jdk1.8.0_131\jre\lib\deploy.jar;C:\Program Files\Java\jdk1.8.0_131\jre\lib\ext\access-bridge-64.jar;C:\Program Files\Java\jdk1.8.0_131\jre\lib\ext\cldrdata.jar;C:\Program Files\Java\jdk1.8.0_131\jre\lib\ext\dnsns.jar;C:\Program Files\Java\jdk1.8.0_131\jre\lib\ext\jaccess.jar;C:\Program Files\Java\jdk1.8.0_131\jre\lib\ext\jfxrt.jar;C:\Program Files\Java\jdk1.8.0_131\jre\lib\ext\localedata.jar;C:\Program Files\Java\jdk1.8.0_131\jre\lib\ext\nashorn.jar;C:\Program Files\Java\jdk1.8.0_131\jre\lib\ext\sunec.jar;C:\Program Files\Java\jdk1.8.0_131\jre\lib\ext\sunjce_provider.jar;C:\Program Files\Java\jdk1.8.0_131\jre\lib\ext\sunmscapi.jar;C:\Program Files\Java\jdk1.8.0_131\jre\lib\ext\sunpkcs11.jar;C:\Program Files\Java\jdk1.8.0_131\jre\lib\ext\zipfs.jar;C:\Program Files\Java\jdk1.8.0_131\jre\lib\javaws.jar;C:\Program Files\Java\jdk1.8.0_131\jre\lib\jce.jar;C:\Program Files\Java\jdk1.8.0_131\jre\lib\jfr.jar;C:\Program Files\Java\jdk1.8.0_131\jre\lib\jfxswt.jar;C:\Program Files\Java\jdk1.8.0_131\jre\lib\jsse.jar;C:\Program Files\Java\jdk1.8.0_131\jre\lib\management-agent.jar;C:\Program Files\Java\jdk1.8.0_131\jre\lib\plugin.jar;C:\Program Files\Java\jdk1.8.0_131\jre\lib\resources.jar;C:\Program Files\Java\jdk1.8.0_131\jre\lib\rt.jar;C:\Users\Joshuan\Documents\IntelliJProjects\Radar\out\production\Radar;C:\Users\Joshuan\Documents\IntelliJProjects\mysql-connector-java-5.1.42-bin.jar;C:\Users\Joshuan\Documents\IntelliJProjects\hibernate_Jars\antlr-2.7.7.jar;C:\Users\Joshuan\Documents\IntelliJProjects\hibernate_Jars\dom4j-1.6.1.jar;C:\Users\Joshuan\Documents\IntelliJProjects\hibernate_Jars\c3p0-0.9.2.1.jar;C:\Users\Joshuan\Documents\IntelliJProjects\hibernate_Jars\slf4j-api-1.6.1.jar;C:\Users\Joshuan\Documents\IntelliJProjects\hibernate_Jars\ehcache-core-2.4.3.jar;C:\Users\Joshuan\Documents\IntelliJProjects\hibernate_Jars\slf4j-simple-1.6.1.jar;C:\Users\Joshuan\Documents\In
Launcher Type: SUN_STANDARD

Environment Variables:
PATH=C:\ProgramData\Oracle\Java\javapath;C:\Windows\system32;C:\Windows;C:\Windows\System32\Wbem;C:\Windows\System32\WindowsPowerShell\v1.0\;C:\Program Files\Java\jdk1.8.0_131\bin;C:\Program Files (x86)\MySQL\MySQL Fabric 1.5 & MySQL Utilities 1.5\;C:\Program Files (x86)\MySQL\MySQL Fabric 1.5 & MySQL Utilities 1.5\Doctrine extensions for PHP\;C:\Users\Joshuan\AppData\Local\Microsoft\WindowsApps;
USERNAME=Joshuan
OS=Windows_NT
PROCESSOR_IDENTIFIER=Intel64 Family 6 Model 58 Stepping 9, GenuineIntel



---------------  S Y S T E M  ---------------

OS: Windows 10.0 , 64 bit Build 14393 (10.0.14393.1198)

CPU:total 4 (initial active 4) (2 cores per cpu, 2 threads per core) family 6 model 58 stepping 9, cmov, cx8, fxsr, mmx, sse, sse2, sse3, ssse3, sse4.1, sse4.2, popcnt, avx, clmul, erms, ht, tsc, tscinvbit, tscinv

Memory: 4k page, physical 4074492k(730940k free), swap 4074492k(3236k free)

vm_info: Java HotSpot(TM) 64-Bit Server VM (25.131-b11) for windows-amd64 JRE (1.8.0_131-b11), built on Mar 15 2017 01:23:53 by "java_re" with MS VC++ 10.0 (VS2010)

time: Wed Jul 19 15:22:06 2017
elapsed time: 3 seconds (0d 0h 0m 3s)

