#
# There is insufficient memory for the Java Runtime Environment to continue.
# Native memory allocation (malloc) failed to allocate 748256 bytes for Chunk::new
# Possible reasons:
#   The system is out of physical RAM or swap space
#   In 32 bit mode, the process size limit was hit
# Possible solutions:
#   Reduce memory load on the system
#   Increase physical memory or swap space
#   Check if swap backing store is full
#   Use 64 bit Java on a 64 bit OS
#   Decrease Java heap size (-Xmx/-Xms)
#   Decrease number of Java threads
#   Decrease Java thread stack sizes (-Xss)
#   Set larger code cache with -XX:ReservedCodeCacheSize=
# This output file may be truncated or incomplete.
#
#  Out of Memory Error (allocation.cpp:390), pid=5472, tid=0x0000000000000c98
#
# JRE version: Java(TM) SE Runtime Environment (8.0_131-b11) (build 1.8.0_131-b11)
# Java VM: Java HotSpot(TM) 64-Bit Server VM (25.131-b11 mixed mode windows-amd64 compressed oops)
# Failed to write core dump. Minidumps are not enabled by default on client versions of Windows
#

---------------  T H R E A D  ---------------

Current thread (0x00000000168ca000):  JavaThread "C2 CompilerThread1" daemon [_thread_in_native, id=3224, stack(0x0000000016dd0000,0x0000000016ed0000)]

Stack: [0x0000000016dd0000,0x0000000016ed0000]
[error occurred during error reporting (printing stack bounds), id 0xc0000005]

Native frames: (J=compiled Java code, j=interpreted, Vv=VM code, C=native code)


Current CompileTask:
C2:  12392 2299   !   4       java.net.URLClassLoader$1::run (63 bytes)


---------------  P R O C E S S  ---------------

Java Threads: ( => current thread )
  0x0000000017704800 JavaThread "pool-2-thread-1" [_thread_blocked, id=1420, stack(0x0000000022bc0000,0x0000000022cc0000)]
  0x0000000017706000 JavaThread "Abandoned connection cleanup thread" daemon [_thread_blocked, id=6236, stack(0x0000000022ac0000,0x0000000022bc0000)]
  0x00000000175f0000 JavaThread "Prism Font Disposer" daemon [_thread_blocked, id=4712, stack(0x000000001baf0000,0x000000001bbf0000)]
  0x0000000017392000 JavaThread "Thread-3" daemon [_thread_in_native, id=5320, stack(0x0000000019930000,0x0000000019a30000)]
  0x000000001734c800 JavaThread "JavaFX-Launcher" [_thread_blocked, id=2584, stack(0x0000000019a30000,0x0000000019b30000)]
  0x00000000172cd800 JavaThread "JavaFX Application Thread" [_thread_in_vm, id=7968, stack(0x0000000017c90000,0x0000000017d90000)]
  0x00000000172cc800 JavaThread "Thread-1" daemon [_thread_blocked, id=3992, stack(0x0000000017b90000,0x0000000017c90000)]
  0x00000000172ad800 JavaThread "QuantumRenderer-0" daemon [_thread_blocked, id=5028, stack(0x00000000179d0000,0x0000000017ad0000)]
  0x00000000169a2800 JavaThread "Service Thread" daemon [_thread_blocked, id=3620, stack(0x0000000016fd0000,0x00000000170d0000)]
  0x0000000016901000 JavaThread "C1 CompilerThread2" daemon [_thread_blocked, id=6292, stack(0x0000000016ed0000,0x0000000016fd0000)]
=>0x00000000168ca000 JavaThread "C2 CompilerThread1" daemon [_thread_in_native, id=3224, stack(0x0000000016dd0000,0x0000000016ed0000)]
  0x00000000168fe000 JavaThread "C2 CompilerThread0" daemon [_thread_in_native, id=4032, stack(0x0000000016cd0000,0x0000000016dd0000)]
  0x00000000168c4800 JavaThread "Monitor Ctrl-Break" daemon [_thread_in_native, id=4728, stack(0x0000000016bd0000,0x0000000016cd0000)]
  0x000000001515f000 JavaThread "Attach Listener" daemon [_thread_blocked, id=4440, stack(0x00000000166d0000,0x00000000167d0000)]
  0x000000001515d800 JavaThread "Signal Dispatcher" daemon [_thread_blocked, id=6452, stack(0x00000000165d0000,0x00000000166d0000)]
  0x000000001514a800 JavaThread "Finalizer" daemon [_thread_blocked, id=7988, stack(0x00000000163c0000,0x00000000164c0000)]
  0x0000000015129000 JavaThread "Reference Handler" daemon [_thread_blocked, id=5484, stack(0x00000000162c0000,0x00000000163c0000)]
  0x0000000002a93000 JavaThread "main" [_thread_blocked, id=1664, stack(0x0000000002890000,0x0000000002990000)]

Other Threads:
  0x0000000015127800 VMThread [stack: 0x00000000161c0000,0x00000000162c0000] [id=8124]
  0x00000000169b3000 WatcherThread [stack: 0x00000000170d0000,0x00000000171d0000] [id=3016]

VM state:not at safepoint (normal execution)

VM Mutex/Monitor currently owned by a thread: None

Heap:
 PSYoungGen      total 33280K, used 17610K [0x00000000eb400000, 0x00000000edc80000, 0x0000000100000000)
  eden space 26112K, 49% used [0x00000000eb400000,0x00000000ec088600,0x00000000ecd80000)
  from space 7168K, 66% used [0x00000000ed480000,0x00000000ed92a2d0,0x00000000edb80000)
  to   space 7168K, 0% used [0x00000000ecd80000,0x00000000ecd80000,0x00000000ed480000)
 ParOldGen       total 37888K, used 10063K [0x00000000c1c00000, 0x00000000c4100000, 0x00000000eb400000)
  object space 37888K, 26% used [0x00000000c1c00000,0x00000000c25d3c98,0x00000000c4100000)
 Metaspace       used 30444K, capacity 31310K, committed 31360K, reserved 1077248K
  class space    used 4217K, capacity 4438K, committed 4480K, reserved 1048576K

Card table byte_map: [0x0000000011f50000,0x0000000012150000] byte_map_base: 0x0000000011942000

Marking Bits: (ParMarkBitMap*) 0x000000006871c720
 Begin Bits: [0x00000000126a0000, 0x0000000013630000)
 End Bits:   [0x0000000013630000, 0x00000000145c0000)

Polling page: 0x00000000007f0000

CodeCache: size=245760Kb used=7164Kb max_used=7164Kb free=238595Kb
 bounds [0x0000000002b90000, 0x00000000032a0000, 0x0000000011b90000]
 total_blobs=3107 nmethods=2314 adapters=705
 compilation: enabled

Compilation events (10 events):
Event: 12.336 Thread 0x0000000016901000 2312       1       sun.util.locale.BaseLocale::getVariant (5 bytes)
Event: 12.336 Thread 0x0000000016901000 nmethod 2312 0x000000000328acd0 code [0x000000000328ae20, 0x000000000328af30]
Event: 12.347 Thread 0x0000000016901000 2313       3       java.lang.reflect.Constructor::copy (72 bytes)
Event: 12.348 Thread 0x0000000016901000 nmethod 2313 0x0000000003291550 code [0x00000000032916e0, 0x0000000003291a38]
Event: 12.348 Thread 0x0000000016901000 2314       3       java.lang.reflect.Constructor::<init> (50 bytes)
Event: 12.348 Thread 0x0000000016901000 nmethod 2314 0x0000000003291b50 code [0x0000000003291cc0, 0x0000000003291fd0]
Event: 12.353 Thread 0x0000000016901000 2316       3       org.hibernate.persister.entity.AbstractEntityPersister::getEntityName (8 bytes)
Event: 12.353 Thread 0x0000000016901000 nmethod 2316 0x0000000003292450 code [0x00000000032925a0, 0x0000000003292730]
Event: 12.377 Thread 0x0000000016901000 2317       1       org.hibernate.service.spi.ServiceBinding::getService (5 bytes)
Event: 12.377 Thread 0x0000000016901000 nmethod 2317 0x00000000032929d0 code [0x0000000003292b20, 0x0000000003292c30]

GC Heap History (10 events):
Event: 10.574 GC heap before
{Heap before GC invocations=5 (full 0):
 PSYoungGen      total 18944K, used 15103K [0x00000000eb400000, 0x00000000ec900000, 0x0000000100000000)
  eden space 16384K, 79% used [0x00000000eb400000,0x00000000ec0ae4c8,0x00000000ec400000)
  from space 2560K, 82% used [0x00000000ec680000,0x00000000ec891900,0x00000000ec900000)
  to   space 2560K, 0% used [0x00000000ec400000,0x00000000ec400000,0x00000000ec680000)
 ParOldGen       total 44032K, used 6876K [0x00000000c1c00000, 0x00000000c4700000, 0x00000000eb400000)
  object space 44032K, 15% used [0x00000000c1c00000,0x00000000c22b7050,0x00000000c4700000)
 Metaspace       used 20436K, capacity 21192K, committed 21296K, reserved 1067008K
  class space    used 2970K, capacity 3157K, committed 3200K, reserved 1048576K
Event: 10.580 GC heap after
Heap after GC invocations=5 (full 0):
 PSYoungGen      total 18944K, used 2530K [0x00000000eb400000, 0x00000000ed200000, 0x0000000100000000)
  eden space 16384K, 0% used [0x00000000eb400000,0x00000000eb400000,0x00000000ec400000)
  from space 2560K, 98% used [0x00000000ec400000,0x00000000ec678b08,0x00000000ec680000)
  to   space 7168K, 0% used [0x00000000ecb00000,0x00000000ecb00000,0x00000000ed200000)
 ParOldGen       total 44032K, used 7976K [0x00000000c1c00000, 0x00000000c4700000, 0x00000000eb400000)
  object space 44032K, 18% used [0x00000000c1c00000,0x00000000c23ca3f0,0x00000000c4700000)
 Metaspace       used 20436K, capacity 21192K, committed 21296K, reserved 1067008K
  class space    used 2970K, capacity 3157K, committed 3200K, reserved 1048576K
}
Event: 10.580 GC heap before
{Heap before GC invocations=6 (full 1):
 PSYoungGen      total 18944K, used 2530K [0x00000000eb400000, 0x00000000ed200000, 0x0000000100000000)
  eden space 16384K, 0% used [0x00000000eb400000,0x00000000eb400000,0x00000000ec400000)
  from space 2560K, 98% used [0x00000000ec400000,0x00000000ec678b08,0x00000000ec680000)
  to   space 7168K, 0% used [0x00000000ecb00000,0x00000000ecb00000,0x00000000ed200000)
 ParOldGen       total 44032K, used 7976K [0x00000000c1c00000, 0x00000000c4700000, 0x00000000eb400000)
  object space 44032K, 18% used [0x00000000c1c00000,0x00000000c23ca3f0,0x00000000c4700000)
 Metaspace       used 20436K, capacity 21192K, committed 21296K, reserved 1067008K
  class space    used 2970K, capacity 3157K, committed 3200K, reserved 1048576K
Event: 10.654 GC heap after
Heap after GC invocations=6 (full 1):
 PSYoungGen      total 18944K, used 0K [0x00000000eb400000, 0x00000000ed200000, 0x0000000100000000)
  eden space 16384K, 0% used [0x00000000eb400000,0x00000000eb400000,0x00000000ec400000)
  from space 2560K, 0% used [0x00000000ec400000,0x00000000ec400000,0x00000000ec680000)
  to   space 7168K, 0% used [0x00000000ecb00000,0x00000000ecb00000,0x00000000ed200000)
 ParOldGen       total 37888K, used 10039K [0x00000000c1c00000, 0x00000000c4100000, 0x00000000eb400000)
  object space 37888K, 26% used [0x00000000c1c00000,0x00000000c25cdc98,0x00000000c4100000)
 Metaspace       used 20436K, capacity 21192K, committed 21296K, reserved 1067008K
  class space    used 2970K, capacity 3157K, committed 3200K, reserved 1048576K
}
Event: 11.158 GC heap before
{Heap before GC invocations=7 (full 1):
 PSYoungGen      total 18944K, used 16384K [0x00000000eb400000, 0x00000000ed200000, 0x0000000100000000)
  eden space 16384K, 100% used [0x00000000eb400000,0x00000000ec400000,0x00000000ec400000)
  from space 2560K, 0% used [0x00000000ec400000,0x00000000ec400000,0x00000000ec680000)
  to   space 7168K, 0% used [0x00000000ecb00000,0x00000000ecb00000,0x00000000ed200000)
 ParOldGen       total 37888K, used 10039K [0x00000000c1c00000, 0x00000000c4100000, 0x00000000eb400000)
  object space 37888K, 26% used [0x00000000c1c00000,0x00000000c25cdc98,0x00000000c4100000)
 Metaspace       used 23621K, capacity 24430K, committed 24576K, reserved 1071104K
  class space    used 3368K, capacity 3574K, committed 3584K, reserved 1048576K
Event: 11.162 GC heap after
Heap after GC invocations=7 (full 1):
 PSYoungGen      total 23552K, used 2299K [0x00000000eb400000, 0x00000000edb80000, 0x0000000100000000)
  eden space 16384K, 0% used [0x00000000eb400000,0x00000000eb400000,0x00000000ec400000)
  from space 7168K, 32% used [0x00000000ecb00000,0x00000000ecd3eff0,0x00000000ed200000)
  to   space 7168K, 0% used [0x00000000ec400000,0x00000000ec400000,0x00000000ecb00000)
 ParOldGen       total 37888K, used 10047K [0x00000000c1c00000, 0x00000000c4100000, 0x00000000eb400000)
  object space 37888K, 26% used [0x00000000c1c00000,0x00000000c25cfc98,0x00000000c4100000)
 Metaspace       used 23621K, capacity 24430K, committed 24576K, reserved 1071104K
  class space    used 3368K, capacity 3574K, committed 3584K, reserved 1048576K
}
Event: 11.673 GC heap before
{Heap before GC invocations=8 (full 1):
 PSYoungGen      total 23552K, used 18683K [0x00000000eb400000, 0x00000000edb80000, 0x0000000100000000)
  eden space 16384K, 100% used [0x00000000eb400000,0x00000000ec400000,0x00000000ec400000)
  from space 7168K, 32% used [0x00000000ecb00000,0x00000000ecd3eff0,0x00000000ed200000)
  to   space 7168K, 0% used [0x00000000ec400000,0x00000000ec400000,0x00000000ecb00000)
 ParOldGen       total 37888K, used 10047K [0x00000000c1c00000, 0x00000000c4100000, 0x00000000eb400000)
  object space 37888K, 26% used [0x00000000c1c00000,0x00000000c25cfc98,0x00000000c4100000)
 Metaspace       used 26698K, capacity 27470K, committed 27520K, reserved 1073152K
  class space    used 3742K, capacity 3926K, committed 3968K, reserved 1048576K
Event: 11.680 GC heap after
Heap after GC invocations=8 (full 1):
 PSYoungGen      total 23552K, used 4294K [0x00000000eb400000, 0x00000000edb80000, 0x0000000100000000)
  eden space 16384K, 0% used [0x00000000eb400000,0x00000000eb400000,0x00000000ec400000)
  from space 7168K, 59% used [0x00000000ec400000,0x00000000ec8319f8,0x00000000ecb00000)
  to   space 7168K, 0% used [0x00000000ed480000,0x00000000ed480000,0x00000000edb80000)
 ParOldGen       total 37888K, used 10055K [0x00000000c1c00000, 0x00000000c4100000, 0x00000000eb400000)
  object space 37888K, 26% used [0x00000000c1c00000,0x00000000c25d1c98,0x00000000c4100000)
 Metaspace       used 26698K, capacity 27470K, committed 27520K, reserved 1073152K
  class space    used 3742K, capacity 3926K, committed 3968K, reserved 1048576K
}
Event: 11.989 GC heap before
{Heap before GC invocations=9 (full 1):
 PSYoungGen      total 23552K, used 20678K [0x00000000eb400000, 0x00000000edb80000, 0x0000000100000000)
  eden space 16384K, 100% used [0x00000000eb400000,0x00000000ec400000,0x00000000ec400000)
  from space 7168K, 59% used [0x00000000ec400000,0x00000000ec8319f8,0x00000000ecb00000)
  to   space 7168K, 0% used [0x00000000ed480000,0x00000000ed480000,0x00000000edb80000)
 ParOldGen       total 37888K, used 10055K [0x00000000c1c00000, 0x00000000c4100000, 0x00000000eb400000)
  object space 37888K, 26% used [0x00000000c1c00000,0x00000000c25d1c98,0x00000000c4100000)
 Metaspace       used 28746K, capacity 29550K, committed 29568K, reserved 1075200K
  class space    used 4010K, capacity 4214K, committed 4224K, reserved 1048576K
Event: 11.995 GC heap after
Heap after GC invocations=9 (full 1):
 PSYoungGen      total 33280K, used 4776K [0x00000000eb400000, 0x00000000edc80000, 0x0000000100000000)
  eden space 26112K, 0% used [0x00000000eb400000,0x00000000eb400000,0x00000000ecd80000)
  from space 7168K, 66% used [0x00000000ed480000,0x00000000ed92a2d0,0x00000000edb80000)
  to   space 7168K, 0% used [0x00000000ecd80000,0x00000000ecd80000,0x00000000ed480000)
 ParOldGen       total 37888K, used 10063K [0x00000000c1c00000, 0x00000000c4100000, 0x00000000eb400000)
  object space 37888K, 26% used [0x00000000c1c00000,0x00000000c25d3c98,0x00000000c4100000)
 Metaspace       used 28746K, capacity 29550K, committed 29568K, reserved 1075200K
  class space    used 4010K, capacity 4214K, committed 4224K, reserved 1048576K
}

Deoptimization events (10 events):
Event: 11.003 Thread 0x00000000172cd800 Uncommon trap: reason=class_check action=maybe_recompile pc=0x0000000002f43d28 method=java.util.HashMap.putVal(ILjava/lang/Object;Ljava/lang/Object;ZZ)Ljava/lang/Object; @ 253
Event: 11.003 Thread 0x00000000172cd800 Uncommon trap: reason=class_check action=maybe_recompile pc=0x0000000002f43d28 method=java.util.HashMap.putVal(ILjava/lang/Object;Ljava/lang/Object;ZZ)Ljava/lang/Object; @ 253
Event: 11.097 Thread 0x0000000017706000 Uncommon trap: reason=unstable_if action=reinterpret pc=0x0000000002e90e08 method=java.util.zip.ZipCoder.getBytes(Ljava/lang/String;)[B @ 32
Event: 11.098 Thread 0x00000000172cd800 Uncommon trap: reason=unstable_if action=reinterpret pc=0x0000000002ebb494 method=java.lang.AbstractStringBuilder.append(Ljava/lang/String;)Ljava/lang/AbstractStringBuilder; @ 1
Event: 11.109 Thread 0x00000000172cd800 Uncommon trap: reason=unstable_if action=reinterpret pc=0x000000000317cfc8 method=sun.nio.cs.UTF_8$Decoder.decode([BII[C)I @ 30
Event: 11.235 Thread 0x00000000172cd800 Uncommon trap: reason=class_check action=maybe_recompile pc=0x0000000002f43dc8 method=java.util.HashMap.putVal(ILjava/lang/Object;Ljava/lang/Object;ZZ)Ljava/lang/Object; @ 203
Event: 11.309 Thread 0x00000000172cd800 Uncommon trap: reason=predicate action=maybe_recompile pc=0x0000000002f91a30 method=sun.net.www.ParseUtil.encodePath(Ljava/lang/String;Z)Ljava/lang/String; @ 36
Event: 11.460 Thread 0x00000000172cd800 Uncommon trap: reason=unstable_if action=reinterpret pc=0x0000000002dab130 method=java.lang.AbstractStringBuilder.append(Ljava/lang/String;)Ljava/lang/AbstractStringBuilder; @ 1
Event: 12.032 Thread 0x00000000172cd800 Uncommon trap: reason=class_check action=maybe_recompile pc=0x0000000002f43d28 method=java.util.HashMap.putVal(ILjava/lang/Object;Ljava/lang/Object;ZZ)Ljava/lang/Object; @ 253
Event: 12.171 Thread 0x00000000172cd800 Uncommon trap: reason=unstable_if action=reinterpret pc=0x00000000030909e8 method=java.io.WinNTFileSystem.normalize(Ljava/lang/String;)Ljava/lang/String; @ 128

Internal exceptions (10 events):
Event: 1.542 Thread 0x00000000172cd800 Exception <a 'java/lang/ArrayIndexOutOfBoundsException'> (0x00000000eb9bf778) thrown at [C:\re\workspace\8-2-build-windows-amd64-cygwin\jdk8u131\8869\hotspot\src\share\vm\runtime\sharedRuntime.cpp, line 605]
Event: 1.543 Thread 0x00000000172cd800 Exception <a 'java/lang/ArrayIndexOutOfBoundsException'> (0x00000000eb9c1620) thrown at [C:\re\workspace\8-2-build-windows-amd64-cygwin\jdk8u131\8869\hotspot\src\share\vm\runtime\sharedRuntime.cpp, line 605]
Event: 1.624 Thread 0x00000000172cd800 Implicit null exception at 0x0000000002e1c375 to 0x0000000002e1c545
Event: 1.900 Thread 0x00000000172cd800 Exception <a 'java/io/FileNotFoundException'> (0x00000000ebf5db88) thrown at [C:\re\workspace\8-2-build-windows-amd64-cygwin\jdk8u131\8869\hotspot\src\share\vm\prims\jni.cpp, line 709]
Event: 10.015 Thread 0x00000000172cd800 Exception <a 'java/lang/ArrayIndexOutOfBoundsException'> (0x00000000ec3e0990) thrown at [C:\re\workspace\8-2-build-windows-amd64-cygwin\jdk8u131\8869\hotspot\src\share\vm\runtime\sharedRuntime.cpp, line 605]
Event: 10.019 Thread 0x00000000172cd800 Exception <a 'java/lang/ArrayIndexOutOfBoundsException'> (0x00000000ec3f80d0) thrown at [C:\re\workspace\8-2-build-windows-amd64-cygwin\jdk8u131\8869\hotspot\src\share\vm\runtime\sharedRuntime.cpp, line 605]
Event: 10.020 Thread 0x00000000172cd800 Exception <a 'java/lang/ArrayIndexOutOfBoundsException'> (0x00000000ec3fab20) thrown at [C:\re\workspace\8-2-build-windows-amd64-cygwin\jdk8u131\8869\hotspot\src\share\vm\runtime\sharedRuntime.cpp, line 605]
Event: 11.098 Thread 0x00000000172cd800 Implicit null exception at 0x0000000002ebb0d6 to 0x0000000002ebb479
Event: 11.460 Thread 0x00000000172cd800 Exception <a 'java/lang/NullPointerException'> (0x00000000eba96998) thrown at [C:\re\workspace\8-2-build-windows-amd64-cygwin\jdk8u131\8869\hotspot\src\share\vm\runtime\reflection.cpp, line 922]
Event: 11.460 Thread 0x00000000172cd800 Implicit null exception at 0x0000000002daad54 to 0x0000000002dab119

Events (10 events):
Event: 12.382 loading class org/hibernate/engine/jdbc/internal/Formatter
Event: 12.382 loading class org/hibernate/engine/jdbc/internal/Formatter done
Event: 12.382 loading class org/hibernate/engine/jdbc/internal/BasicFormatterImpl
Event: 12.382 loading class org/hibernate/engine/jdbc/internal/BasicFormatterImpl done
Event: 12.383 loading class org/hibernate/engine/jdbc/internal/DDLFormatterImpl
Event: 12.383 loading class org/hibernate/engine/jdbc/internal/DDLFormatterImpl done
Event: 12.384 loading class org/hibernate/engine/jdbc/internal/FormatStyle$NoFormatImpl
Event: 12.384 loading class org/hibernate/engine/jdbc/internal/FormatStyle$NoFormatImpl done
Event: 12.385 loading class com/mysql/jdbc/EscapeProcessor
Event: 12.385 loading class com/mysql/jdbc/EscapeProcessor done


Dynamic libraries:
0x00007ff7e6620000 - 0x00007ff7e6657000 	C:\Program Files\Java\jdk1.8.0_131\bin\java.exe
0x00007ffd9fa50000 - 0x00007ffd9fc21000 	C:\Windows\SYSTEM32\ntdll.dll
0x00007ffd9d140000 - 0x00007ffd9d1ec000 	C:\Windows\System32\KERNEL32.DLL
0x00007ffd9cdc0000 - 0x00007ffd9cfdd000 	C:\Windows\System32\KERNELBASE.dll
0x00007ffd9d830000 - 0x00007ffd9d8d2000 	C:\Windows\System32\ADVAPI32.dll
0x00007ffd9f470000 - 0x00007ffd9f50e000 	C:\Windows\System32\msvcrt.dll
0x00007ffd9f7b0000 - 0x00007ffd9f809000 	C:\Windows\System32\sechost.dll
0x00007ffd9f580000 - 0x00007ffd9f6a1000 	C:\Windows\System32\RPCRT4.dll
0x00007ffd9d6c0000 - 0x00007ffd9d825000 	C:\Windows\System32\USER32.dll
0x00007ffd9c6e0000 - 0x00007ffd9c6fe000 	C:\Windows\System32\win32u.dll
0x00007ffd9f430000 - 0x00007ffd9f464000 	C:\Windows\System32\GDI32.dll
0x00007ffd9c8a0000 - 0x00007ffd9ca20000 	C:\Windows\System32\gdi32full.dll
0x00007ffd927f0000 - 0x00007ffd92a6a000 	C:\Windows\WinSxS\amd64_microsoft.windows.common-controls_6595b64144ccf1df_6.0.14393.953_none_42151e83c686086b\COMCTL32.dll
0x00007ffd9d270000 - 0x00007ffd9d538000 	C:\Windows\System32\combase.dll
0x00007ffd9c700000 - 0x00007ffd9c7f5000 	C:\Windows\System32\ucrtbase.dll
0x00007ffd9cca0000 - 0x00007ffd9cd0a000 	C:\Windows\System32\bcryptPrimitives.dll
0x00007ffd9f720000 - 0x00007ffd9f74e000 	C:\Windows\System32\IMM32.DLL
0x00000000687a0000 - 0x0000000068872000 	C:\Program Files\Java\jdk1.8.0_131\jre\bin\msvcr100.dll
0x0000000067f00000 - 0x000000006879c000 	C:\Program Files\Java\jdk1.8.0_131\jre\bin\server\jvm.dll
0x00007ffd9d6b0000 - 0x00007ffd9d6b8000 	C:\Windows\System32\PSAPI.DLL
0x00007ffd8bdd0000 - 0x00007ffd8bdd9000 	C:\Windows\SYSTEM32\WSOCK32.dll
0x00007ffd99c00000 - 0x00007ffd99c23000 	C:\Windows\SYSTEM32\WINMM.dll
0x00007ffd8cae0000 - 0x00007ffd8caea000 	C:\Windows\SYSTEM32\VERSION.dll
0x00007ffd9f510000 - 0x00007ffd9f57a000 	C:\Windows\System32\WS2_32.dll
0x00000000007c0000 - 0x00000000007eb000 	C:\Windows\SYSTEM32\WINMMBASE.dll
0x00007ffd9cd70000 - 0x00007ffd9cdb2000 	C:\Windows\System32\cfgmgr32.dll
0x0000000067ef0000 - 0x0000000067eff000 	C:\Program Files\Java\jdk1.8.0_131\jre\bin\verify.dll
0x0000000067ec0000 - 0x0000000067ee9000 	C:\Program Files\Java\jdk1.8.0_131\jre\bin\java.dll
0x0000000067e70000 - 0x0000000067e93000 	C:\Program Files\Java\jdk1.8.0_131\jre\bin\instrument.dll
0x0000000067ea0000 - 0x0000000067eb6000 	C:\Program Files\Java\jdk1.8.0_131\jre\bin\zip.dll
0x00007ffd9da30000 - 0x00007ffd9ef38000 	C:\Windows\System32\SHELL32.dll
0x00007ffd9bf50000 - 0x00007ffd9c62a000 	C:\Windows\System32\windows.storage.dll
0x00007ffd9bee0000 - 0x00007ffd9bf2c000 	C:\Windows\System32\powrprof.dll
0x00007ffd9d550000 - 0x00007ffd9d5a2000 	C:\Windows\System32\shlwapi.dll
0x00007ffd9bed0000 - 0x00007ffd9bedf000 	C:\Windows\System32\kernel.appcore.dll
0x00007ffd9c630000 - 0x00007ffd9c6d9000 	C:\Windows\System32\shcore.dll
0x00007ffd9bf30000 - 0x00007ffd9bf44000 	C:\Windows\System32\profapi.dll
0x00007ffd99770000 - 0x00007ffd9978a000 	C:\Program Files\JetBrains\IntelliJ IDEA Community Edition 2017.1.4\bin\breakgen64.dll
0x0000000067e50000 - 0x0000000067e6a000 	C:\Program Files\Java\jdk1.8.0_131\jre\bin\net.dll
0x00007ffd9b7f0000 - 0x00007ffd9b84c000 	C:\Windows\system32\mswsock.dll
0x00007ffd82fc0000 - 0x00007ffd830af000 	C:\Program Files\Java\jdk1.8.0_131\jre\bin\msvcr120.dll
0x00007ffd88350000 - 0x00007ffd883f6000 	C:\Program Files\Java\jdk1.8.0_131\jre\bin\msvcp120.dll
0x0000000067e20000 - 0x0000000067e42000 	C:\Program Files\Java\jdk1.8.0_131\jre\bin\prism_d3d.dll
0x00007ffd88c70000 - 0x00007ffd88dfd000 	C:\Windows\system32\d3d9.dll
0x00007ffd99ea0000 - 0x00007ffd99ec6000 	C:\Windows\SYSTEM32\dwmapi.dll
0x00007ffd9a540000 - 0x00007ffd9a5d5000 	C:\Windows\system32\uxtheme.dll
0x00007ffd75870000 - 0x00007ffd762de000 	C:\Windows\SYSTEM32\igdumdim64.dll
0x00007ffd97550000 - 0x00007ffd979b4000 	C:\Windows\SYSTEM32\igdusc64.dll
0x0000000067dd0000 - 0x0000000067e13000 	C:\Program Files\Java\jdk1.8.0_131\jre\bin\glass.dll
0x00007ffd9d5b0000 - 0x00007ffd9d6aa000 	C:\Windows\System32\COMDLG32.dll
0x00007ffd9d8f0000 - 0x00007ffd9da28000 	C:\Windows\System32\ole32.dll
0x00007ffd9f370000 - 0x00007ffd9f42f000 	C:\Windows\System32\OLEAUT32.dll
0x00007ffd9c800000 - 0x00007ffd9c89c000 	C:\Windows\System32\msvcp_win.dll
0x00007ffd9cfe0000 - 0x00007ffd9d13a000 	C:\Windows\System32\MSCTF.dll
0x0000000067d90000 - 0x0000000067da4000 	C:\Program Files\Java\jdk1.8.0_131\jre\bin\javafx_font.dll
0x00007ffd94ad0000 - 0x00007ffd94d39000 	C:\Windows\SYSTEM32\dwrite.dll
0x00007ffd9f9b0000 - 0x00007ffd9fa4f000 	C:\Windows\System32\clbcatq.dll
0x00007ffd99cf0000 - 0x00007ffd99e98000 	C:\Windows\SYSTEM32\WindowsCodecs.dll
0x00007ffd911c0000 - 0x00007ffd91209000 	C:\Windows\system32\dataexchange.dll
0x00007ffd99fb0000 - 0x00007ffd9a101000 	C:\Windows\system32\dcomp.dll
0x00007ffd98c80000 - 0x00007ffd98f36000 	C:\Windows\system32\d3d11.dll
0x00007ffd9ae40000 - 0x00007ffd9aedf000 	C:\Windows\system32\dxgi.dll
0x00007ffd9aa00000 - 0x00007ffd9ab1c000 	C:\Windows\system32\twinapi.appcore.dll
0x00007ffd9be00000 - 0x00007ffd9be2b000 	C:\Windows\system32\bcrypt.dll
0x00007ffd90460000 - 0x00007ffd90492000 	C:\Program Files\Common Files\Microsoft Shared\Ink\rtscom.dll
0x0000000067d70000 - 0x0000000067d81000 	C:\Program Files\Java\jdk1.8.0_131\jre\bin\prism_common.dll
0x00007ffd99980000 - 0x00007ffd99b05000 	C:\Windows\SYSTEM32\PROPSYS.dll
0x00007ffd832f0000 - 0x00007ffd83388000 	C:\Program Files\Common Files\microsoft shared\ink\tiptsf.dll
0x00007ffd936c0000 - 0x00007ffd93702000 	C:\Windows\SYSTEM32\edputil.dll
0x00007ffd84810000 - 0x00007ffd84c94000 	C:\Windows\system32\explorerframe.dll
0x00007ffd79c90000 - 0x00007ffd79e38000 	C:\Windows\system32\DUI70.dll
0x00007ffd96570000 - 0x00007ffd96604000 	C:\Windows\system32\DUser.dll
0x00007ffd91d20000 - 0x00007ffd91d73000 	C:\Windows\System32\thumbcache.dll
0x00007ffd93290000 - 0x00007ffd932d3000 	C:\Windows\SYSTEM32\policymanager.dll
0x00007ffd9a900000 - 0x00007ffd9a991000 	C:\Windows\SYSTEM32\msvcp110_win.dll
0x00007ffd94940000 - 0x00007ffd94aca000 	C:\Windows\System32\Windows.Globalization.dll
0x00007ffd998c0000 - 0x00007ffd99927000 	C:\Windows\System32\Bcp47Langs.dll
0x00007ffd99800000 - 0x00007ffd9982e000 	C:\Windows\SYSTEM32\globinputhost.dll
0x00007ffd8fde0000 - 0x00007ffd8fe80000 	C:\Windows\System32\StructuredQuery.dll
0x00007ffd969b0000 - 0x00007ffd969cb000 	C:\Windows\SYSTEM32\MPR.dll
0x00007ffd91dd0000 - 0x00007ffd91dd9000 	C:\Windows\SYSTEM32\atlthunk.dll
0x00007ffd82b20000 - 0x00007ffd82b36000 	C:\Windows\System32\ntlanman.dll
0x00007ffd8cad0000 - 0x00007ffd8cadb000 	C:\Windows\System32\drprov.dll
0x00007ffd9b020000 - 0x00007ffd9b076000 	C:\Windows\System32\WINSTA.dll
0x00007ffd82b00000 - 0x00007ffd82b20000 	C:\Windows\System32\davclnt.dll
0x00007ffd88130000 - 0x00007ffd8813c000 	C:\Windows\System32\DAVHLPR.dll
0x00007ffd96d60000 - 0x00007ffd96d76000 	C:\Windows\System32\wkscli.dll
0x00007ffd8bde0000 - 0x00007ffd8bdf2000 	C:\Windows\SYSTEM32\cscapi.dll
0x00007ffd9b660000 - 0x00007ffd9b66d000 	C:\Windows\System32\netutils.dll
0x00007ffd82d80000 - 0x00007ffd82e4a000 	C:\Windows\system32\Windows.Storage.Search.dll
0x00007ffd9a460000 - 0x00007ffd9a4da000 	C:\Windows\SYSTEM32\apphelp.dll
0x00007ffd81b90000 - 0x00007ffd81bdd000 	C:\Windows\System32\dlnashext.dll
0x00007ffd84ea0000 - 0x00007ffd84f10000 	C:\Windows\System32\PlayToDevice.dll
0x00007ffd91320000 - 0x00007ffd91685000 	C:\Windows\System32\ActXPrxy.dll
0x00007ffd923c0000 - 0x00007ffd9243d000 	C:\Windows\System32\twinapi.dll
0x00007ffd91730000 - 0x00007ffd9174e000 	C:\Windows\System32\DevDispItemProvider.dll
0x00007ffd95c10000 - 0x00007ffd95c81000 	C:\Windows\System32\MMDevApi.dll
0x00007ffd9ab80000 - 0x00007ffd9aba8000 	C:\Windows\System32\DEVOBJ.dll
0x00007ffd86c90000 - 0x00007ffd86e26000 	C:\Users\Joshuan\AppData\Local\Microsoft\OneDrive\17.3.6381.0405\amd64\FileSyncShell64.dll
0x00007ffd90720000 - 0x00007ffd90754000 	C:\Users\Joshuan\AppData\Local\Microsoft\OneDrive\17.3.6381.0405\amd64\LoggingPlatform64.DLL
0x00007ffd88570000 - 0x00007ffd8883a000 	C:\Windows\SYSTEM32\WININET.dll
0x00007ffd87e70000 - 0x00007ffd87f60000 	C:\Users\Joshuan\AppData\Local\Microsoft\OneDrive\17.3.6381.0405\amd64\ClientTelemetry.dll
0x00007ffd9b570000 - 0x00007ffd9b5a8000 	C:\Windows\SYSTEM32\IPHLPAPI.DLL
0x00007ffd88ac0000 - 0x00007ffd88be7000 	C:\Windows\system32\NetworkExplorer.dll
0x00007ffd9f6b0000 - 0x00007ffd9f71e000 	C:\Windows\System32\coml2.dll
0x00007ffd83a20000 - 0x00007ffd83d1e000 	C:\Program Files\Microsoft Office\root\Office16\GROOVEEX.DLL
0x00007ffd938c0000 - 0x00007ffd938d6000 	C:\Windows\SYSTEM32\VCRUNTIME140.dll
0x00007ffd87ba0000 - 0x00007ffd87c3c000 	C:\Windows\SYSTEM32\MSVCP140.dll
0x00007ffd89cc0000 - 0x00007ffd89fb2000 	C:\Windows\SYSTEM32\msi.dll
0x0000000020990000 - 0x000000002121f000 	C:\Program Files\Microsoft Office\root\Office16\3082\GrooveIntlResource.dll
0x00007ffd906e0000 - 0x00007ffd90716000 	C:\Windows\System32\EhStorShell.dll
0x00007ffd9ef40000 - 0x00007ffd9f369000 	C:\Windows\System32\SETUPAPI.dll
0x00007ffd91df0000 - 0x00007ffd91e00000 	C:\Windows\SYSTEM32\LINKINFO.dll
0x00007ffd96160000 - 0x00007ffd961fe000 	C:\Windows\System32\PortableDeviceApi.dll
0x00007ffd9cd10000 - 0x00007ffd9cd65000 	C:\Windows\System32\WINTRUST.dll
0x00007ffd9bec0000 - 0x00007ffd9bed0000 	C:\Windows\System32\MSASN1.dll
0x00007ffd9ca20000 - 0x00007ffd9cbe9000 	C:\Windows\System32\CRYPT32.dll
0x00007ffd8e9c0000 - 0x00007ffd8e9e5000 	C:\Windows\System32\EhStorAPI.dll
0x00007ffd998a0000 - 0x00007ffd998b3000 	C:\Windows\System32\WTSAPI32.dll
0x00007ffd8ffb0000 - 0x00007ffd90082000 	C:\Windows\SYSTEM32\ntshrui.dll
0x00007ffd9bb90000 - 0x00007ffd9bbbc000 	C:\Windows\SYSTEM32\SspiCli.dll
0x00007ffd8bee0000 - 0x00007ffd8bf06000 	C:\Windows\SYSTEM32\srvcli.dll
0x00007ffd9b5b0000 - 0x00007ffd9b651000 	C:\Windows\SYSTEM32\DNSAPI.dll
0x00007ffd9d8e0000 - 0x00007ffd9d8e8000 	C:\Windows\System32\NSI.dll
0x00007ffd8f360000 - 0x00007ffd8f36a000 	C:\Windows\System32\rasadhlp.dll
0x00007ffd959e0000 - 0x00007ffd95a4a000 	C:\Windows\System32\fwpuclnt.dll
0x00007ffd9b990000 - 0x00007ffd9b9a7000 	C:\Windows\SYSTEM32\CRYPTSP.dll
0x00007ffd9b3f0000 - 0x00007ffd9b423000 	C:\Windows\system32\rsaenh.dll

VM Arguments:
jvm_args: -javaagent:C:\Program Files\JetBrains\IntelliJ IDEA Community Edition 2017.1.4\lib\idea_rt.jar=58766:C:\Program Files\JetBrains\IntelliJ IDEA Community Edition 2017.1.4\bin -Dfile.encoding=UTF-8 
java_command: gui.StartApp
java_class_path (initial): C:\Program Files\Java\jdk1.8.0_131\jre\lib\charsets.jar;C:\Program Files\Java\jdk1.8.0_131\jre\lib\deploy.jar;C:\Program Files\Java\jdk1.8.0_131\jre\lib\ext\access-bridge-64.jar;C:\Program Files\Java\jdk1.8.0_131\jre\lib\ext\cldrdata.jar;C:\Program Files\Java\jdk1.8.0_131\jre\lib\ext\dnsns.jar;C:\Program Files\Java\jdk1.8.0_131\jre\lib\ext\jaccess.jar;C:\Program Files\Java\jdk1.8.0_131\jre\lib\ext\jfxrt.jar;C:\Program Files\Java\jdk1.8.0_131\jre\lib\ext\localedata.jar;C:\Program Files\Java\jdk1.8.0_131\jre\lib\ext\nashorn.jar;C:\Program Files\Java\jdk1.8.0_131\jre\lib\ext\sunec.jar;C:\Program Files\Java\jdk1.8.0_131\jre\lib\ext\sunjce_provider.jar;C:\Program Files\Java\jdk1.8.0_131\jre\lib\ext\sunmscapi.jar;C:\Program Files\Java\jdk1.8.0_131\jre\lib\ext\sunpkcs11.jar;C:\Program Files\Java\jdk1.8.0_131\jre\lib\ext\zipfs.jar;C:\Program Files\Java\jdk1.8.0_131\jre\lib\javaws.jar;C:\Program Files\Java\jdk1.8.0_131\jre\lib\jce.jar;C:\Program Files\Java\jdk1.8.0_131\jre\lib\jfr.jar;C:\Program Files\Java\jdk1.8.0_131\jre\lib\jfxswt.jar;C:\Program Files\Java\jdk1.8.0_131\jre\lib\jsse.jar;C:\Program Files\Java\jdk1.8.0_131\jre\lib\management-agent.jar;C:\Program Files\Java\jdk1.8.0_131\jre\lib\plugin.jar;C:\Program Files\Java\jdk1.8.0_131\jre\lib\resources.jar;C:\Program Files\Java\jdk1.8.0_131\jre\lib\rt.jar;C:\Users\Joshuan\Documents\IntelliJProjects\Radar\out\production\Radar;C:\Users\Joshuan\Documents\IntelliJProjects\mysql-connector-java-5.1.42-bin.jar;C:\Users\Joshuan\Documents\IntelliJProjects\hibernate_Jars\antlr-2.7.7.jar;C:\Users\Joshuan\Documents\IntelliJProjects\hibernate_Jars\dom4j-1.6.1.jar;C:\Users\Joshuan\Documents\IntelliJProjects\hibernate_Jars\c3p0-0.9.2.1.jar;C:\Users\Joshuan\Documents\IntelliJProjects\hibernate_Jars\slf4j-api-1.6.1.jar;C:\Users\Joshuan\Documents\IntelliJProjects\hibernate_Jars\ehcache-core-2.4.3.jar;C:\Users\Joshuan\Documents\IntelliJProjects\hibernate_Jars\slf4j-simple-1.6.1.jar;C:\Users\Joshuan\Documents\In
Launcher Type: SUN_STANDARD

Environment Variables:
PATH=C:\ProgramData\Oracle\Java\javapath;C:\Windows\system32;C:\Windows;C:\Windows\System32\Wbem;C:\Windows\System32\WindowsPowerShell\v1.0\;C:\Program Files\Java\jdk1.8.0_131\bin;C:\Program Files (x86)\MySQL\MySQL Fabric 1.5 & MySQL Utilities 1.5\;C:\Program Files (x86)\MySQL\MySQL Fabric 1.5 & MySQL Utilities 1.5\Doctrine extensions for PHP\;C:\Users\Joshuan\AppData\Local\Microsoft\WindowsApps;
USERNAME=Joshuan
OS=Windows_NT
PROCESSOR_IDENTIFIER=Intel64 Family 6 Model 58 Stepping 9, GenuineIntel



---------------  S Y S T E M  ---------------

OS: Windows 10.0 , 64 bit Build 14393 (10.0.14393.1198)

CPU:total 4 (initial active 4) (2 cores per cpu, 2 threads per core) family 6 model 58 stepping 9, cmov, cx8, fxsr, mmx, sse, sse2, sse3, ssse3, sse4.1, sse4.2, popcnt, avx, clmul, erms, ht, tsc, tscinvbit, tscinv

Memory: 4k page, physical 4074492k(691888k free), swap 4074492k(4532k free)

vm_info: Java HotSpot(TM) 64-Bit Server VM (25.131-b11) for windows-amd64 JRE (1.8.0_131-b11), built on Mar 15 2017 01:23:53 by "java_re" with MS VC++ 10.0 (VS2010)

time: Thu Jul 20 14:04:29 2017
elapsed time: 12 seconds (0d 0h 0m 12s)

