#
# There is insufficient memory for the Java Runtime Environment to continue.
# Native memory allocation (malloc) failed to allocate 1048576 bytes for AllocateHeap
# Possible reasons:
#   The system is out of physical RAM or swap space
#   In 32 bit mode, the process size limit was hit
# Possible solutions:
#   Reduce memory load on the system
#   Increase physical memory or swap space
#   Check if swap backing store is full
#   Use 64 bit Java on a 64 bit OS
#   Decrease Java heap size (-Xmx/-Xms)
#   Decrease number of Java threads
#   Decrease Java thread stack sizes (-Xss)
#   Set larger code cache with -XX:ReservedCodeCacheSize=
# This output file may be truncated or incomplete.
#
#  Out of Memory Error (memory/allocation.inline.hpp:61), pid=5764, tid=0x0000000000000f00
#
# JRE version:  (8.0_131-b11) (build )
# Java VM: Java HotSpot(TM) 64-Bit Server VM (25.131-b11 mixed mode windows-amd64 compressed oops)
# Failed to write core dump. Minidumps are not enabled by default on client versions of Windows
#

---------------  T H R E A D  ---------------

Current thread (0x0000000003352800):  JavaThread "Unknown thread" [_thread_in_vm, id=3840, stack(0x0000000003010000,0x0000000003110000)]

Stack: [0x0000000003010000,0x0000000003110000]
[error occurred during error reporting (printing stack bounds), id 0xc0000005]

Native frames: (J=compiled Java code, j=interpreted, Vv=VM code, C=native code)


---------------  P R O C E S S  ---------------

Java Threads: ( => current thread )

Other Threads:

=>0x0000000003352800 (exited) JavaThread "Unknown thread" [_thread_in_vm, id=3840, stack(0x0000000003010000,0x0000000003110000)]

VM state:not at safepoint (normal execution)

VM Mutex/Monitor currently owned by a thread: None

Heap:
 PSYoungGen      total 18944K, used 327K [0x00000000eb400000, 0x00000000ec900000, 0x0000000100000000)
  eden space 16384K, 2% used [0x00000000eb400000,0x00000000eb451ec8,0x00000000ec400000)
  from space 2560K, 0% used [0x00000000ec680000,0x00000000ec680000,0x00000000ec900000)
  to   space 2560K, 0% used [0x00000000ec400000,0x00000000ec400000,0x00000000ec680000)
 ParOldGen       total 44032K, used 0K [0x00000000c1c00000, 0x00000000c4700000, 0x00000000eb400000)
  object space 44032K, 0% used [0x00000000c1c00000,0x00000000c1c00000,0x00000000c4700000)
 Metaspace       used 770K, capacity 4480K, committed 4480K, reserved 1056768K
  class space    used 75K, capacity 384K, committed 384K, reserved 1048576K

Card table byte_map: [0x0000000012810000,0x0000000012a10000] byte_map_base: 0x0000000012202000

Marking Bits: (ParMarkBitMap*) 0x0000000061d8c720
 Begin Bits: [0x0000000012f60000, 0x0000000013ef0000)
 End Bits:   [0x0000000013ef0000, 0x0000000014e80000)

Polling page: 0x00000000013d0000

CodeCache: size=245760Kb used=328Kb max_used=328Kb free=245431Kb
 bounds [0x0000000003450000, 0x00000000036c0000, 0x0000000012450000]
 total_blobs=58 nmethods=0 adapters=38
 compilation: enabled

Compilation events (0 events):
No events

GC Heap History (0 events):
No events

Deoptimization events (0 events):
No events

Internal exceptions (0 events):
No events

Events (10 events):
Event: 5.340 loading class java/lang/Short
Event: 5.341 loading class java/lang/Short done
Event: 5.341 loading class java/lang/Integer
Event: 5.342 loading class java/lang/Integer done
Event: 5.342 loading class java/lang/Long
Event: 5.377 loading class java/lang/Long done
Event: 5.496 loading class java/lang/NullPointerException
Event: 5.496 loading class java/lang/NullPointerException done
Event: 5.496 loading class java/lang/ArithmeticException
Event: 5.496 loading class java/lang/ArithmeticException done


Dynamic libraries:
0x00007ff70bdb0000 - 0x00007ff70bde7000 	C:\Program Files\Java\jdk1.8.0_131\bin\java.exe
0x00007ff96d580000 - 0x00007ff96d751000 	C:\Windows\SYSTEM32\ntdll.dll
0x00007ff96b210000 - 0x00007ff96b2bc000 	C:\Windows\System32\KERNEL32.DLL
0x00007ff969de0000 - 0x00007ff969ffd000 	C:\Windows\System32\KERNELBASE.dll
0x00007ff96d040000 - 0x00007ff96d0e2000 	C:\Windows\System32\ADVAPI32.dll
0x00007ff96b170000 - 0x00007ff96b20e000 	C:\Windows\System32\msvcrt.dll
0x00007ff96ab10000 - 0x00007ff96ab69000 	C:\Windows\System32\sechost.dll
0x00007ff96d2b0000 - 0x00007ff96d3d1000 	C:\Windows\System32\RPCRT4.dll
0x00007ff96ced0000 - 0x00007ff96d035000 	C:\Windows\System32\USER32.dll
0x00007ff96a000000 - 0x00007ff96a01e000 	C:\Windows\System32\win32u.dll
0x00007ff96ce90000 - 0x00007ff96cec4000 	C:\Windows\System32\GDI32.dll
0x00007ff96a990000 - 0x00007ff96ab10000 	C:\Windows\System32\gdi32full.dll
0x00007ff960240000 - 0x00007ff9604ba000 	C:\Windows\WinSxS\amd64_microsoft.windows.common-controls_6595b64144ccf1df_6.0.14393.953_none_42151e83c686086b\COMCTL32.dll
0x00007ff96b590000 - 0x00007ff96b858000 	C:\Windows\System32\combase.dll
0x00007ff969ce0000 - 0x00007ff969dd5000 	C:\Windows\System32\ucrtbase.dll
0x00007ff96a700000 - 0x00007ff96a76a000 	C:\Windows\System32\bcryptPrimitives.dll
0x00007ff96b560000 - 0x00007ff96b58e000 	C:\Windows\System32\IMM32.DLL
0x0000000061e10000 - 0x0000000061ee2000 	C:\Program Files\Java\jdk1.8.0_131\jre\bin\msvcr100.dll
0x0000000061570000 - 0x0000000061e0c000 	C:\Program Files\Java\jdk1.8.0_131\jre\bin\server\jvm.dll
0x00007ff96ab70000 - 0x00007ff96ab78000 	C:\Windows\System32\PSAPI.DLL
0x00007ff95fe80000 - 0x00007ff95fe8a000 	C:\Windows\SYSTEM32\VERSION.dll
0x00007ff967600000 - 0x00007ff967623000 	C:\Windows\SYSTEM32\WINMM.dll
0x00007ff9573d0000 - 0x00007ff9573d9000 	C:\Windows\SYSTEM32\WSOCK32.dll
0x00007ff96b420000 - 0x00007ff96b48a000 	C:\Windows\System32\WS2_32.dll
0x00007ff9675d0000 - 0x00007ff9675fb000 	C:\Windows\SYSTEM32\WINMMBASE.dll
0x00007ff96a770000 - 0x00007ff96a7b2000 	C:\Windows\System32\cfgmgr32.dll
0x0000000061560000 - 0x000000006156f000 	C:\Program Files\Java\jdk1.8.0_131\jre\bin\verify.dll
0x0000000061530000 - 0x0000000061559000 	C:\Program Files\Java\jdk1.8.0_131\jre\bin\java.dll
0x0000000061500000 - 0x0000000061523000 	C:\Program Files\Java\jdk1.8.0_131\jre\bin\instrument.dll
0x00000000614e0000 - 0x00000000614f6000 	C:\Program Files\Java\jdk1.8.0_131\jre\bin\zip.dll

VM Arguments:
jvm_args: -javaagent:C:\Program Files\JetBrains\IntelliJ IDEA Community Edition 2017.1.4\lib\idea_rt.jar=51937:C:\Program Files\JetBrains\IntelliJ IDEA Community Edition 2017.1.4\bin -Dfile.encoding=UTF-8 
java_command: sample.TestClass
java_class_path (initial): C:\Program Files\Java\jdk1.8.0_131\jre\lib\charsets.jar;C:\Program Files\Java\jdk1.8.0_131\jre\lib\deploy.jar;C:\Program Files\Java\jdk1.8.0_131\jre\lib\ext\access-bridge-64.jar;C:\Program Files\Java\jdk1.8.0_131\jre\lib\ext\cldrdata.jar;C:\Program Files\Java\jdk1.8.0_131\jre\lib\ext\dnsns.jar;C:\Program Files\Java\jdk1.8.0_131\jre\lib\ext\jaccess.jar;C:\Program Files\Java\jdk1.8.0_131\jre\lib\ext\jfxrt.jar;C:\Program Files\Java\jdk1.8.0_131\jre\lib\ext\localedata.jar;C:\Program Files\Java\jdk1.8.0_131\jre\lib\ext\nashorn.jar;C:\Program Files\Java\jdk1.8.0_131\jre\lib\ext\sunec.jar;C:\Program Files\Java\jdk1.8.0_131\jre\lib\ext\sunjce_provider.jar;C:\Program Files\Java\jdk1.8.0_131\jre\lib\ext\sunmscapi.jar;C:\Program Files\Java\jdk1.8.0_131\jre\lib\ext\sunpkcs11.jar;C:\Program Files\Java\jdk1.8.0_131\jre\lib\ext\zipfs.jar;C:\Program Files\Java\jdk1.8.0_131\jre\lib\javaws.jar;C:\Program Files\Java\jdk1.8.0_131\jre\lib\jce.jar;C:\Program Files\Java\jdk1.8.0_131\jre\lib\jfr.jar;C:\Program Files\Java\jdk1.8.0_131\jre\lib\jfxswt.jar;C:\Program Files\Java\jdk1.8.0_131\jre\lib\jsse.jar;C:\Program Files\Java\jdk1.8.0_131\jre\lib\management-agent.jar;C:\Program Files\Java\jdk1.8.0_131\jre\lib\plugin.jar;C:\Program Files\Java\jdk1.8.0_131\jre\lib\resources.jar;C:\Program Files\Java\jdk1.8.0_131\jre\lib\rt.jar;C:\Users\Joshuan\Documents\IntelliJProjects\Radar\out\production\Radar;C:\Users\Joshuan\Documents\IntelliJProjects\mysql-connector-java-5.1.42-bin.jar;G:\hibernate\antlr-2.7.7.jar;G:\hibernate\c3p0-0.9.2.1.jar;G:\hibernate\dom4j-1.6.1.jar;G:\hibernate\ehcache-core-2.4.3.jar;G:\hibernate\hibernate-c3p0-4.3.1.Final.jar;G:\hibernate\hibernate-commons-annotations-4.0.4.Final.jar;G:\hibernate\hibernate-core-4.3.1.Final.jar;G:\hibernate\hibernate-ehcache-4.3.1.Final.jar;G:\hibernate\hibernate-entitymanager-4.3.1.Final.jar;G:\hibernate\hibernate-jpa-2.1-api-1.0.0.Final.jar;G:\hibernate\javassist-3.18.1-GA.jar;G:\hibernate\jboss-logging-3.1.3.GA.jar
Launcher Type: SUN_STANDARD

Environment Variables:
PATH=C:\ProgramData\Oracle\Java\javapath;C:\Windows\system32;C:\Windows;C:\Windows\System32\Wbem;C:\Windows\System32\WindowsPowerShell\v1.0\;C:\Program Files\Java\jdk1.8.0_131\bin;C:\Program Files (x86)\MySQL\MySQL Fabric 1.5 & MySQL Utilities 1.5\;C:\Program Files (x86)\MySQL\MySQL Fabric 1.5 & MySQL Utilities 1.5\Doctrine extensions for PHP\;C:\Users\Joshuan\AppData\Local\Microsoft\WindowsApps;
USERNAME=Joshuan
OS=Windows_NT
PROCESSOR_IDENTIFIER=Intel64 Family 6 Model 58 Stepping 9, GenuineIntel



---------------  S Y S T E M  ---------------

OS: Windows 10.0 , 64 bit Build 14393 (10.0.14393.1198)

CPU:total 4 (initial active 4) (2 cores per cpu, 2 threads per core) family 6 model 58 stepping 9, cmov, cx8, fxsr, mmx, sse, sse2, sse3, ssse3, sse4.1, sse4.2, popcnt, avx, clmul, erms, ht, tsc, tscinvbit, tscinv

Memory: 4k page, physical 4074492k(829428k free), swap 4074492k(6428k free)

vm_info: Java HotSpot(TM) 64-Bit Server VM (25.131-b11) for windows-amd64 JRE (1.8.0_131-b11), built on Mar 15 2017 01:23:53 by "java_re" with MS VC++ 10.0 (VS2010)

time: Wed Jul 19 00:31:51 2017
elapsed time: 5 seconds (0d 0h 0m 5s)

